[0.068s] DEBUG:colcon:Command line arguments: ['/usr/bin/colcon', 'build']
[0.068s] DEBUG:colcon:Parsed command line arguments: Namespace(log_base=None, log_level=None, verb_name='build', build_base='build', install_base='install', merge_install=False, symlink_install=False, test_result_base=None, continue_on_error=False, executor='parallel', parallel_workers=8, event_handlers=None, ignore_user_meta=False, metas=['./colcon.meta'], base_paths=['.'], packages_ignore=None, packages_ignore_regex=None, paths=None, packages_up_to=None, packages_up_to_regex=None, packages_above=None, packages_above_and_dependencies=None, packages_above_depth=None, packages_select_by_dep=None, packages_skip_by_dep=None, packages_skip_up_to=None, packages_select_build_failed=False, packages_skip_build_finished=False, packages_select_test_failures=False, packages_skip_test_passed=False, packages_select=None, packages_skip=None, packages_select_regex=None, packages_skip_regex=None, packages_start=None, packages_end=None, allow_overriding=[], cmake_args=None, cmake_target=None, cmake_target_skip_unavailable=False, cmake_clean_cache=False, cmake_clean_first=False, cmake_force_configure=False, ament_cmake_args=None, catkin_cmake_args=None, catkin_skip_building_tests=False, mixin_files=None, mixin=None, verb_parser=<colcon_mixin.mixin.mixin_argument.MixinArgumentDecorator object at 0x75d088692960>, verb_extension=<colcon_core.verb.build.BuildVerb object at 0x75d0887ace60>, main=<bound method BuildVerb.main of <colcon_core.verb.build.BuildVerb object at 0x75d0887ace60>>, mixin_verb=('build',))
[0.092s] Level 1:colcon.colcon_core.package_discovery:discover_packages(colcon_meta) check parameters
[0.092s] Level 1:colcon.colcon_core.package_discovery:discover_packages(recursive) check parameters
[0.092s] Level 1:colcon.colcon_core.package_discovery:discover_packages(ignore) check parameters
[0.092s] Level 1:colcon.colcon_core.package_discovery:discover_packages(path) check parameters
[0.092s] Level 1:colcon.colcon_core.package_discovery:discover_packages(colcon_meta) discover
[0.092s] Level 1:colcon.colcon_core.package_discovery:discover_packages(recursive) discover
[0.092s] INFO:colcon.colcon_core.package_discovery:Crawling recursively for packages in '/home/hue/ros2_ws/src'
[0.092s] Level 1:colcon.colcon_core.package_identification:_identify(.) by extensions ['ignore', 'ignore_ament_install']
[0.092s] Level 1:colcon.colcon_core.package_identification:_identify(.) by extension 'ignore'
[0.092s] Level 1:colcon.colcon_core.package_identification:_identify(.) by extension 'ignore_ament_install'
[0.092s] Level 1:colcon.colcon_core.package_identification:_identify(.) by extensions ['colcon_pkg']
[0.093s] Level 1:colcon.colcon_core.package_identification:_identify(.) by extension 'colcon_pkg'
[0.093s] Level 1:colcon.colcon_core.package_identification:_identify(.) by extensions ['colcon_meta']
[0.093s] Level 1:colcon.colcon_core.package_identification:_identify(.) by extension 'colcon_meta'
[0.093s] Level 1:colcon.colcon_core.package_identification:_identify(.) by extensions ['ros']
[0.093s] Level 1:colcon.colcon_core.package_identification:_identify(.) by extension 'ros'
[0.110s] Level 1:colcon.colcon_core.package_identification:_identify(.) by extensions ['cmake', 'python']
[0.110s] Level 1:colcon.colcon_core.package_identification:_identify(.) by extension 'cmake'
[0.110s] Level 1:colcon.colcon_core.package_identification:_identify(.) by extension 'python'
[0.110s] Level 1:colcon.colcon_core.package_identification:_identify(.) by extensions ['python_setup_py']
[0.110s] Level 1:colcon.colcon_core.package_identification:_identify(.) by extension 'python_setup_py'
[0.110s] Level 1:colcon.colcon_core.package_identification:_identify(arduino_reader) by extensions ['ignore', 'ignore_ament_install']
[0.110s] Level 1:colcon.colcon_core.package_identification:_identify(arduino_reader) by extension 'ignore'
[0.110s] Level 1:colcon.colcon_core.package_identification:_identify(arduino_reader) by extension 'ignore_ament_install'
[0.111s] Level 1:colcon.colcon_core.package_identification:_identify(arduino_reader) by extensions ['colcon_pkg']
[0.111s] Level 1:colcon.colcon_core.package_identification:_identify(arduino_reader) by extension 'colcon_pkg'
[0.111s] Level 1:colcon.colcon_core.package_identification:_identify(arduino_reader) by extensions ['colcon_meta']
[0.111s] Level 1:colcon.colcon_core.package_identification:_identify(arduino_reader) by extension 'colcon_meta'
[0.111s] Level 1:colcon.colcon_core.package_identification:_identify(arduino_reader) by extensions ['ros']
[0.111s] Level 1:colcon.colcon_core.package_identification:_identify(arduino_reader) by extension 'ros'
[0.112s] DEBUG:colcon.colcon_core.package_identification:Package 'arduino_reader' with type 'ros.ament_python' and name 'arduino_reader'
[0.112s] Level 1:colcon.colcon_core.package_identification:_identify(build) by extensions ['ignore', 'ignore_ament_install']
[0.112s] Level 1:colcon.colcon_core.package_identification:_identify(build) by extension 'ignore'
[0.112s] Level 1:colcon.colcon_core.package_identification:_identify(build) ignored
[0.112s] Level 1:colcon.colcon_core.package_identification:_identify(custom_msg) by extensions ['ignore', 'ignore_ament_install']
[0.112s] Level 1:colcon.colcon_core.package_identification:_identify(custom_msg) by extension 'ignore'
[0.113s] Level 1:colcon.colcon_core.package_identification:_identify(custom_msg) by extension 'ignore_ament_install'
[0.113s] Level 1:colcon.colcon_core.package_identification:_identify(custom_msg) by extensions ['colcon_pkg']
[0.113s] Level 1:colcon.colcon_core.package_identification:_identify(custom_msg) by extension 'colcon_pkg'
[0.113s] Level 1:colcon.colcon_core.package_identification:_identify(custom_msg) by extensions ['colcon_meta']
[0.113s] Level 1:colcon.colcon_core.package_identification:_identify(custom_msg) by extension 'colcon_meta'
[0.113s] Level 1:colcon.colcon_core.package_identification:_identify(custom_msg) by extensions ['ros']
[0.113s] Level 1:colcon.colcon_core.package_identification:_identify(custom_msg) by extension 'ros'
[0.113s] DEBUG:colcon.colcon_core.package_identification:Package 'custom_msg' with type 'ros.ament_cmake' and name 'custom_msg'
[0.113s] Level 1:colcon.colcon_core.package_identification:_identify(get_waypoints) by extensions ['ignore', 'ignore_ament_install']
[0.113s] Level 1:colcon.colcon_core.package_identification:_identify(get_waypoints) by extension 'ignore'
[0.113s] Level 1:colcon.colcon_core.package_identification:_identify(get_waypoints) by extension 'ignore_ament_install'
[0.113s] Level 1:colcon.colcon_core.package_identification:_identify(get_waypoints) by extensions ['colcon_pkg']
[0.113s] Level 1:colcon.colcon_core.package_identification:_identify(get_waypoints) by extension 'colcon_pkg'
[0.113s] Level 1:colcon.colcon_core.package_identification:_identify(get_waypoints) by extensions ['colcon_meta']
[0.113s] Level 1:colcon.colcon_core.package_identification:_identify(get_waypoints) by extension 'colcon_meta'
[0.113s] Level 1:colcon.colcon_core.package_identification:_identify(get_waypoints) by extensions ['ros']
[0.113s] Level 1:colcon.colcon_core.package_identification:_identify(get_waypoints) by extension 'ros'
[0.113s] DEBUG:colcon.colcon_core.package_identification:Package 'get_waypoints' with type 'ros.ament_python' and name 'get_waypoints'
[0.113s] Level 1:colcon.colcon_core.package_identification:_identify(gps_publisher) by extensions ['ignore', 'ignore_ament_install']
[0.114s] Level 1:colcon.colcon_core.package_identification:_identify(gps_publisher) by extension 'ignore'
[0.114s] Level 1:colcon.colcon_core.package_identification:_identify(gps_publisher) by extension 'ignore_ament_install'
[0.114s] Level 1:colcon.colcon_core.package_identification:_identify(gps_publisher) by extensions ['colcon_pkg']
[0.114s] Level 1:colcon.colcon_core.package_identification:_identify(gps_publisher) by extension 'colcon_pkg'
[0.114s] Level 1:colcon.colcon_core.package_identification:_identify(gps_publisher) by extensions ['colcon_meta']
[0.114s] Level 1:colcon.colcon_core.package_identification:_identify(gps_publisher) by extension 'colcon_meta'
[0.114s] Level 1:colcon.colcon_core.package_identification:_identify(gps_publisher) by extensions ['ros']
[0.114s] Level 1:colcon.colcon_core.package_identification:_identify(gps_publisher) by extension 'ros'
[0.114s] DEBUG:colcon.colcon_core.package_identification:Package 'gps_publisher' with type 'ros.ament_python' and name 'gps_publisher'
[0.114s] Level 1:colcon.colcon_core.package_identification:_identify(install) by extensions ['ignore', 'ignore_ament_install']
[0.114s] Level 1:colcon.colcon_core.package_identification:_identify(install) by extension 'ignore'
[0.114s] Level 1:colcon.colcon_core.package_identification:_identify(install) ignored
[0.114s] Level 1:colcon.colcon_core.package_identification:_identify(log) by extensions ['ignore', 'ignore_ament_install']
[0.114s] Level 1:colcon.colcon_core.package_identification:_identify(log) by extension 'ignore'
[0.114s] Level 1:colcon.colcon_core.package_identification:_identify(log) ignored
[0.114s] Level 1:colcon.colcon_core.package_identification:_identify(navigator) by extensions ['ignore', 'ignore_ament_install']
[0.114s] Level 1:colcon.colcon_core.package_identification:_identify(navigator) by extension 'ignore'
[0.114s] Level 1:colcon.colcon_core.package_identification:_identify(navigator) by extension 'ignore_ament_install'
[0.114s] Level 1:colcon.colcon_core.package_identification:_identify(navigator) by extensions ['colcon_pkg']
[0.114s] Level 1:colcon.colcon_core.package_identification:_identify(navigator) by extension 'colcon_pkg'
[0.114s] Level 1:colcon.colcon_core.package_identification:_identify(navigator) by extensions ['colcon_meta']
[0.114s] Level 1:colcon.colcon_core.package_identification:_identify(navigator) by extension 'colcon_meta'
[0.114s] Level 1:colcon.colcon_core.package_identification:_identify(navigator) by extensions ['ros']
[0.114s] Level 1:colcon.colcon_core.package_identification:_identify(navigator) by extension 'ros'
[0.115s] DEBUG:colcon.colcon_core.package_identification:Package 'navigator' with type 'ros.ament_python' and name 'navigator'
[0.115s] Level 1:colcon.colcon_core.package_discovery:discover_packages(recursive) using defaults
[0.115s] Level 1:colcon.colcon_core.package_discovery:discover_packages(ignore) discover
[0.115s] Level 1:colcon.colcon_core.package_discovery:discover_packages(ignore) using defaults
[0.115s] Level 1:colcon.colcon_core.package_discovery:discover_packages(path) discover
[0.115s] Level 1:colcon.colcon_core.package_discovery:discover_packages(path) using defaults
[0.127s] Level 1:colcon.colcon_core.package_discovery:discover_packages(prefix_path) check parameters
[0.127s] Level 1:colcon.colcon_core.package_discovery:discover_packages(prefix_path) discover
[0.128s] DEBUG:colcon.colcon_installed_package_information.package_discovery:Found 5 installed packages in /home/hue/ros2_ws/install
[0.129s] DEBUG:colcon.colcon_installed_package_information.package_discovery:Found 285 installed packages in /opt/ros/jazzy
[0.130s] Level 1:colcon.colcon_core.package_discovery:discover_packages(prefix_path) using defaults
[0.153s] Level 5:colcon.colcon_core.verb:set package 'custom_msg' build argument 'cmake_args' from command line to 'None'
[0.153s] Level 5:colcon.colcon_core.verb:set package 'custom_msg' build argument 'cmake_target' from command line to 'None'
[0.153s] Level 5:colcon.colcon_core.verb:set package 'custom_msg' build argument 'cmake_target_skip_unavailable' from command line to 'False'
[0.153s] Level 5:colcon.colcon_core.verb:set package 'custom_msg' build argument 'cmake_clean_cache' from command line to 'False'
[0.153s] Level 5:colcon.colcon_core.verb:set package 'custom_msg' build argument 'cmake_clean_first' from command line to 'False'
[0.153s] Level 5:colcon.colcon_core.verb:set package 'custom_msg' build argument 'cmake_force_configure' from command line to 'False'
[0.153s] Level 5:colcon.colcon_core.verb:set package 'custom_msg' build argument 'ament_cmake_args' from command line to 'None'
[0.153s] Level 5:colcon.colcon_core.verb:set package 'custom_msg' build argument 'catkin_cmake_args' from command line to 'None'
[0.153s] Level 5:colcon.colcon_core.verb:set package 'custom_msg' build argument 'catkin_skip_building_tests' from command line to 'False'
[0.153s] DEBUG:colcon.colcon_core.verb:Building package 'custom_msg' with the following arguments: {'ament_cmake_args': None, 'build_base': '/home/hue/ros2_ws/src/build/custom_msg', 'catkin_cmake_args': None, 'catkin_skip_building_tests': False, 'cmake_args': None, 'cmake_clean_cache': False, 'cmake_clean_first': False, 'cmake_force_configure': False, 'cmake_target': None, 'cmake_target_skip_unavailable': False, 'install_base': '/home/hue/ros2_ws/src/install/custom_msg', 'merge_install': False, 'path': '/home/hue/ros2_ws/src/custom_msg', 'symlink_install': False, 'test_result_base': None}
[0.153s] Level 5:colcon.colcon_core.verb:set package 'get_waypoints' build argument 'cmake_args' from command line to 'None'
[0.153s] Level 5:colcon.colcon_core.verb:set package 'get_waypoints' build argument 'cmake_target' from command line to 'None'
[0.153s] Level 5:colcon.colcon_core.verb:set package 'get_waypoints' build argument 'cmake_target_skip_unavailable' from command line to 'False'
[0.153s] Level 5:colcon.colcon_core.verb:set package 'get_waypoints' build argument 'cmake_clean_cache' from command line to 'False'
[0.153s] Level 5:colcon.colcon_core.verb:set package 'get_waypoints' build argument 'cmake_clean_first' from command line to 'False'
[0.153s] Level 5:colcon.colcon_core.verb:set package 'get_waypoints' build argument 'cmake_force_configure' from command line to 'False'
[0.153s] Level 5:colcon.colcon_core.verb:set package 'get_waypoints' build argument 'ament_cmake_args' from command line to 'None'
[0.153s] Level 5:colcon.colcon_core.verb:set package 'get_waypoints' build argument 'catkin_cmake_args' from command line to 'None'
[0.154s] Level 5:colcon.colcon_core.verb:set package 'get_waypoints' build argument 'catkin_skip_building_tests' from command line to 'False'
[0.154s] DEBUG:colcon.colcon_core.verb:Building package 'get_waypoints' with the following arguments: {'ament_cmake_args': None, 'build_base': '/home/hue/ros2_ws/src/build/get_waypoints', 'catkin_cmake_args': None, 'catkin_skip_building_tests': False, 'cmake_args': None, 'cmake_clean_cache': False, 'cmake_clean_first': False, 'cmake_force_configure': False, 'cmake_target': None, 'cmake_target_skip_unavailable': False, 'install_base': '/home/hue/ros2_ws/src/install/get_waypoints', 'merge_install': False, 'path': '/home/hue/ros2_ws/src/get_waypoints', 'symlink_install': False, 'test_result_base': None}
[0.154s] Level 5:colcon.colcon_core.verb:set package 'gps_publisher' build argument 'cmake_args' from command line to 'None'
[0.154s] Level 5:colcon.colcon_core.verb:set package 'gps_publisher' build argument 'cmake_target' from command line to 'None'
[0.154s] Level 5:colcon.colcon_core.verb:set package 'gps_publisher' build argument 'cmake_target_skip_unavailable' from command line to 'False'
[0.154s] Level 5:colcon.colcon_core.verb:set package 'gps_publisher' build argument 'cmake_clean_cache' from command line to 'False'
[0.154s] Level 5:colcon.colcon_core.verb:set package 'gps_publisher' build argument 'cmake_clean_first' from command line to 'False'
[0.154s] Level 5:colcon.colcon_core.verb:set package 'gps_publisher' build argument 'cmake_force_configure' from command line to 'False'
[0.154s] Level 5:colcon.colcon_core.verb:set package 'gps_publisher' build argument 'ament_cmake_args' from command line to 'None'
[0.154s] Level 5:colcon.colcon_core.verb:set package 'gps_publisher' build argument 'catkin_cmake_args' from command line to 'None'
[0.154s] Level 5:colcon.colcon_core.verb:set package 'gps_publisher' build argument 'catkin_skip_building_tests' from command line to 'False'
[0.154s] DEBUG:colcon.colcon_core.verb:Building package 'gps_publisher' with the following arguments: {'ament_cmake_args': None, 'build_base': '/home/hue/ros2_ws/src/build/gps_publisher', 'catkin_cmake_args': None, 'catkin_skip_building_tests': False, 'cmake_args': None, 'cmake_clean_cache': False, 'cmake_clean_first': False, 'cmake_force_configure': False, 'cmake_target': None, 'cmake_target_skip_unavailable': False, 'install_base': '/home/hue/ros2_ws/src/install/gps_publisher', 'merge_install': False, 'path': '/home/hue/ros2_ws/src/gps_publisher', 'symlink_install': False, 'test_result_base': None}
[0.154s] Level 5:colcon.colcon_core.verb:set package 'arduino_reader' build argument 'cmake_args' from command line to 'None'
[0.154s] Level 5:colcon.colcon_core.verb:set package 'arduino_reader' build argument 'cmake_target' from command line to 'None'
[0.154s] Level 5:colcon.colcon_core.verb:set package 'arduino_reader' build argument 'cmake_target_skip_unavailable' from command line to 'False'
[0.154s] Level 5:colcon.colcon_core.verb:set package 'arduino_reader' build argument 'cmake_clean_cache' from command line to 'False'
[0.154s] Level 5:colcon.colcon_core.verb:set package 'arduino_reader' build argument 'cmake_clean_first' from command line to 'False'
[0.154s] Level 5:colcon.colcon_core.verb:set package 'arduino_reader' build argument 'cmake_force_configure' from command line to 'False'
[0.154s] Level 5:colcon.colcon_core.verb:set package 'arduino_reader' build argument 'ament_cmake_args' from command line to 'None'
[0.154s] Level 5:colcon.colcon_core.verb:set package 'arduino_reader' build argument 'catkin_cmake_args' from command line to 'None'
[0.154s] Level 5:colcon.colcon_core.verb:set package 'arduino_reader' build argument 'catkin_skip_building_tests' from command line to 'False'
[0.154s] DEBUG:colcon.colcon_core.verb:Building package 'arduino_reader' with the following arguments: {'ament_cmake_args': None, 'build_base': '/home/hue/ros2_ws/src/build/arduino_reader', 'catkin_cmake_args': None, 'catkin_skip_building_tests': False, 'cmake_args': None, 'cmake_clean_cache': False, 'cmake_clean_first': False, 'cmake_force_configure': False, 'cmake_target': None, 'cmake_target_skip_unavailable': False, 'install_base': '/home/hue/ros2_ws/src/install/arduino_reader', 'merge_install': False, 'path': '/home/hue/ros2_ws/src/arduino_reader', 'symlink_install': False, 'test_result_base': None}
[0.154s] Level 5:colcon.colcon_core.verb:set package 'navigator' build argument 'cmake_args' from command line to 'None'
[0.154s] Level 5:colcon.colcon_core.verb:set package 'navigator' build argument 'cmake_target' from command line to 'None'
[0.154s] Level 5:colcon.colcon_core.verb:set package 'navigator' build argument 'cmake_target_skip_unavailable' from command line to 'False'
[0.154s] Level 5:colcon.colcon_core.verb:set package 'navigator' build argument 'cmake_clean_cache' from command line to 'False'
[0.154s] Level 5:colcon.colcon_core.verb:set package 'navigator' build argument 'cmake_clean_first' from command line to 'False'
[0.154s] Level 5:colcon.colcon_core.verb:set package 'navigator' build argument 'cmake_force_configure' from command line to 'False'
[0.154s] Level 5:colcon.colcon_core.verb:set package 'navigator' build argument 'ament_cmake_args' from command line to 'None'
[0.154s] Level 5:colcon.colcon_core.verb:set package 'navigator' build argument 'catkin_cmake_args' from command line to 'None'
[0.154s] Level 5:colcon.colcon_core.verb:set package 'navigator' build argument 'catkin_skip_building_tests' from command line to 'False'
[0.154s] DEBUG:colcon.colcon_core.verb:Building package 'navigator' with the following arguments: {'ament_cmake_args': None, 'build_base': '/home/hue/ros2_ws/src/build/navigator', 'catkin_cmake_args': None, 'catkin_skip_building_tests': False, 'cmake_args': None, 'cmake_clean_cache': False, 'cmake_clean_first': False, 'cmake_force_configure': False, 'cmake_target': None, 'cmake_target_skip_unavailable': False, 'install_base': '/home/hue/ros2_ws/src/install/navigator', 'merge_install': False, 'path': '/home/hue/ros2_ws/src/navigator', 'symlink_install': False, 'test_result_base': None}
[0.154s] INFO:colcon.colcon_core.executor:Executing jobs using 'parallel' executor
[0.155s] DEBUG:colcon.colcon_parallel_executor.executor.parallel:run_until_complete
[0.155s] INFO:colcon.colcon_ros.task.ament_cmake.build:Building ROS package in '/home/hue/ros2_ws/src/custom_msg' with build type 'ament_cmake'
[0.155s] INFO:colcon.colcon_cmake.task.cmake.build:Building CMake package in '/home/hue/ros2_ws/src/custom_msg'
[0.156s] INFO:colcon.colcon_core.plugin_system:Skipping extension 'colcon_core.shell.bat': Not used on non-Windows systems
[0.157s] INFO:colcon.colcon_core.shell:Skip shell extension 'powershell' for command environment: Not usable outside of PowerShell
[0.157s] DEBUG:colcon.colcon_core.shell:Skip shell extension 'dsv' for command environment
[0.159s] INFO:colcon.colcon_ros.task.ament_python.build:Building ROS package in '/home/hue/ros2_ws/src/get_waypoints' with build type 'ament_python'
[0.159s] Level 1:colcon.colcon_core.shell:create_environment_hook('get_waypoints', 'ament_prefix_path')
[0.159s] INFO:colcon.colcon_core.shell:Creating environment hook '/home/hue/ros2_ws/src/install/get_waypoints/share/get_waypoints/hook/ament_prefix_path.ps1'
[0.159s] INFO:colcon.colcon_core.shell:Creating environment descriptor '/home/hue/ros2_ws/src/install/get_waypoints/share/get_waypoints/hook/ament_prefix_path.dsv'
[0.160s] INFO:colcon.colcon_core.shell:Creating environment hook '/home/hue/ros2_ws/src/install/get_waypoints/share/get_waypoints/hook/ament_prefix_path.sh'
[0.160s] INFO:colcon.colcon_core.shell:Skip shell extension 'powershell' for command environment: Not usable outside of PowerShell
[0.160s] DEBUG:colcon.colcon_core.shell:Skip shell extension 'dsv' for command environment
[0.162s] INFO:colcon.colcon_ros.task.ament_python.build:Building ROS package in '/home/hue/ros2_ws/src/gps_publisher' with build type 'ament_python'
[0.162s] Level 1:colcon.colcon_core.shell:create_environment_hook('gps_publisher', 'ament_prefix_path')
[0.162s] INFO:colcon.colcon_core.shell:Creating environment hook '/home/hue/ros2_ws/src/install/gps_publisher/share/gps_publisher/hook/ament_prefix_path.ps1'
[0.162s] INFO:colcon.colcon_core.shell:Creating environment descriptor '/home/hue/ros2_ws/src/install/gps_publisher/share/gps_publisher/hook/ament_prefix_path.dsv'
[0.162s] INFO:colcon.colcon_core.shell:Creating environment hook '/home/hue/ros2_ws/src/install/gps_publisher/share/gps_publisher/hook/ament_prefix_path.sh'
[0.163s] INFO:colcon.colcon_core.shell:Skip shell extension 'powershell' for command environment: Not usable outside of PowerShell
[0.163s] DEBUG:colcon.colcon_core.shell:Skip shell extension 'dsv' for command environment
[0.167s] DEBUG:colcon.colcon_core.event_handler.log_command:Invoking command in '/home/hue/ros2_ws/src/build/custom_msg': CMAKE_PREFIX_PATH=${CMAKE_PREFIX_PATH}:/home/hue/ros2_ws/install/navigator:/home/hue/ros2_ws/install/gps_publisher:/home/hue/ros2_ws/install/get_waypoints:/home/hue/ros2_ws/install/arduino_reader:/opt/ros/jazzy DEBUGINFOD_URLS=https://debuginfod.ubuntu.com /usr/bin/cmake /home/hue/ros2_ws/src/custom_msg -DCMAKE_INSTALL_PREFIX=/home/hue/ros2_ws/src/install/custom_msg
[0.307s] INFO:colcon.colcon_core.task.python.build:Building Python package in '/home/hue/ros2_ws/src/get_waypoints'
[0.307s] INFO:colcon.colcon_core.shell:Skip shell extension 'powershell' for command environment: Not usable outside of PowerShell
[0.307s] DEBUG:colcon.colcon_core.shell:Skip shell extension 'dsv' for command environment
[0.456s] INFO:colcon.colcon_core.task.python.build:Building Python package in '/home/hue/ros2_ws/src/gps_publisher'
[0.456s] INFO:colcon.colcon_core.shell:Skip shell extension 'powershell' for command environment: Not usable outside of PowerShell
[0.456s] DEBUG:colcon.colcon_core.shell:Skip shell extension 'dsv' for command environment
[0.838s] DEBUG:colcon.colcon_core.event_handler.log_command:Invoking command in '/home/hue/ros2_ws/src/gps_publisher': DEBUGINFOD_URLS=https://debuginfod.ubuntu.com PYTHONPATH=/home/hue/ros2_ws/src/build/gps_publisher/prefix_override:/usr/lib/python3/dist-packages/colcon_core/task/python/colcon_distutils_commands:/home/hue/ros2_ws/src/install/gps_publisher/lib/python3.12/site-packages:${PYTHONPATH} /usr/bin/python3 -W ignore:setup.py install is deprecated setup.py egg_info --egg-base ../build/gps_publisher build --build-base /home/hue/ros2_ws/src/build/gps_publisher/build install --record /home/hue/ros2_ws/src/build/gps_publisher/install.log --single-version-externally-managed install_data
[0.841s] DEBUG:colcon.colcon_core.event_handler.log_command:Invoking command in '/home/hue/ros2_ws/src/get_waypoints': DEBUGINFOD_URLS=https://debuginfod.ubuntu.com PYTHONPATH=/home/hue/ros2_ws/src/build/get_waypoints/prefix_override:/usr/lib/python3/dist-packages/colcon_core/task/python/colcon_distutils_commands:/home/hue/ros2_ws/src/install/get_waypoints/lib/python3.12/site-packages:${PYTHONPATH} /usr/bin/python3 -W ignore:setup.py install is deprecated setup.py egg_info --egg-base ../build/get_waypoints build --build-base /home/hue/ros2_ws/src/build/get_waypoints/build install --record /home/hue/ros2_ws/src/build/get_waypoints/install.log --single-version-externally-managed install_data
[1.176s] DEBUG:colcon.colcon_core.event_handler.log_command:Invoked command in '/home/hue/ros2_ws/src/get_waypoints' returned '0': DEBUGINFOD_URLS=https://debuginfod.ubuntu.com PYTHONPATH=/home/hue/ros2_ws/src/build/get_waypoints/prefix_override:/usr/lib/python3/dist-packages/colcon_core/task/python/colcon_distutils_commands:/home/hue/ros2_ws/src/install/get_waypoints/lib/python3.12/site-packages:${PYTHONPATH} /usr/bin/python3 -W ignore:setup.py install is deprecated setup.py egg_info --egg-base ../build/get_waypoints build --build-base /home/hue/ros2_ws/src/build/get_waypoints/build install --record /home/hue/ros2_ws/src/build/get_waypoints/install.log --single-version-externally-managed install_data
[1.178s] Level 1:colcon.colcon_core.environment:checking '/home/hue/ros2_ws/src/install/get_waypoints' for CMake module files
[1.178s] Level 1:colcon.colcon_core.environment:checking '/home/hue/ros2_ws/src/install/get_waypoints' for CMake config files
[1.178s] Level 1:colcon.colcon_core.environment:checking '/home/hue/ros2_ws/src/install/get_waypoints/lib'
[1.178s] Level 1:colcon.colcon_core.environment:checking '/home/hue/ros2_ws/src/install/get_waypoints/bin'
[1.178s] Level 1:colcon.colcon_core.environment:checking '/home/hue/ros2_ws/src/install/get_waypoints/lib/pkgconfig/get_waypoints.pc'
[1.179s] Level 1:colcon.colcon_core.environment:checking '/home/hue/ros2_ws/src/install/get_waypoints/lib/python3.12/site-packages'
[1.179s] Level 1:colcon.colcon_core.shell:create_environment_hook('get_waypoints', 'pythonpath')
[1.179s] INFO:colcon.colcon_core.shell:Creating environment hook '/home/hue/ros2_ws/src/install/get_waypoints/share/get_waypoints/hook/pythonpath.ps1'
[1.179s] INFO:colcon.colcon_core.shell:Creating environment descriptor '/home/hue/ros2_ws/src/install/get_waypoints/share/get_waypoints/hook/pythonpath.dsv'
[1.179s] INFO:colcon.colcon_core.shell:Creating environment hook '/home/hue/ros2_ws/src/install/get_waypoints/share/get_waypoints/hook/pythonpath.sh'
[1.180s] Level 1:colcon.colcon_core.environment:checking '/home/hue/ros2_ws/src/install/get_waypoints/bin'
[1.180s] Level 1:colcon.colcon_core.environment:create_environment_scripts_only(get_waypoints)
[1.180s] INFO:colcon.colcon_core.shell:Creating package script '/home/hue/ros2_ws/src/install/get_waypoints/share/get_waypoints/package.ps1'
[1.180s] INFO:colcon.colcon_core.shell:Creating package descriptor '/home/hue/ros2_ws/src/install/get_waypoints/share/get_waypoints/package.dsv'
[1.181s] INFO:colcon.colcon_core.shell:Creating package script '/home/hue/ros2_ws/src/install/get_waypoints/share/get_waypoints/package.sh'
[1.181s] INFO:colcon.colcon_core.shell:Creating package script '/home/hue/ros2_ws/src/install/get_waypoints/share/get_waypoints/package.bash'
[1.181s] INFO:colcon.colcon_core.shell:Creating package script '/home/hue/ros2_ws/src/install/get_waypoints/share/get_waypoints/package.zsh'
[1.182s] Level 1:colcon.colcon_core.environment:create_file_with_runtime_dependencies(/home/hue/ros2_ws/src/install/get_waypoints/share/colcon-core/packages/get_waypoints)
[1.217s] Level 1:colcon.colcon_core.environment:checking '/home/hue/ros2_ws/src/install/gps_publisher' for CMake module files
[1.217s] DEBUG:colcon.colcon_core.event_handler.log_command:Invoked command in '/home/hue/ros2_ws/src/gps_publisher' returned '0': DEBUGINFOD_URLS=https://debuginfod.ubuntu.com PYTHONPATH=/home/hue/ros2_ws/src/build/gps_publisher/prefix_override:/usr/lib/python3/dist-packages/colcon_core/task/python/colcon_distutils_commands:/home/hue/ros2_ws/src/install/gps_publisher/lib/python3.12/site-packages:${PYTHONPATH} /usr/bin/python3 -W ignore:setup.py install is deprecated setup.py egg_info --egg-base ../build/gps_publisher build --build-base /home/hue/ros2_ws/src/build/gps_publisher/build install --record /home/hue/ros2_ws/src/build/gps_publisher/install.log --single-version-externally-managed install_data
[1.217s] Level 1:colcon.colcon_core.environment:checking '/home/hue/ros2_ws/src/install/gps_publisher' for CMake config files
[1.217s] Level 1:colcon.colcon_core.environment:checking '/home/hue/ros2_ws/src/install/gps_publisher/lib'
[1.218s] Level 1:colcon.colcon_core.environment:checking '/home/hue/ros2_ws/src/install/gps_publisher/bin'
[1.218s] Level 1:colcon.colcon_core.environment:checking '/home/hue/ros2_ws/src/install/gps_publisher/lib/pkgconfig/gps_publisher.pc'
[1.218s] Level 1:colcon.colcon_core.environment:checking '/home/hue/ros2_ws/src/install/gps_publisher/lib/python3.12/site-packages'
[1.218s] Level 1:colcon.colcon_core.shell:create_environment_hook('gps_publisher', 'pythonpath')
[1.218s] INFO:colcon.colcon_core.shell:Creating environment hook '/home/hue/ros2_ws/src/install/gps_publisher/share/gps_publisher/hook/pythonpath.ps1'
[1.218s] INFO:colcon.colcon_core.shell:Creating environment descriptor '/home/hue/ros2_ws/src/install/gps_publisher/share/gps_publisher/hook/pythonpath.dsv'
[1.218s] INFO:colcon.colcon_core.shell:Creating environment hook '/home/hue/ros2_ws/src/install/gps_publisher/share/gps_publisher/hook/pythonpath.sh'
[1.219s] Level 1:colcon.colcon_core.environment:checking '/home/hue/ros2_ws/src/install/gps_publisher/bin'
[1.219s] Level 1:colcon.colcon_core.environment:create_environment_scripts_only(gps_publisher)
[1.219s] INFO:colcon.colcon_core.shell:Creating package script '/home/hue/ros2_ws/src/install/gps_publisher/share/gps_publisher/package.ps1'
[1.219s] INFO:colcon.colcon_core.shell:Creating package descriptor '/home/hue/ros2_ws/src/install/gps_publisher/share/gps_publisher/package.dsv'
[1.219s] INFO:colcon.colcon_core.shell:Creating package script '/home/hue/ros2_ws/src/install/gps_publisher/share/gps_publisher/package.sh'
[1.220s] INFO:colcon.colcon_core.shell:Creating package script '/home/hue/ros2_ws/src/install/gps_publisher/share/gps_publisher/package.bash'
[1.220s] INFO:colcon.colcon_core.shell:Creating package script '/home/hue/ros2_ws/src/install/gps_publisher/share/gps_publisher/package.zsh'
[1.220s] Level 1:colcon.colcon_core.environment:create_file_with_runtime_dependencies(/home/hue/ros2_ws/src/install/gps_publisher/share/colcon-core/packages/gps_publisher)
[1.297s] DEBUG:colcon.colcon_parallel_executor.executor.parallel:run_until_complete was interrupted
[1.297s] DEBUG:colcon.colcon_parallel_executor.executor.parallel:run_until_complete again
[1.300s] DEBUG:colcon.colcon_core.event_handler.log_command:Invoked command in '/home/hue/ros2_ws/src/build/custom_msg' returned '-2': CMAKE_PREFIX_PATH=${CMAKE_PREFIX_PATH}:/home/hue/ros2_ws/install/navigator:/home/hue/ros2_ws/install/gps_publisher:/home/hue/ros2_ws/install/get_waypoints:/home/hue/ros2_ws/install/arduino_reader:/opt/ros/jazzy DEBUGINFOD_URLS=https://debuginfod.ubuntu.com /usr/bin/cmake /home/hue/ros2_ws/src/custom_msg -DCMAKE_INSTALL_PREFIX=/home/hue/ros2_ws/src/install/custom_msg
[1.314s] DEBUG:colcon.colcon_parallel_executor.executor.parallel:run_until_complete finished
[1.314s] DEBUG:colcon.colcon_parallel_executor.executor.parallel:closing loop
[1.314s] DEBUG:colcon.colcon_parallel_executor.executor.parallel:loop closed
[1.314s] DEBUG:colcon.colcon_core.event_reactor:joining thread
[1.323s] INFO:colcon.colcon_core.plugin_system:Skipping extension 'colcon_notification.desktop_notification.terminal_notifier': Not used on non-Darwin systems
[1.323s] INFO:colcon.colcon_core.plugin_system:Skipping extension 'colcon_notification.desktop_notification.win32': Not used on non-Windows systems
[1.323s] INFO:colcon.colcon_notification.desktop_notification:Sending desktop notification using 'notify2'
[1.336s] DEBUG:colcon.colcon_core.event_reactor:joined thread
[1.337s] INFO:colcon.colcon_core.shell:Creating prefix script '/home/hue/ros2_ws/src/install/local_setup.ps1'
[1.338s] INFO:colcon.colcon_core.shell:Creating prefix util module '/home/hue/ros2_ws/src/install/_local_setup_util_ps1.py'
[1.339s] INFO:colcon.colcon_core.shell:Creating prefix chain script '/home/hue/ros2_ws/src/install/setup.ps1'
[1.340s] INFO:colcon.colcon_core.shell:Creating prefix script '/home/hue/ros2_ws/src/install/local_setup.sh'
[1.340s] INFO:colcon.colcon_core.shell:Creating prefix util module '/home/hue/ros2_ws/src/install/_local_setup_util_sh.py'
[1.341s] INFO:colcon.colcon_core.shell:Creating prefix chain script '/home/hue/ros2_ws/src/install/setup.sh'
[1.342s] INFO:colcon.colcon_core.shell:Creating prefix script '/home/hue/ros2_ws/src/install/local_setup.bash'
[1.342s] INFO:colcon.colcon_core.shell:Creating prefix chain script '/home/hue/ros2_ws/src/install/setup.bash'
[1.343s] INFO:colcon.colcon_core.shell:Creating prefix script '/home/hue/ros2_ws/src/install/local_setup.zsh'
[1.343s] INFO:colcon.colcon_core.shell:Creating prefix chain script '/home/hue/ros2_ws/src/install/setup.zsh'
