running egg_info
writing ../build/gps_publisher/gps_publisher.egg-info/PKG-INFO
writing dependency_links to ../build/gps_publisher/gps_publisher.egg-info/dependency_links.txt
writing entry points to ../build/gps_publisher/gps_publisher.egg-info/entry_points.txt
writing requirements to ../build/gps_publisher/gps_publisher.egg-info/requires.txt
writing top-level names to ../build/gps_publisher/gps_publisher.egg-info/top_level.txt
reading manifest file '../build/gps_publisher/gps_publisher.egg-info/SOURCES.txt'
adding license file 'LICENSE'
writing manifest file '../build/gps_publisher/gps_publisher.egg-info/SOURCES.txt'
running build
running build_py
running install
running install_lib
running install_data
copying launch/gps_launch.py -> /home/etnw/senior_design_ws/src/install/gps_publisher/share/gps_publisher/launch
running install_egg_info
removing '/home/etnw/senior_design_ws/src/install/gps_publisher/lib/python3.10/site-packages/gps_publisher-0.0.0-py3.10.egg-info' (and everything under it)
Copying ../build/gps_publisher/gps_publisher.egg-info to /home/etnw/senior_design_ws/src/install/gps_publisher/lib/python3.10/site-packages/gps_publisher-0.0.0-py3.10.egg-info
running install_scripts
Installing gps2_node script to /home/etnw/senior_design_ws/src/install/gps_publisher/lib/gps_publisher
Installing gps3_node script to /home/etnw/senior_design_ws/src/install/gps_publisher/lib/gps_publisher
Installing gps_node script to /home/etnw/senior_design_ws/src/install/gps_publisher/lib/gps_publisher
writing list of installed files to '/home/etnw/senior_design_ws/src/build/gps_publisher/install.log'
