running egg_info
creating ../build/gps_publisher/gps_publisher.egg-info
writing ../build/gps_publisher/gps_publisher.egg-info/PKG-INFO
writing dependency_links to ../build/gps_publisher/gps_publisher.egg-info/dependency_links.txt
writing entry points to ../build/gps_publisher/gps_publisher.egg-info/entry_points.txt
writing requirements to ../build/gps_publisher/gps_publisher.egg-info/requires.txt
writing top-level names to ../build/gps_publisher/gps_publisher.egg-info/top_level.txt
writing manifest file '../build/gps_publisher/gps_publisher.egg-info/SOURCES.txt'
reading manifest file '../build/gps_publisher/gps_publisher.egg-info/SOURCES.txt'
adding license file 'LICENSE'
writing manifest file '../build/gps_publisher/gps_publisher.egg-info/SOURCES.txt'
running build
running build_py
creating /home/etnw/senior_design_ws/src/build/gps_publisher/build
creating /home/etnw/senior_design_ws/src/build/gps_publisher/build/lib
creating /home/etnw/senior_design_ws/src/build/gps_publisher/build/lib/gps_publisher
copying gps_publisher/gps_node.py -> /home/etnw/senior_design_ws/src/build/gps_publisher/build/lib/gps_publisher
copying gps_publisher/__init__.py -> /home/etnw/senior_design_ws/src/build/gps_publisher/build/lib/gps_publisher
copying gps_publisher/gps3_node.py -> /home/etnw/senior_design_ws/src/build/gps_publisher/build/lib/gps_publisher
copying gps_publisher/gps2_node.py -> /home/etnw/senior_design_ws/src/build/gps_publisher/build/lib/gps_publisher
running install
running install_lib
creating /home/etnw/senior_design_ws/src/install/gps_publisher/lib/python3.10/site-packages/gps_publisher
copying /home/etnw/senior_design_ws/src/build/gps_publisher/build/lib/gps_publisher/gps_node.py -> /home/etnw/senior_design_ws/src/install/gps_publisher/lib/python3.10/site-packages/gps_publisher
copying /home/etnw/senior_design_ws/src/build/gps_publisher/build/lib/gps_publisher/__init__.py -> /home/etnw/senior_design_ws/src/install/gps_publisher/lib/python3.10/site-packages/gps_publisher
copying /home/etnw/senior_design_ws/src/build/gps_publisher/build/lib/gps_publisher/gps3_node.py -> /home/etnw/senior_design_ws/src/install/gps_publisher/lib/python3.10/site-packages/gps_publisher
copying /home/etnw/senior_design_ws/src/build/gps_publisher/build/lib/gps_publisher/gps2_node.py -> /home/etnw/senior_design_ws/src/install/gps_publisher/lib/python3.10/site-packages/gps_publisher
byte-compiling /home/etnw/senior_design_ws/src/install/gps_publisher/lib/python3.10/site-packages/gps_publisher/gps_node.py to gps_node.cpython-310.pyc
byte-compiling /home/etnw/senior_design_ws/src/install/gps_publisher/lib/python3.10/site-packages/gps_publisher/__init__.py to __init__.cpython-310.pyc
byte-compiling /home/etnw/senior_design_ws/src/install/gps_publisher/lib/python3.10/site-packages/gps_publisher/gps3_node.py to gps3_node.cpython-310.pyc
byte-compiling /home/etnw/senior_design_ws/src/install/gps_publisher/lib/python3.10/site-packages/gps_publisher/gps2_node.py to gps2_node.cpython-310.pyc
running install_data
creating /home/etnw/senior_design_ws/src/install/gps_publisher/share/ament_index
creating /home/etnw/senior_design_ws/src/install/gps_publisher/share/ament_index/resource_index
creating /home/etnw/senior_design_ws/src/install/gps_publisher/share/ament_index/resource_index/packages
copying resource/gps_publisher -> /home/etnw/senior_design_ws/src/install/gps_publisher/share/ament_index/resource_index/packages
copying package.xml -> /home/etnw/senior_design_ws/src/install/gps_publisher/share/gps_publisher
creating /home/etnw/senior_design_ws/src/install/gps_publisher/share/gps_publisher/launch
copying launch/teleop_launch.py -> /home/etnw/senior_design_ws/src/install/gps_publisher/share/gps_publisher/launch
running install_egg_info
Copying ../build/gps_publisher/gps_publisher.egg-info to /home/etnw/senior_design_ws/src/install/gps_publisher/lib/python3.10/site-packages/gps_publisher-0.0.0-py3.10.egg-info
running install_scripts
Installing gps2_node script to /home/etnw/senior_design_ws/src/install/gps_publisher/lib/gps_publisher
Installing gps3_node script to /home/etnw/senior_design_ws/src/install/gps_publisher/lib/gps_publisher
Installing gps_node script to /home/etnw/senior_design_ws/src/install/gps_publisher/lib/gps_publisher
writing list of installed files to '/home/etnw/senior_design_ws/src/build/gps_publisher/install.log'
