/home/etnw/senior_design_ws/src/install/gps_publisher/lib/python3.10/site-packages/gps_publisher/gps_node.py
/home/etnw/senior_design_ws/src/install/gps_publisher/lib/python3.10/site-packages/gps_publisher/__init__.py
/home/etnw/senior_design_ws/src/install/gps_publisher/lib/python3.10/site-packages/gps_publisher/gps3_node.py
/home/etnw/senior_design_ws/src/install/gps_publisher/lib/python3.10/site-packages/gps_publisher/gps2_node.py
/home/etnw/senior_design_ws/src/install/gps_publisher/lib/python3.10/site-packages/gps_publisher/__pycache__/gps_node.cpython-310.pyc
/home/etnw/senior_design_ws/src/install/gps_publisher/lib/python3.10/site-packages/gps_publisher/__pycache__/__init__.cpython-310.pyc
/home/etnw/senior_design_ws/src/install/gps_publisher/lib/python3.10/site-packages/gps_publisher/__pycache__/gps3_node.cpython-310.pyc
/home/etnw/senior_design_ws/src/install/gps_publisher/lib/python3.10/site-packages/gps_publisher/__pycache__/gps2_node.cpython-310.pyc
/home/etnw/senior_design_ws/src/install/gps_publisher/share/ament_index/resource_index/packages/gps_publisher
/home/etnw/senior_design_ws/src/install/gps_publisher/share/gps_publisher/package.xml
/home/etnw/senior_design_ws/src/install/gps_publisher/share/gps_publisher/launch/gps_launch.py
/home/etnw/senior_design_ws/src/install/gps_publisher/share/gps_publisher/launch/teleop_launch.py
/home/etnw/senior_design_ws/src/install/gps_publisher/lib/python3.10/site-packages/gps_publisher-0.0.0-py3.10.egg-info/entry_points.txt
/home/etnw/senior_design_ws/src/install/gps_publisher/lib/python3.10/site-packages/gps_publisher-0.0.0-py3.10.egg-info/requires.txt
/home/etnw/senior_design_ws/src/install/gps_publisher/lib/python3.10/site-packages/gps_publisher-0.0.0-py3.10.egg-info/PKG-INFO
/home/etnw/senior_design_ws/src/install/gps_publisher/lib/python3.10/site-packages/gps_publisher-0.0.0-py3.10.egg-info/dependency_links.txt
/home/etnw/senior_design_ws/src/install/gps_publisher/lib/python3.10/site-packages/gps_publisher-0.0.0-py3.10.egg-info/top_level.txt
/home/etnw/senior_design_ws/src/install/gps_publisher/lib/python3.10/site-packages/gps_publisher-0.0.0-py3.10.egg-info/zip-safe
/home/etnw/senior_design_ws/src/install/gps_publisher/lib/python3.10/site-packages/gps_publisher-0.0.0-py3.10.egg-info/SOURCES.txt
/home/etnw/senior_design_ws/src/install/gps_publisher/lib/gps_publisher/gps2_node
/home/etnw/senior_design_ws/src/install/gps_publisher/lib/gps_publisher/gps3_node
/home/etnw/senior_design_ws/src/install/gps_publisher/lib/gps_publisher/gps_node
