running egg_info
writing ../build/navigator/navigator.egg-info/PKG-INFO
writing dependency_links to ../build/navigator/navigator.egg-info/dependency_links.txt
writing entry points to ../build/navigator/navigator.egg-info/entry_points.txt
writing requirements to ../build/navigator/navigator.egg-info/requires.txt
writing top-level names to ../build/navigator/navigator.egg-info/top_level.txt
reading manifest file '../build/navigator/navigator.egg-info/SOURCES.txt'
adding license file 'LICENSE'
writing manifest file '../build/navigator/navigator.egg-info/SOURCES.txt'
running build
running build_py
running install
running install_lib
running install_data
running install_egg_info
removing '/home/etnw/senior_design_ws/src/install/navigator/lib/python3.10/site-packages/navigator-0.0.0-py3.10.egg-info' (and everything under it)
Copying ../build/navigator/navigator.egg-info to /home/etnw/senior_design_ws/src/install/navigator/lib/python3.10/site-packages/navigator-0.0.0-py3.10.egg-info
running install_scripts
Installing DeadReck script to /home/etnw/senior_design_ws/src/install/navigator/lib/navigator
Installing Log script to /home/etnw/senior_design_ws/src/install/navigator/lib/navigator
Installing Sync script to /home/etnw/senior_design_ws/src/install/navigator/lib/navigator
Installing TeleOp script to /home/etnw/senior_design_ws/src/install/navigator/lib/navigator
Installing TeleOpLite script to /home/etnw/senior_design_ws/src/install/navigator/lib/navigator
Installing kalman script to /home/etnw/senior_design_ws/src/install/navigator/lib/navigator
Installing navigation_node script to /home/etnw/senior_design_ws/src/install/navigator/lib/navigator
Installing navigation_node_no_GPS script to /home/etnw/senior_design_ws/src/install/navigator/lib/navigator
writing list of installed files to '/home/etnw/senior_design_ws/src/build/navigator/install.log'
