[35m[1mConsolidate compiler generated dependencies of target custom_msg__rosidl_generator_c[0m
[  2%] Built target custom_msg__cpp
[ 12%] Built target custom_msg__rosidl_generator_c
[35m[1mConsolidate compiler generated dependencies of target custom_msg__rosidl_typesupport_cpp[0m
[35m[1mConsolidate compiler generated dependencies of target custom_msg__rosidl_typesupport_introspection_cpp[0m
[ 12%] Built target ament_cmake_python_copy_custom_msg
[35m[1mConsolidate compiler generated dependencies of target custom_msg__rosidl_typesupport_fastrtps_cpp[0m
[35m[1mConsolidate compiler generated dependencies of target custom_msg__rosidl_typesupport_c[0m
[35m[1mConsolidate compiler generated dependencies of target custom_msg__rosidl_typesupport_introspection_c[0m
[35m[1mConsolidate compiler generated dependencies of target custom_msg__rosidl_typesupport_fastrtps_c[0m
[ 23%] Built target custom_msg__rosidl_typesupport_introspection_cpp
[ 44%] Built target custom_msg__rosidl_typesupport_cpp
[ 44%] Built target custom_msg__rosidl_typesupport_c
[ 55%] Built target custom_msg__rosidl_typesupport_introspection_c
[ 65%] Built target custom_msg__rosidl_typesupport_fastrtps_c
[ 76%] Built target custom_msg__rosidl_typesupport_fastrtps_cpp
[ 76%] Built target custom_msg
[ 78%] Built target custom_msg__py
[35m[1mConsolidate compiler generated dependencies of target custom_msg__rosidl_generator_py[0m
[ 87%] Built target custom_msg__rosidl_generator_py
[35m[1mConsolidate compiler generated dependencies of target custom_msg__rosidl_typesupport_fastrtps_c__pyext[0m
[35m[1mConsolidate compiler generated dependencies of target custom_msg__rosidl_typesupport_introspection_c__pyext[0m
[35m[1mConsolidate compiler generated dependencies of target custom_msg__rosidl_typesupport_c__pyext[0m
[ 95%] Built target custom_msg__rosidl_typesupport_fastrtps_c__pyext
[ 95%] Built target custom_msg__rosidl_typesupport_introspection_c__pyext
[100%] Built target custom_msg__rosidl_typesupport_c__pyext
running egg_info
writing custom_msg.egg-info/PKG-INFO
writing dependency_links to custom_msg.egg-info/dependency_links.txt
writing top-level names to custom_msg.egg-info/top_level.txt
reading manifest file 'custom_msg.egg-info/SOURCES.txt'
writing manifest file 'custom_msg.egg-info/SOURCES.txt'
[100%] Built target ament_cmake_python_build_custom_msg_egg
-- Install configuration: ""
-- Installing: /home/etnw/senior_design_ws/src/install/custom_msg/share/ament_index/resource_index/rosidl_interfaces/custom_msg
-- Installing: /home/etnw/senior_design_ws/src/install/custom_msg/include/custom_msg/custom_msg
-- Installing: /home/etnw/senior_design_ws/src/install/custom_msg/include/custom_msg/custom_msg/msg
-- Installing: /home/etnw/senior_design_ws/src/install/custom_msg/include/custom_msg/custom_msg/msg/coordinates.h
-- Installing: /home/etnw/senior_design_ws/src/install/custom_msg/include/custom_msg/custom_msg/msg/two_int.h
-- Installing: /home/etnw/senior_design_ws/src/install/custom_msg/include/custom_msg/custom_msg/msg/rosidl_generator_c__visibility_control.h
-- Installing: /home/etnw/senior_design_ws/src/install/custom_msg/include/custom_msg/custom_msg/msg/detail
-- Installing: /home/etnw/senior_design_ws/src/install/custom_msg/include/custom_msg/custom_msg/msg/detail/gps_data__type_support.h
-- Installing: /home/etnw/senior_design_ws/src/install/custom_msg/include/custom_msg/custom_msg/msg/detail/gps_data__functions.h
-- Installing: /home/etnw/senior_design_ws/src/install/custom_msg/include/custom_msg/custom_msg/msg/detail/gps_data__struct.h
-- Installing: /home/etnw/senior_design_ws/src/install/custom_msg/include/custom_msg/custom_msg/msg/detail/coordinates__functions.h
-- Installing: /home/etnw/senior_design_ws/src/install/custom_msg/include/custom_msg/custom_msg/msg/detail/coordinates__functions.c
-- Installing: /home/etnw/senior_design_ws/src/install/custom_msg/include/custom_msg/custom_msg/msg/detail/two_int__type_support.h
-- Installing: /home/etnw/senior_design_ws/src/install/custom_msg/include/custom_msg/custom_msg/msg/detail/two_int__struct.h
-- Installing: /home/etnw/senior_design_ws/src/install/custom_msg/include/custom_msg/custom_msg/msg/detail/gps_data__functions.c
-- Installing: /home/etnw/senior_design_ws/src/install/custom_msg/include/custom_msg/custom_msg/msg/detail/coordinates__struct.h
-- Installing: /home/etnw/senior_design_ws/src/install/custom_msg/include/custom_msg/custom_msg/msg/detail/two_int__functions.c
-- Installing: /home/etnw/senior_design_ws/src/install/custom_msg/include/custom_msg/custom_msg/msg/detail/two_int__functions.h
-- Installing: /home/etnw/senior_design_ws/src/install/custom_msg/include/custom_msg/custom_msg/msg/detail/coordinates__type_support.h
-- Installing: /home/etnw/senior_design_ws/src/install/custom_msg/include/custom_msg/custom_msg/msg/gps_data.h
-- Installing: /home/etnw/senior_design_ws/src/install/custom_msg/share/custom_msg/environment/library_path.sh
-- Installing: /home/etnw/senior_design_ws/src/install/custom_msg/share/custom_msg/environment/library_path.dsv
-- Installing: /home/etnw/senior_design_ws/src/install/custom_msg/lib/libcustom_msg__rosidl_generator_c.so
-- Set runtime path of "/home/etnw/senior_design_ws/src/install/custom_msg/lib/libcustom_msg__rosidl_generator_c.so" to ""
-- Up-to-date: /home/etnw/senior_design_ws/src/install/custom_msg/include/custom_msg/custom_msg
-- Up-to-date: /home/etnw/senior_design_ws/src/install/custom_msg/include/custom_msg/custom_msg/msg
-- Installing: /home/etnw/senior_design_ws/src/install/custom_msg/include/custom_msg/custom_msg/msg/rosidl_typesupport_fastrtps_c__visibility_control.h
-- Up-to-date: /home/etnw/senior_design_ws/src/install/custom_msg/include/custom_msg/custom_msg/msg/detail
-- Installing: /home/etnw/senior_design_ws/src/install/custom_msg/include/custom_msg/custom_msg/msg/detail/gps_data__rosidl_typesupport_fastrtps_c.h
-- Installing: /home/etnw/senior_design_ws/src/install/custom_msg/include/custom_msg/custom_msg/msg/detail/coordinates__rosidl_typesupport_fastrtps_c.h
-- Installing: /home/etnw/senior_design_ws/src/install/custom_msg/include/custom_msg/custom_msg/msg/detail/two_int__rosidl_typesupport_fastrtps_c.h
-- Installing: /home/etnw/senior_design_ws/src/install/custom_msg/lib/libcustom_msg__rosidl_typesupport_fastrtps_c.so
-- Set runtime path of "/home/etnw/senior_design_ws/src/install/custom_msg/lib/libcustom_msg__rosidl_typesupport_fastrtps_c.so" to ""
-- Up-to-date: /home/etnw/senior_design_ws/src/install/custom_msg/include/custom_msg/custom_msg
-- Up-to-date: /home/etnw/senior_design_ws/src/install/custom_msg/include/custom_msg/custom_msg/msg
-- Installing: /home/etnw/senior_design_ws/src/install/custom_msg/include/custom_msg/custom_msg/msg/rosidl_typesupport_introspection_c__visibility_control.h
-- Up-to-date: /home/etnw/senior_design_ws/src/install/custom_msg/include/custom_msg/custom_msg/msg/detail
-- Installing: /home/etnw/senior_design_ws/src/install/custom_msg/include/custom_msg/custom_msg/msg/detail/coordinates__type_support.c
-- Installing: /home/etnw/senior_design_ws/src/install/custom_msg/include/custom_msg/custom_msg/msg/detail/two_int__rosidl_typesupport_introspection_c.h
-- Installing: /home/etnw/senior_design_ws/src/install/custom_msg/include/custom_msg/custom_msg/msg/detail/two_int__type_support.c
-- Installing: /home/etnw/senior_design_ws/src/install/custom_msg/include/custom_msg/custom_msg/msg/detail/gps_data__rosidl_typesupport_introspection_c.h
-- Installing: /home/etnw/senior_design_ws/src/install/custom_msg/include/custom_msg/custom_msg/msg/detail/coordinates__rosidl_typesupport_introspection_c.h
-- Installing: /home/etnw/senior_design_ws/src/install/custom_msg/include/custom_msg/custom_msg/msg/detail/gps_data__type_support.c
-- Installing: /home/etnw/senior_design_ws/src/install/custom_msg/lib/libcustom_msg__rosidl_typesupport_introspection_c.so
-- Set runtime path of "/home/etnw/senior_design_ws/src/install/custom_msg/lib/libcustom_msg__rosidl_typesupport_introspection_c.so" to ""
-- Installing: /home/etnw/senior_design_ws/src/install/custom_msg/lib/libcustom_msg__rosidl_typesupport_c.so
-- Set runtime path of "/home/etnw/senior_design_ws/src/install/custom_msg/lib/libcustom_msg__rosidl_typesupport_c.so" to ""
-- Up-to-date: /home/etnw/senior_design_ws/src/install/custom_msg/include/custom_msg/custom_msg
-- Up-to-date: /home/etnw/senior_design_ws/src/install/custom_msg/include/custom_msg/custom_msg/msg
-- Installing: /home/etnw/senior_design_ws/src/install/custom_msg/include/custom_msg/custom_msg/msg/coordinates.hpp
-- Installing: /home/etnw/senior_design_ws/src/install/custom_msg/include/custom_msg/custom_msg/msg/two_int.hpp
-- Installing: /home/etnw/senior_design_ws/src/install/custom_msg/include/custom_msg/custom_msg/msg/gps_data.hpp
-- Up-to-date: /home/etnw/senior_design_ws/src/install/custom_msg/include/custom_msg/custom_msg/msg/detail
-- Installing: /home/etnw/senior_design_ws/src/install/custom_msg/include/custom_msg/custom_msg/msg/detail/two_int__builder.hpp
-- Installing: /home/etnw/senior_design_ws/src/install/custom_msg/include/custom_msg/custom_msg/msg/detail/coordinates__builder.hpp
-- Installing: /home/etnw/senior_design_ws/src/install/custom_msg/include/custom_msg/custom_msg/msg/detail/two_int__struct.hpp
-- Installing: /home/etnw/senior_design_ws/src/install/custom_msg/include/custom_msg/custom_msg/msg/detail/coordinates__struct.hpp
-- Installing: /home/etnw/senior_design_ws/src/install/custom_msg/include/custom_msg/custom_msg/msg/detail/gps_data__traits.hpp
-- Installing: /home/etnw/senior_design_ws/src/install/custom_msg/include/custom_msg/custom_msg/msg/detail/gps_data__builder.hpp
-- Installing: /home/etnw/senior_design_ws/src/install/custom_msg/include/custom_msg/custom_msg/msg/detail/gps_data__struct.hpp
-- Installing: /home/etnw/senior_design_ws/src/install/custom_msg/include/custom_msg/custom_msg/msg/detail/coordinates__traits.hpp
-- Installing: /home/etnw/senior_design_ws/src/install/custom_msg/include/custom_msg/custom_msg/msg/detail/two_int__traits.hpp
-- Up-to-date: /home/etnw/senior_design_ws/src/install/custom_msg/include/custom_msg/custom_msg
-- Up-to-date: /home/etnw/senior_design_ws/src/install/custom_msg/include/custom_msg/custom_msg/msg
-- Up-to-date: /home/etnw/senior_design_ws/src/install/custom_msg/include/custom_msg/custom_msg/msg/detail
-- Installing: /home/etnw/senior_design_ws/src/install/custom_msg/include/custom_msg/custom_msg/msg/detail/coordinates__rosidl_typesupport_fastrtps_cpp.hpp
-- Installing: /home/etnw/senior_design_ws/src/install/custom_msg/include/custom_msg/custom_msg/msg/detail/gps_data__rosidl_typesupport_fastrtps_cpp.hpp
-- Installing: /home/etnw/senior_design_ws/src/install/custom_msg/include/custom_msg/custom_msg/msg/detail/two_int__rosidl_typesupport_fastrtps_cpp.hpp
-- Installing: /home/etnw/senior_design_ws/src/install/custom_msg/include/custom_msg/custom_msg/msg/detail/dds_fastrtps
-- Installing: /home/etnw/senior_design_ws/src/install/custom_msg/include/custom_msg/custom_msg/msg/rosidl_typesupport_fastrtps_cpp__visibility_control.h
-- Installing: /home/etnw/senior_design_ws/src/install/custom_msg/lib/libcustom_msg__rosidl_typesupport_fastrtps_cpp.so
-- Set runtime path of "/home/etnw/senior_design_ws/src/install/custom_msg/lib/libcustom_msg__rosidl_typesupport_fastrtps_cpp.so" to ""
-- Up-to-date: /home/etnw/senior_design_ws/src/install/custom_msg/include/custom_msg/custom_msg
-- Up-to-date: /home/etnw/senior_design_ws/src/install/custom_msg/include/custom_msg/custom_msg/msg
-- Up-to-date: /home/etnw/senior_design_ws/src/install/custom_msg/include/custom_msg/custom_msg/msg/detail
-- Installing: /home/etnw/senior_design_ws/src/install/custom_msg/include/custom_msg/custom_msg/msg/detail/two_int__rosidl_typesupport_introspection_cpp.hpp
-- Installing: /home/etnw/senior_design_ws/src/install/custom_msg/include/custom_msg/custom_msg/msg/detail/gps_data__rosidl_typesupport_introspection_cpp.hpp
-- Installing: /home/etnw/senior_design_ws/src/install/custom_msg/include/custom_msg/custom_msg/msg/detail/two_int__type_support.cpp
-- Installing: /home/etnw/senior_design_ws/src/install/custom_msg/include/custom_msg/custom_msg/msg/detail/gps_data__type_support.cpp
-- Installing: /home/etnw/senior_design_ws/src/install/custom_msg/include/custom_msg/custom_msg/msg/detail/coordinates__rosidl_typesupport_introspection_cpp.hpp
-- Installing: /home/etnw/senior_design_ws/src/install/custom_msg/include/custom_msg/custom_msg/msg/detail/coordinates__type_support.cpp
-- Installing: /home/etnw/senior_design_ws/src/install/custom_msg/lib/libcustom_msg__rosidl_typesupport_introspection_cpp.so
-- Set runtime path of "/home/etnw/senior_design_ws/src/install/custom_msg/lib/libcustom_msg__rosidl_typesupport_introspection_cpp.so" to ""
-- Installing: /home/etnw/senior_design_ws/src/install/custom_msg/lib/libcustom_msg__rosidl_typesupport_cpp.so
-- Set runtime path of "/home/etnw/senior_design_ws/src/install/custom_msg/lib/libcustom_msg__rosidl_typesupport_cpp.so" to ""
-- Installing: /home/etnw/senior_design_ws/src/install/custom_msg/share/custom_msg/environment/pythonpath.sh
-- Installing: /home/etnw/senior_design_ws/src/install/custom_msg/share/custom_msg/environment/pythonpath.dsv
-- Installing: /home/etnw/senior_design_ws/src/install/custom_msg/local/lib/python3.10/dist-packages/custom_msg-0.0.0-py3.10.egg-info
-- Installing: /home/etnw/senior_design_ws/src/install/custom_msg/local/lib/python3.10/dist-packages/custom_msg-0.0.0-py3.10.egg-info/PKG-INFO
-- Installing: /home/etnw/senior_design_ws/src/install/custom_msg/local/lib/python3.10/dist-packages/custom_msg-0.0.0-py3.10.egg-info/dependency_links.txt
-- Installing: /home/etnw/senior_design_ws/src/install/custom_msg/local/lib/python3.10/dist-packages/custom_msg-0.0.0-py3.10.egg-info/top_level.txt
-- Installing: /home/etnw/senior_design_ws/src/install/custom_msg/local/lib/python3.10/dist-packages/custom_msg-0.0.0-py3.10.egg-info/SOURCES.txt
-- Installing: /home/etnw/senior_design_ws/src/install/custom_msg/local/lib/python3.10/dist-packages/custom_msg
-- Installing: /home/etnw/senior_design_ws/src/install/custom_msg/local/lib/python3.10/dist-packages/custom_msg/libcustom_msg__rosidl_generator_py.so
-- Installing: /home/etnw/senior_design_ws/src/install/custom_msg/local/lib/python3.10/dist-packages/custom_msg/_custom_msg_s.ep.rosidl_typesupport_introspection_c.c
-- Installing: /home/etnw/senior_design_ws/src/install/custom_msg/local/lib/python3.10/dist-packages/custom_msg/__init__.py
-- Installing: /home/etnw/senior_design_ws/src/install/custom_msg/local/lib/python3.10/dist-packages/custom_msg/custom_msg_s__rosidl_typesupport_fastrtps_c.cpython-310-aarch64-linux-gnu.so
-- Installing: /home/etnw/senior_design_ws/src/install/custom_msg/local/lib/python3.10/dist-packages/custom_msg/_custom_msg_s.ep.rosidl_typesupport_fastrtps_c.c
-- Installing: /home/etnw/senior_design_ws/src/install/custom_msg/local/lib/python3.10/dist-packages/custom_msg/_custom_msg_s.ep.rosidl_typesupport_c.c
-- Installing: /home/etnw/senior_design_ws/src/install/custom_msg/local/lib/python3.10/dist-packages/custom_msg/msg
-- Installing: /home/etnw/senior_design_ws/src/install/custom_msg/local/lib/python3.10/dist-packages/custom_msg/msg/_two_int.py
-- Installing: /home/etnw/senior_design_ws/src/install/custom_msg/local/lib/python3.10/dist-packages/custom_msg/msg/_two_int_s.c
-- Installing: /home/etnw/senior_design_ws/src/install/custom_msg/local/lib/python3.10/dist-packages/custom_msg/msg/__init__.py
-- Installing: /home/etnw/senior_design_ws/src/install/custom_msg/local/lib/python3.10/dist-packages/custom_msg/msg/_gps_data.py
-- Installing: /home/etnw/senior_design_ws/src/install/custom_msg/local/lib/python3.10/dist-packages/custom_msg/msg/_coordinates.py
-- Installing: /home/etnw/senior_design_ws/src/install/custom_msg/local/lib/python3.10/dist-packages/custom_msg/msg/_gps_data_s.c
-- Installing: /home/etnw/senior_design_ws/src/install/custom_msg/local/lib/python3.10/dist-packages/custom_msg/msg/_coordinates_s.c
-- Installing: /home/etnw/senior_design_ws/src/install/custom_msg/local/lib/python3.10/dist-packages/custom_msg/custom_msg_s__rosidl_typesupport_c.cpython-310-aarch64-linux-gnu.so
-- Installing: /home/etnw/senior_design_ws/src/install/custom_msg/local/lib/python3.10/dist-packages/custom_msg/custom_msg_s__rosidl_typesupport_introspection_c.cpython-310-aarch64-linux-gnu.so
Listing '/home/etnw/senior_design_ws/src/install/custom_msg/local/lib/python3.10/dist-packages/custom_msg'...
Compiling '/home/etnw/senior_design_ws/src/install/custom_msg/local/lib/python3.10/dist-packages/custom_msg/__init__.py'...
Listing '/home/etnw/senior_design_ws/src/install/custom_msg/local/lib/python3.10/dist-packages/custom_msg/msg'...
Compiling '/home/etnw/senior_design_ws/src/install/custom_msg/local/lib/python3.10/dist-packages/custom_msg/msg/__init__.py'...
Compiling '/home/etnw/senior_design_ws/src/install/custom_msg/local/lib/python3.10/dist-packages/custom_msg/msg/_coordinates.py'...
Compiling '/home/etnw/senior_design_ws/src/install/custom_msg/local/lib/python3.10/dist-packages/custom_msg/msg/_gps_data.py'...
Compiling '/home/etnw/senior_design_ws/src/install/custom_msg/local/lib/python3.10/dist-packages/custom_msg/msg/_two_int.py'...
-- Installing: /home/etnw/senior_design_ws/src/install/custom_msg/local/lib/python3.10/dist-packages/custom_msg/custom_msg_s__rosidl_typesupport_fastrtps_c.cpython-310-aarch64-linux-gnu.so
-- Set runtime path of "/home/etnw/senior_design_ws/src/install/custom_msg/local/lib/python3.10/dist-packages/custom_msg/custom_msg_s__rosidl_typesupport_fastrtps_c.cpython-310-aarch64-linux-gnu.so" to ""
-- Installing: /home/etnw/senior_design_ws/src/install/custom_msg/local/lib/python3.10/dist-packages/custom_msg/custom_msg_s__rosidl_typesupport_introspection_c.cpython-310-aarch64-linux-gnu.so
-- Set runtime path of "/home/etnw/senior_design_ws/src/install/custom_msg/local/lib/python3.10/dist-packages/custom_msg/custom_msg_s__rosidl_typesupport_introspection_c.cpython-310-aarch64-linux-gnu.so" to ""
-- Installing: /home/etnw/senior_design_ws/src/install/custom_msg/local/lib/python3.10/dist-packages/custom_msg/custom_msg_s__rosidl_typesupport_c.cpython-310-aarch64-linux-gnu.so
-- Set runtime path of "/home/etnw/senior_design_ws/src/install/custom_msg/local/lib/python3.10/dist-packages/custom_msg/custom_msg_s__rosidl_typesupport_c.cpython-310-aarch64-linux-gnu.so" to ""
-- Installing: /home/etnw/senior_design_ws/src/install/custom_msg/lib/libcustom_msg__rosidl_generator_py.so
-- Set runtime path of "/home/etnw/senior_design_ws/src/install/custom_msg/lib/libcustom_msg__rosidl_generator_py.so" to ""
-- Installing: /home/etnw/senior_design_ws/src/install/custom_msg/share/custom_msg/msg/Coordinates.idl
-- Installing: /home/etnw/senior_design_ws/src/install/custom_msg/share/custom_msg/msg/TwoInt.idl
-- Installing: /home/etnw/senior_design_ws/src/install/custom_msg/share/custom_msg/msg/GpsData.idl
-- Installing: /home/etnw/senior_design_ws/src/install/custom_msg/share/custom_msg/msg/Coordinates.msg
-- Installing: /home/etnw/senior_design_ws/src/install/custom_msg/share/custom_msg/msg/TwoInt.msg
-- Installing: /home/etnw/senior_design_ws/src/install/custom_msg/share/custom_msg/msg/GpsData.msg
-- Installing: /home/etnw/senior_design_ws/src/install/custom_msg/share/ament_index/resource_index/package_run_dependencies/custom_msg
-- Installing: /home/etnw/senior_design_ws/src/install/custom_msg/share/ament_index/resource_index/parent_prefix_path/custom_msg
-- Installing: /home/etnw/senior_design_ws/src/install/custom_msg/share/custom_msg/environment/ament_prefix_path.sh
-- Installing: /home/etnw/senior_design_ws/src/install/custom_msg/share/custom_msg/environment/ament_prefix_path.dsv
-- Installing: /home/etnw/senior_design_ws/src/install/custom_msg/share/custom_msg/environment/path.sh
-- Installing: /home/etnw/senior_design_ws/src/install/custom_msg/share/custom_msg/environment/path.dsv
-- Installing: /home/etnw/senior_design_ws/src/install/custom_msg/share/custom_msg/local_setup.bash
-- Installing: /home/etnw/senior_design_ws/src/install/custom_msg/share/custom_msg/local_setup.sh
-- Installing: /home/etnw/senior_design_ws/src/install/custom_msg/share/custom_msg/local_setup.zsh
-- Installing: /home/etnw/senior_design_ws/src/install/custom_msg/share/custom_msg/local_setup.dsv
-- Installing: /home/etnw/senior_design_ws/src/install/custom_msg/share/custom_msg/package.dsv
-- Installing: /home/etnw/senior_design_ws/src/install/custom_msg/share/ament_index/resource_index/packages/custom_msg
-- Installing: /home/etnw/senior_design_ws/src/install/custom_msg/share/custom_msg/cmake/export_custom_msg__rosidl_generator_cExport.cmake
-- Installing: /home/etnw/senior_design_ws/src/install/custom_msg/share/custom_msg/cmake/export_custom_msg__rosidl_generator_cExport-noconfig.cmake
-- Installing: /home/etnw/senior_design_ws/src/install/custom_msg/share/custom_msg/cmake/export_custom_msg__rosidl_typesupport_fastrtps_cExport.cmake
-- Installing: /home/etnw/senior_design_ws/src/install/custom_msg/share/custom_msg/cmake/export_custom_msg__rosidl_typesupport_fastrtps_cExport-noconfig.cmake
-- Installing: /home/etnw/senior_design_ws/src/install/custom_msg/share/custom_msg/cmake/custom_msg__rosidl_typesupport_introspection_cExport.cmake
-- Installing: /home/etnw/senior_design_ws/src/install/custom_msg/share/custom_msg/cmake/custom_msg__rosidl_typesupport_introspection_cExport-noconfig.cmake
-- Installing: /home/etnw/senior_design_ws/src/install/custom_msg/share/custom_msg/cmake/custom_msg__rosidl_typesupport_cExport.cmake
-- Installing: /home/etnw/senior_design_ws/src/install/custom_msg/share/custom_msg/cmake/custom_msg__rosidl_typesupport_cExport-noconfig.cmake
-- Installing: /home/etnw/senior_design_ws/src/install/custom_msg/share/custom_msg/cmake/export_custom_msg__rosidl_generator_cppExport.cmake
-- Installing: /home/etnw/senior_design_ws/src/install/custom_msg/share/custom_msg/cmake/export_custom_msg__rosidl_typesupport_fastrtps_cppExport.cmake
-- Installing: /home/etnw/senior_design_ws/src/install/custom_msg/share/custom_msg/cmake/export_custom_msg__rosidl_typesupport_fastrtps_cppExport-noconfig.cmake
-- Installing: /home/etnw/senior_design_ws/src/install/custom_msg/share/custom_msg/cmake/custom_msg__rosidl_typesupport_introspection_cppExport.cmake
-- Installing: /home/etnw/senior_design_ws/src/install/custom_msg/share/custom_msg/cmake/custom_msg__rosidl_typesupport_introspection_cppExport-noconfig.cmake
-- Installing: /home/etnw/senior_design_ws/src/install/custom_msg/share/custom_msg/cmake/custom_msg__rosidl_typesupport_cppExport.cmake
-- Installing: /home/etnw/senior_design_ws/src/install/custom_msg/share/custom_msg/cmake/custom_msg__rosidl_typesupport_cppExport-noconfig.cmake
-- Installing: /home/etnw/senior_design_ws/src/install/custom_msg/share/custom_msg/cmake/export_custom_msg__rosidl_generator_pyExport.cmake
-- Installing: /home/etnw/senior_design_ws/src/install/custom_msg/share/custom_msg/cmake/export_custom_msg__rosidl_generator_pyExport-noconfig.cmake
-- Installing: /home/etnw/senior_design_ws/src/install/custom_msg/share/custom_msg/cmake/rosidl_cmake-extras.cmake
-- Installing: /home/etnw/senior_design_ws/src/install/custom_msg/share/custom_msg/cmake/ament_cmake_export_include_directories-extras.cmake
-- Installing: /home/etnw/senior_design_ws/src/install/custom_msg/share/custom_msg/cmake/ament_cmake_export_libraries-extras.cmake
-- Installing: /home/etnw/senior_design_ws/src/install/custom_msg/share/custom_msg/cmake/ament_cmake_export_targets-extras.cmake
-- Installing: /home/etnw/senior_design_ws/src/install/custom_msg/share/custom_msg/cmake/rosidl_cmake_export_typesupport_targets-extras.cmake
-- Installing: /home/etnw/senior_design_ws/src/install/custom_msg/share/custom_msg/cmake/ament_cmake_export_dependencies-extras.cmake
-- Installing: /home/etnw/senior_design_ws/src/install/custom_msg/share/custom_msg/cmake/rosidl_cmake_export_typesupport_libraries-extras.cmake
-- Installing: /home/etnw/senior_design_ws/src/install/custom_msg/share/custom_msg/cmake/custom_msgConfig.cmake
-- Installing: /home/etnw/senior_design_ws/src/install/custom_msg/share/custom_msg/cmake/custom_msgConfig-version.cmake
-- Installing: /home/etnw/senior_design_ws/src/install/custom_msg/share/custom_msg/package.xml
