[0.676s] Invoking command in '/home/hue/ros2_ws/src/gps_publisher': DEBUGINFOD_URLS=https://debuginfod.ubuntu.com PYTHONPATH=/home/hue/ros2_ws/src/build/gps_publisher/prefix_override:/usr/lib/python3/dist-packages/colcon_core/task/python/colcon_distutils_commands:/home/hue/ros2_ws/src/install/gps_publisher/lib/python3.12/site-packages:${PYTHONPATH} /usr/bin/python3 -W ignore:setup.py install is deprecated setup.py egg_info --egg-base ../build/gps_publisher build --build-base /home/hue/ros2_ws/src/build/gps_publisher/build install --record /home/hue/ros2_ws/src/build/gps_publisher/install.log --single-version-externally-managed install_data
[0.884s] running egg_info
[0.884s] creating ../build/gps_publisher/gps_publisher.egg-info
[0.895s] writing ../build/gps_publisher/gps_publisher.egg-info/PKG-INFO
[0.895s] writing dependency_links to ../build/gps_publisher/gps_publisher.egg-info/dependency_links.txt
[0.895s] writing entry points to ../build/gps_publisher/gps_publisher.egg-info/entry_points.txt
[0.895s] writing requirements to ../build/gps_publisher/gps_publisher.egg-info/requires.txt
[0.895s] writing top-level names to ../build/gps_publisher/gps_publisher.egg-info/top_level.txt
[0.896s] writing manifest file '../build/gps_publisher/gps_publisher.egg-info/SOURCES.txt'
[0.918s] reading manifest file '../build/gps_publisher/gps_publisher.egg-info/SOURCES.txt'
[0.918s] adding license file 'LICENSE'
[0.919s] writing manifest file '../build/gps_publisher/gps_publisher.egg-info/SOURCES.txt'
[0.919s] running build
[0.919s] running build_py
[0.919s] creating /home/hue/ros2_ws/src/build/gps_publisher/build
[0.919s] creating /home/hue/ros2_ws/src/build/gps_publisher/build/lib
[0.919s] creating /home/hue/ros2_ws/src/build/gps_publisher/build/lib/gps_publisher
[0.919s] copying gps_publisher/__init__.py -> /home/hue/ros2_ws/src/build/gps_publisher/build/lib/gps_publisher
[0.919s] copying gps_publisher/gps_node.py -> /home/hue/ros2_ws/src/build/gps_publisher/build/lib/gps_publisher
[0.920s] running install
[0.924s] running install_lib
[0.936s] creating /home/hue/ros2_ws/src/install/gps_publisher/lib/python3.12/site-packages/gps_publisher
[0.936s] copying /home/hue/ros2_ws/src/build/gps_publisher/build/lib/gps_publisher/__init__.py -> /home/hue/ros2_ws/src/install/gps_publisher/lib/python3.12/site-packages/gps_publisher
[0.936s] copying /home/hue/ros2_ws/src/build/gps_publisher/build/lib/gps_publisher/gps_node.py -> /home/hue/ros2_ws/src/install/gps_publisher/lib/python3.12/site-packages/gps_publisher
[0.936s] byte-compiling /home/hue/ros2_ws/src/install/gps_publisher/lib/python3.12/site-packages/gps_publisher/__init__.py to __init__.cpython-312.pyc
[0.936s] byte-compiling /home/hue/ros2_ws/src/install/gps_publisher/lib/python3.12/site-packages/gps_publisher/gps_node.py to gps_node.cpython-312.pyc
[0.937s] running install_data
[0.937s] creating /home/hue/ros2_ws/src/install/gps_publisher/share/ament_index
[0.937s] creating /home/hue/ros2_ws/src/install/gps_publisher/share/ament_index/resource_index
[0.937s] creating /home/hue/ros2_ws/src/install/gps_publisher/share/ament_index/resource_index/packages
[0.937s] copying resource/gps_publisher -> /home/hue/ros2_ws/src/install/gps_publisher/share/ament_index/resource_index/packages
[0.937s] copying package.xml -> /home/hue/ros2_ws/src/install/gps_publisher/share/gps_publisher
[0.938s] running install_egg_info
[0.950s] Copying ../build/gps_publisher/gps_publisher.egg-info to /home/hue/ros2_ws/src/install/gps_publisher/lib/python3.12/site-packages/gps_publisher-0.0.0-py3.12.egg-info
[0.950s] running install_scripts
[1.034s] Installing gps_node script to /home/hue/ros2_ws/src/install/gps_publisher/lib/gps_publisher
[1.034s] writing list of installed files to '/home/hue/ros2_ws/src/build/gps_publisher/install.log'
[1.055s] Invoked command in '/home/hue/ros2_ws/src/gps_publisher' returned '0': DEBUGINFOD_URLS=https://debuginfod.ubuntu.com PYTHONPATH=/home/hue/ros2_ws/src/build/gps_publisher/prefix_override:/usr/lib/python3/dist-packages/colcon_core/task/python/colcon_distutils_commands:/home/hue/ros2_ws/src/install/gps_publisher/lib/python3.12/site-packages:${PYTHONPATH} /usr/bin/python3 -W ignore:setup.py install is deprecated setup.py egg_info --egg-base ../build/gps_publisher build --build-base /home/hue/ros2_ws/src/build/gps_publisher/build install --record /home/hue/ros2_ws/src/build/gps_publisher/install.log --single-version-externally-managed install_data
