[0.682s] Invoking command in '/home/hue/ros2_ws/src/get_waypoints': DEBUGINFOD_URLS=https://debuginfod.ubuntu.com PYTHONPATH=/home/hue/ros2_ws/src/build/get_waypoints/prefix_override:/usr/lib/python3/dist-packages/colcon_core/task/python/colcon_distutils_commands:/home/hue/ros2_ws/src/install/get_waypoints/lib/python3.12/site-packages:${PYTHONPATH} /usr/bin/python3 -W ignore:setup.py install is deprecated setup.py egg_info --egg-base ../build/get_waypoints build --build-base /home/hue/ros2_ws/src/build/get_waypoints/build install --record /home/hue/ros2_ws/src/build/get_waypoints/install.log --single-version-externally-managed install_data
[0.853s] running egg_info
[0.853s] creating ../build/get_waypoints/get_waypoints.egg-info
[0.865s] writing ../build/get_waypoints/get_waypoints.egg-info/PKG-INFO
[0.865s] writing dependency_links to ../build/get_waypoints/get_waypoints.egg-info/dependency_links.txt
[0.865s] writing entry points to ../build/get_waypoints/get_waypoints.egg-info/entry_points.txt
[0.865s] writing requirements to ../build/get_waypoints/get_waypoints.egg-info/requires.txt
[0.865s] writing top-level names to ../build/get_waypoints/get_waypoints.egg-info/top_level.txt
[0.865s] writing manifest file '../build/get_waypoints/get_waypoints.egg-info/SOURCES.txt'
[0.887s] reading manifest file '../build/get_waypoints/get_waypoints.egg-info/SOURCES.txt'
[0.888s] adding license file 'LICENSE'
[0.888s] writing manifest file '../build/get_waypoints/get_waypoints.egg-info/SOURCES.txt'
[0.888s] running build
[0.888s] running build_py
[0.888s] creating /home/hue/ros2_ws/src/build/get_waypoints/build
[0.888s] creating /home/hue/ros2_ws/src/build/get_waypoints/build/lib
[0.889s] creating /home/hue/ros2_ws/src/build/get_waypoints/build/lib/get_waypoints
[0.889s] copying get_waypoints/__init__.py -> /home/hue/ros2_ws/src/build/get_waypoints/build/lib/get_waypoints
[0.889s] copying get_waypoints/waypoint_node.py -> /home/hue/ros2_ws/src/build/get_waypoints/build/lib/get_waypoints
[0.889s] copying get_waypoints/waypoint_from_txt_node.py -> /home/hue/ros2_ws/src/build/get_waypoints/build/lib/get_waypoints
[0.889s] running install
[0.893s] running install_lib
[0.905s] creating /home/hue/ros2_ws/src/install/get_waypoints/lib/python3.12/site-packages/get_waypoints
[0.905s] copying /home/hue/ros2_ws/src/build/get_waypoints/build/lib/get_waypoints/__init__.py -> /home/hue/ros2_ws/src/install/get_waypoints/lib/python3.12/site-packages/get_waypoints
[0.905s] copying /home/hue/ros2_ws/src/build/get_waypoints/build/lib/get_waypoints/waypoint_node.py -> /home/hue/ros2_ws/src/install/get_waypoints/lib/python3.12/site-packages/get_waypoints
[0.905s] copying /home/hue/ros2_ws/src/build/get_waypoints/build/lib/get_waypoints/waypoint_from_txt_node.py -> /home/hue/ros2_ws/src/install/get_waypoints/lib/python3.12/site-packages/get_waypoints
[0.905s] byte-compiling /home/hue/ros2_ws/src/install/get_waypoints/lib/python3.12/site-packages/get_waypoints/__init__.py to __init__.cpython-312.pyc
[0.905s] byte-compiling /home/hue/ros2_ws/src/install/get_waypoints/lib/python3.12/site-packages/get_waypoints/waypoint_node.py to waypoint_node.cpython-312.pyc
[0.906s] byte-compiling /home/hue/ros2_ws/src/install/get_waypoints/lib/python3.12/site-packages/get_waypoints/waypoint_from_txt_node.py to waypoint_from_txt_node.cpython-312.pyc
[0.906s] running install_data
[0.906s] creating /home/hue/ros2_ws/src/install/get_waypoints/share/ament_index
[0.907s] creating /home/hue/ros2_ws/src/install/get_waypoints/share/ament_index/resource_index
[0.907s] creating /home/hue/ros2_ws/src/install/get_waypoints/share/ament_index/resource_index/packages
[0.907s] copying resource/get_waypoints -> /home/hue/ros2_ws/src/install/get_waypoints/share/ament_index/resource_index/packages
[0.907s] copying package.xml -> /home/hue/ros2_ws/src/install/get_waypoints/share/get_waypoints
[0.907s] running install_egg_info
[0.919s] Copying ../build/get_waypoints/get_waypoints.egg-info to /home/hue/ros2_ws/src/install/get_waypoints/lib/python3.12/site-packages/get_waypoints-0.0.0-py3.12.egg-info
[0.919s] running install_scripts
[0.997s] Installing waypoint_from_txt_node script to /home/hue/ros2_ws/src/install/get_waypoints/lib/get_waypoints
[0.997s] Installing waypoint_node script to /home/hue/ros2_ws/src/install/get_waypoints/lib/get_waypoints
[0.997s] writing list of installed files to '/home/hue/ros2_ws/src/build/get_waypoints/install.log'
[1.017s] Invoked command in '/home/hue/ros2_ws/src/get_waypoints' returned '0': DEBUGINFOD_URLS=https://debuginfod.ubuntu.com PYTHONPATH=/home/hue/ros2_ws/src/build/get_waypoints/prefix_override:/usr/lib/python3/dist-packages/colcon_core/task/python/colcon_distutils_commands:/home/hue/ros2_ws/src/install/get_waypoints/lib/python3.12/site-packages:${PYTHONPATH} /usr/bin/python3 -W ignore:setup.py install is deprecated setup.py egg_info --egg-base ../build/get_waypoints build --build-base /home/hue/ros2_ws/src/build/get_waypoints/build install --record /home/hue/ros2_ws/src/build/get_waypoints/install.log --single-version-externally-managed install_data
