[0.009s] Invoking command in '/home/etnw/senior_design_ws/src/build/custom_msg': CMAKE_PREFIX_PATH=${CMAKE_PREFIX_PATH}:/home/etnw/senior_design_ws/install/navigator:/home/etnw/senior_design_ws/install/gps_publisher:/home/etnw/senior_design_ws/install/get_waypoints:/home/etnw/senior_design_ws/install/arduino_reader:/opt/ros/humble /usr/bin/cmake --build /home/etnw/senior_design_ws/src/build/custom_msg -- -j6 -l6
[0.138s] [  2%] Built target custom_msg__cpp
[0.138s] [  2%] Built target ament_cmake_python_copy_custom_msg
[0.138s] [ 12%] Built target custom_msg__rosidl_generator_c
[0.139s] [ 27%] Built target custom_msg__rosidl_typesupport_introspection_cpp
[0.139s] [ 34%] Built target custom_msg__rosidl_typesupport_cpp
[0.139s] [ 44%] Built target custom_msg__rosidl_typesupport_fastrtps_cpp
[0.139s] [ 55%] Built target custom_msg__rosidl_typesupport_introspection_c
[0.139s] [ 65%] Built target custom_msg__rosidl_typesupport_fastrtps_c
[0.139s] [ 76%] Built target custom_msg__rosidl_typesupport_c
[0.139s] [ 76%] Built target custom_msg
[0.139s] [ 78%] Built target custom_msg__py
[0.139s] [ 87%] Built target custom_msg__rosidl_generator_py
[0.139s] [ 91%] Built target custom_msg__rosidl_typesupport_fastrtps_c__pyext
[0.139s] [100%] Built target custom_msg__rosidl_typesupport_c__pyext
[0.139s] [100%] Built target custom_msg__rosidl_typesupport_introspection_c__pyext
[0.164s] running egg_info
[0.169s] writing custom_msg.egg-info/PKG-INFO
[0.169s] writing dependency_links to custom_msg.egg-info/dependency_links.txt
[0.169s] writing top-level names to custom_msg.egg-info/top_level.txt
[0.171s] reading manifest file 'custom_msg.egg-info/SOURCES.txt'
[0.171s] writing manifest file 'custom_msg.egg-info/SOURCES.txt'
[0.185s] [100%] Built target ament_cmake_python_build_custom_msg_egg
[0.265s] Invoked command in '/home/etnw/senior_design_ws/src/build/custom_msg' returned '0': CMAKE_PREFIX_PATH=${CMAKE_PREFIX_PATH}:/home/etnw/senior_design_ws/install/navigator:/home/etnw/senior_design_ws/install/gps_publisher:/home/etnw/senior_design_ws/install/get_waypoints:/home/etnw/senior_design_ws/install/arduino_reader:/opt/ros/humble /usr/bin/cmake --build /home/etnw/senior_design_ws/src/build/custom_msg -- -j6 -l6
[0.311s] Invoking command in '/home/etnw/senior_design_ws/src/build/custom_msg': CMAKE_PREFIX_PATH=${CMAKE_PREFIX_PATH}:/home/etnw/senior_design_ws/install/navigator:/home/etnw/senior_design_ws/install/gps_publisher:/home/etnw/senior_design_ws/install/get_waypoints:/home/etnw/senior_design_ws/install/arduino_reader:/opt/ros/humble /usr/bin/cmake --install /home/etnw/senior_design_ws/src/build/custom_msg
[0.315s] -- Install configuration: ""
[0.315s] -- Up-to-date: /home/etnw/senior_design_ws/src/install/custom_msg/share/ament_index/resource_index/rosidl_interfaces/custom_msg
[0.315s] -- Up-to-date: /home/etnw/senior_design_ws/src/install/custom_msg/include/custom_msg/custom_msg
[0.315s] -- Up-to-date: /home/etnw/senior_design_ws/src/install/custom_msg/include/custom_msg/custom_msg/msg
[0.315s] -- Up-to-date: /home/etnw/senior_design_ws/src/install/custom_msg/include/custom_msg/custom_msg/msg/coordinates.h
[0.315s] -- Up-to-date: /home/etnw/senior_design_ws/src/install/custom_msg/include/custom_msg/custom_msg/msg/two_int.h
[0.315s] -- Up-to-date: /home/etnw/senior_design_ws/src/install/custom_msg/include/custom_msg/custom_msg/msg/rosidl_generator_c__visibility_control.h
[0.315s] -- Up-to-date: /home/etnw/senior_design_ws/src/install/custom_msg/include/custom_msg/custom_msg/msg/detail
[0.315s] -- Up-to-date: /home/etnw/senior_design_ws/src/install/custom_msg/include/custom_msg/custom_msg/msg/detail/gps_data__type_support.h
[0.315s] -- Up-to-date: /home/etnw/senior_design_ws/src/install/custom_msg/include/custom_msg/custom_msg/msg/detail/gps_data__functions.h
[0.315s] -- Up-to-date: /home/etnw/senior_design_ws/src/install/custom_msg/include/custom_msg/custom_msg/msg/detail/gps_data__struct.h
[0.316s] -- Up-to-date: /home/etnw/senior_design_ws/src/install/custom_msg/include/custom_msg/custom_msg/msg/detail/coordinates__functions.h
[0.316s] -- Up-to-date: /home/etnw/senior_design_ws/src/install/custom_msg/include/custom_msg/custom_msg/msg/detail/coordinates__functions.c
[0.316s] -- Up-to-date: /home/etnw/senior_design_ws/src/install/custom_msg/include/custom_msg/custom_msg/msg/detail/two_int__type_support.h
[0.316s] -- Up-to-date: /home/etnw/senior_design_ws/src/install/custom_msg/include/custom_msg/custom_msg/msg/detail/two_int__struct.h
[0.316s] -- Up-to-date: /home/etnw/senior_design_ws/src/install/custom_msg/include/custom_msg/custom_msg/msg/detail/gps_data__functions.c
[0.316s] -- Up-to-date: /home/etnw/senior_design_ws/src/install/custom_msg/include/custom_msg/custom_msg/msg/detail/coordinates__struct.h
[0.316s] -- Up-to-date: /home/etnw/senior_design_ws/src/install/custom_msg/include/custom_msg/custom_msg/msg/detail/two_int__functions.c
[0.316s] -- Up-to-date: /home/etnw/senior_design_ws/src/install/custom_msg/include/custom_msg/custom_msg/msg/detail/two_int__functions.h
[0.316s] -- Up-to-date: /home/etnw/senior_design_ws/src/install/custom_msg/include/custom_msg/custom_msg/msg/detail/coordinates__type_support.h
[0.316s] -- Up-to-date: /home/etnw/senior_design_ws/src/install/custom_msg/include/custom_msg/custom_msg/msg/gps_data.h
[0.316s] -- Up-to-date: /home/etnw/senior_design_ws/src/install/custom_msg/share/custom_msg/environment/library_path.sh
[0.316s] -- Up-to-date: /home/etnw/senior_design_ws/src/install/custom_msg/share/custom_msg/environment/library_path.dsv
[0.316s] -- Up-to-date: /home/etnw/senior_design_ws/src/install/custom_msg/lib/libcustom_msg__rosidl_generator_c.so
[0.316s] -- Up-to-date: /home/etnw/senior_design_ws/src/install/custom_msg/include/custom_msg/custom_msg
[0.316s] -- Up-to-date: /home/etnw/senior_design_ws/src/install/custom_msg/include/custom_msg/custom_msg/msg
[0.316s] -- Up-to-date: /home/etnw/senior_design_ws/src/install/custom_msg/include/custom_msg/custom_msg/msg/rosidl_typesupport_fastrtps_c__visibility_control.h
[0.316s] -- Up-to-date: /home/etnw/senior_design_ws/src/install/custom_msg/include/custom_msg/custom_msg/msg/detail
[0.316s] -- Up-to-date: /home/etnw/senior_design_ws/src/install/custom_msg/include/custom_msg/custom_msg/msg/detail/gps_data__rosidl_typesupport_fastrtps_c.h
[0.316s] -- Up-to-date: /home/etnw/senior_design_ws/src/install/custom_msg/include/custom_msg/custom_msg/msg/detail/coordinates__rosidl_typesupport_fastrtps_c.h
[0.316s] -- Up-to-date: /home/etnw/senior_design_ws/src/install/custom_msg/include/custom_msg/custom_msg/msg/detail/two_int__rosidl_typesupport_fastrtps_c.h
[0.317s] -- Up-to-date: /home/etnw/senior_design_ws/src/install/custom_msg/lib/libcustom_msg__rosidl_typesupport_fastrtps_c.so
[0.317s] -- Up-to-date: /home/etnw/senior_design_ws/src/install/custom_msg/include/custom_msg/custom_msg
[0.317s] -- Up-to-date: /home/etnw/senior_design_ws/src/install/custom_msg/include/custom_msg/custom_msg/msg
[0.317s] -- Up-to-date: /home/etnw/senior_design_ws/src/install/custom_msg/include/custom_msg/custom_msg/msg/rosidl_typesupport_introspection_c__visibility_control.h
[0.317s] -- Up-to-date: /home/etnw/senior_design_ws/src/install/custom_msg/include/custom_msg/custom_msg/msg/detail
[0.317s] -- Up-to-date: /home/etnw/senior_design_ws/src/install/custom_msg/include/custom_msg/custom_msg/msg/detail/coordinates__type_support.c
[0.317s] -- Up-to-date: /home/etnw/senior_design_ws/src/install/custom_msg/include/custom_msg/custom_msg/msg/detail/two_int__rosidl_typesupport_introspection_c.h
[0.317s] -- Up-to-date: /home/etnw/senior_design_ws/src/install/custom_msg/include/custom_msg/custom_msg/msg/detail/two_int__type_support.c
[0.317s] -- Up-to-date: /home/etnw/senior_design_ws/src/install/custom_msg/include/custom_msg/custom_msg/msg/detail/gps_data__rosidl_typesupport_introspection_c.h
[0.317s] -- Up-to-date: /home/etnw/senior_design_ws/src/install/custom_msg/include/custom_msg/custom_msg/msg/detail/coordinates__rosidl_typesupport_introspection_c.h
[0.317s] -- Up-to-date: /home/etnw/senior_design_ws/src/install/custom_msg/include/custom_msg/custom_msg/msg/detail/gps_data__type_support.c
[0.317s] -- Up-to-date: /home/etnw/senior_design_ws/src/install/custom_msg/lib/libcustom_msg__rosidl_typesupport_introspection_c.so
[0.317s] -- Up-to-date: /home/etnw/senior_design_ws/src/install/custom_msg/lib/libcustom_msg__rosidl_typesupport_c.so
[0.317s] -- Up-to-date: /home/etnw/senior_design_ws/src/install/custom_msg/include/custom_msg/custom_msg
[0.317s] -- Up-to-date: /home/etnw/senior_design_ws/src/install/custom_msg/include/custom_msg/custom_msg/msg
[0.317s] -- Up-to-date: /home/etnw/senior_design_ws/src/install/custom_msg/include/custom_msg/custom_msg/msg/coordinates.hpp
[0.317s] -- Up-to-date: /home/etnw/senior_design_ws/src/install/custom_msg/include/custom_msg/custom_msg/msg/two_int.hpp
[0.317s] -- Up-to-date: /home/etnw/senior_design_ws/src/install/custom_msg/include/custom_msg/custom_msg/msg/gps_data.hpp
[0.317s] -- Up-to-date: /home/etnw/senior_design_ws/src/install/custom_msg/include/custom_msg/custom_msg/msg/detail
[0.317s] -- Up-to-date: /home/etnw/senior_design_ws/src/install/custom_msg/include/custom_msg/custom_msg/msg/detail/two_int__builder.hpp
[0.317s] -- Up-to-date: /home/etnw/senior_design_ws/src/install/custom_msg/include/custom_msg/custom_msg/msg/detail/coordinates__builder.hpp
[0.318s] -- Up-to-date: /home/etnw/senior_design_ws/src/install/custom_msg/include/custom_msg/custom_msg/msg/detail/two_int__struct.hpp
[0.318s] -- Up-to-date: /home/etnw/senior_design_ws/src/install/custom_msg/include/custom_msg/custom_msg/msg/detail/coordinates__struct.hpp
[0.318s] -- Up-to-date: /home/etnw/senior_design_ws/src/install/custom_msg/include/custom_msg/custom_msg/msg/detail/gps_data__traits.hpp
[0.318s] -- Up-to-date: /home/etnw/senior_design_ws/src/install/custom_msg/include/custom_msg/custom_msg/msg/detail/gps_data__builder.hpp
[0.318s] -- Up-to-date: /home/etnw/senior_design_ws/src/install/custom_msg/include/custom_msg/custom_msg/msg/detail/gps_data__struct.hpp
[0.318s] -- Up-to-date: /home/etnw/senior_design_ws/src/install/custom_msg/include/custom_msg/custom_msg/msg/detail/coordinates__traits.hpp
[0.318s] -- Up-to-date: /home/etnw/senior_design_ws/src/install/custom_msg/include/custom_msg/custom_msg/msg/detail/two_int__traits.hpp
[0.318s] -- Up-to-date: /home/etnw/senior_design_ws/src/install/custom_msg/include/custom_msg/custom_msg
[0.318s] -- Up-to-date: /home/etnw/senior_design_ws/src/install/custom_msg/include/custom_msg/custom_msg/msg
[0.318s] -- Up-to-date: /home/etnw/senior_design_ws/src/install/custom_msg/include/custom_msg/custom_msg/msg/detail
[0.318s] -- Up-to-date: /home/etnw/senior_design_ws/src/install/custom_msg/include/custom_msg/custom_msg/msg/detail/coordinates__rosidl_typesupport_fastrtps_cpp.hpp
[0.318s] -- Up-to-date: /home/etnw/senior_design_ws/src/install/custom_msg/include/custom_msg/custom_msg/msg/detail/gps_data__rosidl_typesupport_fastrtps_cpp.hpp
[0.318s] -- Up-to-date: /home/etnw/senior_design_ws/src/install/custom_msg/include/custom_msg/custom_msg/msg/detail/two_int__rosidl_typesupport_fastrtps_cpp.hpp
[0.318s] -- Up-to-date: /home/etnw/senior_design_ws/src/install/custom_msg/include/custom_msg/custom_msg/msg/detail/dds_fastrtps
[0.318s] -- Up-to-date: /home/etnw/senior_design_ws/src/install/custom_msg/include/custom_msg/custom_msg/msg/rosidl_typesupport_fastrtps_cpp__visibility_control.h
[0.318s] -- Up-to-date: /home/etnw/senior_design_ws/src/install/custom_msg/lib/libcustom_msg__rosidl_typesupport_fastrtps_cpp.so
[0.318s] -- Up-to-date: /home/etnw/senior_design_ws/src/install/custom_msg/include/custom_msg/custom_msg
[0.318s] -- Up-to-date: /home/etnw/senior_design_ws/src/install/custom_msg/include/custom_msg/custom_msg/msg
[0.318s] -- Up-to-date: /home/etnw/senior_design_ws/src/install/custom_msg/include/custom_msg/custom_msg/msg/detail
[0.318s] -- Up-to-date: /home/etnw/senior_design_ws/src/install/custom_msg/include/custom_msg/custom_msg/msg/detail/two_int__rosidl_typesupport_introspection_cpp.hpp
[0.318s] -- Up-to-date: /home/etnw/senior_design_ws/src/install/custom_msg/include/custom_msg/custom_msg/msg/detail/gps_data__rosidl_typesupport_introspection_cpp.hpp
[0.318s] -- Up-to-date: /home/etnw/senior_design_ws/src/install/custom_msg/include/custom_msg/custom_msg/msg/detail/two_int__type_support.cpp
[0.318s] -- Up-to-date: /home/etnw/senior_design_ws/src/install/custom_msg/include/custom_msg/custom_msg/msg/detail/gps_data__type_support.cpp
[0.318s] -- Up-to-date: /home/etnw/senior_design_ws/src/install/custom_msg/include/custom_msg/custom_msg/msg/detail/coordinates__rosidl_typesupport_introspection_cpp.hpp
[0.318s] -- Up-to-date: /home/etnw/senior_design_ws/src/install/custom_msg/include/custom_msg/custom_msg/msg/detail/coordinates__type_support.cpp
[0.318s] -- Up-to-date: /home/etnw/senior_design_ws/src/install/custom_msg/lib/libcustom_msg__rosidl_typesupport_introspection_cpp.so
[0.318s] -- Up-to-date: /home/etnw/senior_design_ws/src/install/custom_msg/lib/libcustom_msg__rosidl_typesupport_cpp.so
[0.318s] -- Up-to-date: /home/etnw/senior_design_ws/src/install/custom_msg/share/custom_msg/environment/pythonpath.sh
[0.318s] -- Up-to-date: /home/etnw/senior_design_ws/src/install/custom_msg/share/custom_msg/environment/pythonpath.dsv
[0.318s] -- Up-to-date: /home/etnw/senior_design_ws/src/install/custom_msg/local/lib/python3.10/dist-packages/custom_msg-0.0.0-py3.10.egg-info
[0.318s] -- Installing: /home/etnw/senior_design_ws/src/install/custom_msg/local/lib/python3.10/dist-packages/custom_msg-0.0.0-py3.10.egg-info/PKG-INFO
[0.318s] -- Installing: /home/etnw/senior_design_ws/src/install/custom_msg/local/lib/python3.10/dist-packages/custom_msg-0.0.0-py3.10.egg-info/dependency_links.txt
[0.318s] -- Installing: /home/etnw/senior_design_ws/src/install/custom_msg/local/lib/python3.10/dist-packages/custom_msg-0.0.0-py3.10.egg-info/top_level.txt
[0.319s] -- Installing: /home/etnw/senior_design_ws/src/install/custom_msg/local/lib/python3.10/dist-packages/custom_msg-0.0.0-py3.10.egg-info/SOURCES.txt
[0.319s] -- Up-to-date: /home/etnw/senior_design_ws/src/install/custom_msg/local/lib/python3.10/dist-packages/custom_msg
[0.319s] -- Up-to-date: /home/etnw/senior_design_ws/src/install/custom_msg/local/lib/python3.10/dist-packages/custom_msg/libcustom_msg__rosidl_generator_py.so
[0.319s] -- Up-to-date: /home/etnw/senior_design_ws/src/install/custom_msg/local/lib/python3.10/dist-packages/custom_msg/_custom_msg_s.ep.rosidl_typesupport_introspection_c.c
[0.319s] -- Up-to-date: /home/etnw/senior_design_ws/src/install/custom_msg/local/lib/python3.10/dist-packages/custom_msg/__init__.py
[0.319s] -- Up-to-date: /home/etnw/senior_design_ws/src/install/custom_msg/local/lib/python3.10/dist-packages/custom_msg/custom_msg_s__rosidl_typesupport_fastrtps_c.cpython-310-aarch64-linux-gnu.so
[0.319s] -- Up-to-date: /home/etnw/senior_design_ws/src/install/custom_msg/local/lib/python3.10/dist-packages/custom_msg/_custom_msg_s.ep.rosidl_typesupport_fastrtps_c.c
[0.319s] -- Up-to-date: /home/etnw/senior_design_ws/src/install/custom_msg/local/lib/python3.10/dist-packages/custom_msg/_custom_msg_s.ep.rosidl_typesupport_c.c
[0.319s] -- Up-to-date: /home/etnw/senior_design_ws/src/install/custom_msg/local/lib/python3.10/dist-packages/custom_msg/msg
[0.319s] -- Up-to-date: /home/etnw/senior_design_ws/src/install/custom_msg/local/lib/python3.10/dist-packages/custom_msg/msg/_two_int.py
[0.319s] -- Up-to-date: /home/etnw/senior_design_ws/src/install/custom_msg/local/lib/python3.10/dist-packages/custom_msg/msg/_two_int_s.c
[0.319s] -- Up-to-date: /home/etnw/senior_design_ws/src/install/custom_msg/local/lib/python3.10/dist-packages/custom_msg/msg/__init__.py
[0.319s] -- Up-to-date: /home/etnw/senior_design_ws/src/install/custom_msg/local/lib/python3.10/dist-packages/custom_msg/msg/_gps_data.py
[0.319s] -- Up-to-date: /home/etnw/senior_design_ws/src/install/custom_msg/local/lib/python3.10/dist-packages/custom_msg/msg/_coordinates.py
[0.319s] -- Up-to-date: /home/etnw/senior_design_ws/src/install/custom_msg/local/lib/python3.10/dist-packages/custom_msg/msg/_gps_data_s.c
[0.319s] -- Up-to-date: /home/etnw/senior_design_ws/src/install/custom_msg/local/lib/python3.10/dist-packages/custom_msg/msg/_coordinates_s.c
[0.319s] -- Up-to-date: /home/etnw/senior_design_ws/src/install/custom_msg/local/lib/python3.10/dist-packages/custom_msg/custom_msg_s__rosidl_typesupport_c.cpython-310-aarch64-linux-gnu.so
[0.319s] -- Up-to-date: /home/etnw/senior_design_ws/src/install/custom_msg/local/lib/python3.10/dist-packages/custom_msg/custom_msg_s__rosidl_typesupport_introspection_c.cpython-310-aarch64-linux-gnu.so
[0.335s] Listing '/home/etnw/senior_design_ws/src/install/custom_msg/local/lib/python3.10/dist-packages/custom_msg'...
[0.335s] Listing '/home/etnw/senior_design_ws/src/install/custom_msg/local/lib/python3.10/dist-packages/custom_msg/msg'...
[0.337s] -- Up-to-date: /home/etnw/senior_design_ws/src/install/custom_msg/local/lib/python3.10/dist-packages/custom_msg/custom_msg_s__rosidl_typesupport_fastrtps_c.cpython-310-aarch64-linux-gnu.so
[0.338s] -- Up-to-date: /home/etnw/senior_design_ws/src/install/custom_msg/local/lib/python3.10/dist-packages/custom_msg/custom_msg_s__rosidl_typesupport_introspection_c.cpython-310-aarch64-linux-gnu.so
[0.338s] -- Up-to-date: /home/etnw/senior_design_ws/src/install/custom_msg/local/lib/python3.10/dist-packages/custom_msg/custom_msg_s__rosidl_typesupport_c.cpython-310-aarch64-linux-gnu.so
[0.338s] -- Up-to-date: /home/etnw/senior_design_ws/src/install/custom_msg/lib/libcustom_msg__rosidl_generator_py.so
[0.338s] -- Up-to-date: /home/etnw/senior_design_ws/src/install/custom_msg/share/custom_msg/msg/Coordinates.idl
[0.338s] -- Up-to-date: /home/etnw/senior_design_ws/src/install/custom_msg/share/custom_msg/msg/TwoInt.idl
[0.338s] -- Up-to-date: /home/etnw/senior_design_ws/src/install/custom_msg/share/custom_msg/msg/GpsData.idl
[0.338s] -- Up-to-date: /home/etnw/senior_design_ws/src/install/custom_msg/share/custom_msg/msg/Coordinates.msg
[0.338s] -- Up-to-date: /home/etnw/senior_design_ws/src/install/custom_msg/share/custom_msg/msg/TwoInt.msg
[0.338s] -- Up-to-date: /home/etnw/senior_design_ws/src/install/custom_msg/share/custom_msg/msg/GpsData.msg
[0.338s] -- Up-to-date: /home/etnw/senior_design_ws/src/install/custom_msg/share/ament_index/resource_index/package_run_dependencies/custom_msg
[0.338s] -- Up-to-date: /home/etnw/senior_design_ws/src/install/custom_msg/share/ament_index/resource_index/parent_prefix_path/custom_msg
[0.338s] -- Up-to-date: /home/etnw/senior_design_ws/src/install/custom_msg/share/custom_msg/environment/ament_prefix_path.sh
[0.338s] -- Up-to-date: /home/etnw/senior_design_ws/src/install/custom_msg/share/custom_msg/environment/ament_prefix_path.dsv
[0.338s] -- Up-to-date: /home/etnw/senior_design_ws/src/install/custom_msg/share/custom_msg/environment/path.sh
[0.339s] -- Up-to-date: /home/etnw/senior_design_ws/src/install/custom_msg/share/custom_msg/environment/path.dsv
[0.339s] -- Up-to-date: /home/etnw/senior_design_ws/src/install/custom_msg/share/custom_msg/local_setup.bash
[0.339s] -- Up-to-date: /home/etnw/senior_design_ws/src/install/custom_msg/share/custom_msg/local_setup.sh
[0.339s] -- Up-to-date: /home/etnw/senior_design_ws/src/install/custom_msg/share/custom_msg/local_setup.zsh
[0.339s] -- Up-to-date: /home/etnw/senior_design_ws/src/install/custom_msg/share/custom_msg/local_setup.dsv
[0.339s] -- Installing: /home/etnw/senior_design_ws/src/install/custom_msg/share/custom_msg/package.dsv
[0.339s] -- Up-to-date: /home/etnw/senior_design_ws/src/install/custom_msg/share/ament_index/resource_index/packages/custom_msg
[0.339s] -- Up-to-date: /home/etnw/senior_design_ws/src/install/custom_msg/share/custom_msg/cmake/export_custom_msg__rosidl_generator_cExport.cmake
[0.339s] -- Up-to-date: /home/etnw/senior_design_ws/src/install/custom_msg/share/custom_msg/cmake/export_custom_msg__rosidl_generator_cExport-noconfig.cmake
[0.339s] -- Up-to-date: /home/etnw/senior_design_ws/src/install/custom_msg/share/custom_msg/cmake/export_custom_msg__rosidl_typesupport_fastrtps_cExport.cmake
[0.339s] -- Up-to-date: /home/etnw/senior_design_ws/src/install/custom_msg/share/custom_msg/cmake/export_custom_msg__rosidl_typesupport_fastrtps_cExport-noconfig.cmake
[0.339s] -- Up-to-date: /home/etnw/senior_design_ws/src/install/custom_msg/share/custom_msg/cmake/custom_msg__rosidl_typesupport_introspection_cExport.cmake
[0.339s] -- Up-to-date: /home/etnw/senior_design_ws/src/install/custom_msg/share/custom_msg/cmake/custom_msg__rosidl_typesupport_introspection_cExport-noconfig.cmake
[0.339s] -- Up-to-date: /home/etnw/senior_design_ws/src/install/custom_msg/share/custom_msg/cmake/custom_msg__rosidl_typesupport_cExport.cmake
[0.339s] -- Up-to-date: /home/etnw/senior_design_ws/src/install/custom_msg/share/custom_msg/cmake/custom_msg__rosidl_typesupport_cExport-noconfig.cmake
[0.339s] -- Up-to-date: /home/etnw/senior_design_ws/src/install/custom_msg/share/custom_msg/cmake/export_custom_msg__rosidl_generator_cppExport.cmake
[0.339s] -- Up-to-date: /home/etnw/senior_design_ws/src/install/custom_msg/share/custom_msg/cmake/export_custom_msg__rosidl_typesupport_fastrtps_cppExport.cmake
[0.339s] -- Up-to-date: /home/etnw/senior_design_ws/src/install/custom_msg/share/custom_msg/cmake/export_custom_msg__rosidl_typesupport_fastrtps_cppExport-noconfig.cmake
[0.339s] -- Up-to-date: /home/etnw/senior_design_ws/src/install/custom_msg/share/custom_msg/cmake/custom_msg__rosidl_typesupport_introspection_cppExport.cmake
[0.339s] -- Up-to-date: /home/etnw/senior_design_ws/src/install/custom_msg/share/custom_msg/cmake/custom_msg__rosidl_typesupport_introspection_cppExport-noconfig.cmake
[0.340s] -- Up-to-date: /home/etnw/senior_design_ws/src/install/custom_msg/share/custom_msg/cmake/custom_msg__rosidl_typesupport_cppExport.cmake
[0.340s] -- Up-to-date: /home/etnw/senior_design_ws/src/install/custom_msg/share/custom_msg/cmake/custom_msg__rosidl_typesupport_cppExport-noconfig.cmake
[0.340s] -- Up-to-date: /home/etnw/senior_design_ws/src/install/custom_msg/share/custom_msg/cmake/export_custom_msg__rosidl_generator_pyExport.cmake
[0.340s] -- Up-to-date: /home/etnw/senior_design_ws/src/install/custom_msg/share/custom_msg/cmake/export_custom_msg__rosidl_generator_pyExport-noconfig.cmake
[0.340s] -- Up-to-date: /home/etnw/senior_design_ws/src/install/custom_msg/share/custom_msg/cmake/rosidl_cmake-extras.cmake
[0.340s] -- Up-to-date: /home/etnw/senior_design_ws/src/install/custom_msg/share/custom_msg/cmake/ament_cmake_export_include_directories-extras.cmake
[0.340s] -- Up-to-date: /home/etnw/senior_design_ws/src/install/custom_msg/share/custom_msg/cmake/ament_cmake_export_libraries-extras.cmake
[0.340s] -- Up-to-date: /home/etnw/senior_design_ws/src/install/custom_msg/share/custom_msg/cmake/ament_cmake_export_targets-extras.cmake
[0.340s] -- Up-to-date: /home/etnw/senior_design_ws/src/install/custom_msg/share/custom_msg/cmake/rosidl_cmake_export_typesupport_targets-extras.cmake
[0.340s] -- Up-to-date: /home/etnw/senior_design_ws/src/install/custom_msg/share/custom_msg/cmake/ament_cmake_export_dependencies-extras.cmake
[0.340s] -- Up-to-date: /home/etnw/senior_design_ws/src/install/custom_msg/share/custom_msg/cmake/rosidl_cmake_export_typesupport_libraries-extras.cmake
[0.340s] -- Up-to-date: /home/etnw/senior_design_ws/src/install/custom_msg/share/custom_msg/cmake/custom_msgConfig.cmake
[0.340s] -- Up-to-date: /home/etnw/senior_design_ws/src/install/custom_msg/share/custom_msg/cmake/custom_msgConfig-version.cmake
[0.340s] -- Up-to-date: /home/etnw/senior_design_ws/src/install/custom_msg/share/custom_msg/package.xml
[0.341s] Invoked command in '/home/etnw/senior_design_ws/src/build/custom_msg' returned '0': CMAKE_PREFIX_PATH=${CMAKE_PREFIX_PATH}:/home/etnw/senior_design_ws/install/navigator:/home/etnw/senior_design_ws/install/gps_publisher:/home/etnw/senior_design_ws/install/get_waypoints:/home/etnw/senior_design_ws/install/arduino_reader:/opt/ros/humble /usr/bin/cmake --install /home/etnw/senior_design_ws/src/build/custom_msg
