running egg_info
creating ../build/arduino_reader/arduino_reader.egg-info
writing ../build/arduino_reader/arduino_reader.egg-info/PKG-INFO
writing dependency_links to ../build/arduino_reader/arduino_reader.egg-info/dependency_links.txt
writing entry points to ../build/arduino_reader/arduino_reader.egg-info/entry_points.txt
writing requirements to ../build/arduino_reader/arduino_reader.egg-info/requires.txt
writing top-level names to ../build/arduino_reader/arduino_reader.egg-info/top_level.txt
writing manifest file '../build/arduino_reader/arduino_reader.egg-info/SOURCES.txt'
reading manifest file '../build/arduino_reader/arduino_reader.egg-info/SOURCES.txt'
adding license file 'LICENSE'
writing manifest file '../build/arduino_reader/arduino_reader.egg-info/SOURCES.txt'
running build
running build_py
creating /home/etnw/senior_design_ws/src/build/arduino_reader/build
creating /home/etnw/senior_design_ws/src/build/arduino_reader/build/lib
creating /home/etnw/senior_design_ws/src/build/arduino_reader/build/lib/arduino_reader
copying arduino_reader/__init__.py -> /home/etnw/senior_design_ws/src/build/arduino_reader/build/lib/arduino_reader
copying arduino_reader/arduino_serial_node.py -> /home/etnw/senior_design_ws/src/build/arduino_reader/build/lib/arduino_reader
copying arduino_reader/arduino_serial_node_old.py -> /home/etnw/senior_design_ws/src/build/arduino_reader/build/lib/arduino_reader
running install
running install_lib
creating /home/etnw/senior_design_ws/src/install/arduino_reader/lib/python3.10/site-packages/arduino_reader
copying /home/etnw/senior_design_ws/src/build/arduino_reader/build/lib/arduino_reader/__init__.py -> /home/etnw/senior_design_ws/src/install/arduino_reader/lib/python3.10/site-packages/arduino_reader
copying /home/etnw/senior_design_ws/src/build/arduino_reader/build/lib/arduino_reader/arduino_serial_node.py -> /home/etnw/senior_design_ws/src/install/arduino_reader/lib/python3.10/site-packages/arduino_reader
copying /home/etnw/senior_design_ws/src/build/arduino_reader/build/lib/arduino_reader/arduino_serial_node_old.py -> /home/etnw/senior_design_ws/src/install/arduino_reader/lib/python3.10/site-packages/arduino_reader
byte-compiling /home/etnw/senior_design_ws/src/install/arduino_reader/lib/python3.10/site-packages/arduino_reader/__init__.py to __init__.cpython-310.pyc
byte-compiling /home/etnw/senior_design_ws/src/install/arduino_reader/lib/python3.10/site-packages/arduino_reader/arduino_serial_node.py to arduino_serial_node.cpython-310.pyc
byte-compiling /home/etnw/senior_design_ws/src/install/arduino_reader/lib/python3.10/site-packages/arduino_reader/arduino_serial_node_old.py to arduino_serial_node_old.cpython-310.pyc
running install_data
creating /home/etnw/senior_design_ws/src/install/arduino_reader/share/ament_index
creating /home/etnw/senior_design_ws/src/install/arduino_reader/share/ament_index/resource_index
creating /home/etnw/senior_design_ws/src/install/arduino_reader/share/ament_index/resource_index/packages
copying resource/arduino_reader -> /home/etnw/senior_design_ws/src/install/arduino_reader/share/ament_index/resource_index/packages
copying package.xml -> /home/etnw/senior_design_ws/src/install/arduino_reader/share/arduino_reader
running install_egg_info
Copying ../build/arduino_reader/arduino_reader.egg-info to /home/etnw/senior_design_ws/src/install/arduino_reader/lib/python3.10/site-packages/arduino_reader-0.0.0-py3.10.egg-info
running install_scripts
Installing arduino_serial_node script to /home/etnw/senior_design_ws/src/install/arduino_reader/lib/arduino_reader
writing list of installed files to '/home/etnw/senior_design_ws/src/build/arduino_reader/install.log'
