[0.463s] Invoking command in '/home/etnw/senior_design_ws/src/arduino_reader': AMENT_PREFIX_PATH=/home/etnw/senior_design_ws/src/install/custom_msg:${AMENT_PREFIX_PATH} CMAKE_PREFIX_PATH=/home/etnw/senior_design_ws/src/install/custom_msg:${CMAKE_PREFIX_PATH} LD_LIBRARY_PATH=/home/etnw/senior_design_ws/src/install/custom_msg/lib:${LD_LIBRARY_PATH} PYTHONPATH=/home/etnw/senior_design_ws/src/build/arduino_reader/prefix_override:/usr/lib/python3/dist-packages/colcon_core/task/python/colcon_distutils_commands:/home/etnw/senior_design_ws/src/install/arduino_reader/lib/python3.10/site-packages:/home/etnw/senior_design_ws/src/install/custom_msg/local/lib/python3.10/dist-packages:${PYTHONPATH} /usr/bin/python3 -W ignore:setup.py install is deprecated setup.py egg_info --egg-base ../build/arduino_reader build --build-base /home/etnw/senior_design_ws/src/build/arduino_reader/build install --record /home/etnw/senior_design_ws/src/build/arduino_reader/install.log --single-version-externally-managed install_data
[0.586s] running egg_info
[0.586s] creating ../build/arduino_reader/arduino_reader.egg-info
[0.586s] writing ../build/arduino_reader/arduino_reader.egg-info/PKG-INFO
[0.586s] writing dependency_links to ../build/arduino_reader/arduino_reader.egg-info/dependency_links.txt
[0.586s] writing entry points to ../build/arduino_reader/arduino_reader.egg-info/entry_points.txt
[0.586s] writing requirements to ../build/arduino_reader/arduino_reader.egg-info/requires.txt
[0.586s] writing top-level names to ../build/arduino_reader/arduino_reader.egg-info/top_level.txt
[0.586s] writing manifest file '../build/arduino_reader/arduino_reader.egg-info/SOURCES.txt'
[0.587s] reading manifest file '../build/arduino_reader/arduino_reader.egg-info/SOURCES.txt'
[0.587s] adding license file 'LICENSE'
[0.588s] writing manifest file '../build/arduino_reader/arduino_reader.egg-info/SOURCES.txt'
[0.588s] running build
[0.588s] running build_py
[0.588s] creating /home/etnw/senior_design_ws/src/build/arduino_reader/build
[0.588s] creating /home/etnw/senior_design_ws/src/build/arduino_reader/build/lib
[0.588s] creating /home/etnw/senior_design_ws/src/build/arduino_reader/build/lib/arduino_reader
[0.588s] copying arduino_reader/__init__.py -> /home/etnw/senior_design_ws/src/build/arduino_reader/build/lib/arduino_reader
[0.588s] copying arduino_reader/arduino_serial_node.py -> /home/etnw/senior_design_ws/src/build/arduino_reader/build/lib/arduino_reader
[0.589s] copying arduino_reader/arduino_serial_node_old.py -> /home/etnw/senior_design_ws/src/build/arduino_reader/build/lib/arduino_reader
[0.589s] running install
[0.589s] running install_lib
[0.591s] creating /home/etnw/senior_design_ws/src/install/arduino_reader/lib/python3.10/site-packages/arduino_reader
[0.591s] copying /home/etnw/senior_design_ws/src/build/arduino_reader/build/lib/arduino_reader/__init__.py -> /home/etnw/senior_design_ws/src/install/arduino_reader/lib/python3.10/site-packages/arduino_reader
[0.591s] copying /home/etnw/senior_design_ws/src/build/arduino_reader/build/lib/arduino_reader/arduino_serial_node.py -> /home/etnw/senior_design_ws/src/install/arduino_reader/lib/python3.10/site-packages/arduino_reader
[0.591s] copying /home/etnw/senior_design_ws/src/build/arduino_reader/build/lib/arduino_reader/arduino_serial_node_old.py -> /home/etnw/senior_design_ws/src/install/arduino_reader/lib/python3.10/site-packages/arduino_reader
[0.591s] byte-compiling /home/etnw/senior_design_ws/src/install/arduino_reader/lib/python3.10/site-packages/arduino_reader/__init__.py to __init__.cpython-310.pyc
[0.591s] byte-compiling /home/etnw/senior_design_ws/src/install/arduino_reader/lib/python3.10/site-packages/arduino_reader/arduino_serial_node.py to arduino_serial_node.cpython-310.pyc
[0.591s] byte-compiling /home/etnw/senior_design_ws/src/install/arduino_reader/lib/python3.10/site-packages/arduino_reader/arduino_serial_node_old.py to arduino_serial_node_old.cpython-310.pyc
[0.591s] running install_data
[0.591s] creating /home/etnw/senior_design_ws/src/install/arduino_reader/share/ament_index
[0.591s] creating /home/etnw/senior_design_ws/src/install/arduino_reader/share/ament_index/resource_index
[0.591s] creating /home/etnw/senior_design_ws/src/install/arduino_reader/share/ament_index/resource_index/packages
[0.591s] copying resource/arduino_reader -> /home/etnw/senior_design_ws/src/install/arduino_reader/share/ament_index/resource_index/packages
[0.591s] copying package.xml -> /home/etnw/senior_design_ws/src/install/arduino_reader/share/arduino_reader
[0.591s] running install_egg_info
[0.592s] Copying ../build/arduino_reader/arduino_reader.egg-info to /home/etnw/senior_design_ws/src/install/arduino_reader/lib/python3.10/site-packages/arduino_reader-0.0.0-py3.10.egg-info
[0.592s] running install_scripts
[0.602s] Installing arduino_serial_node script to /home/etnw/senior_design_ws/src/install/arduino_reader/lib/arduino_reader
[0.602s] writing list of installed files to '/home/etnw/senior_design_ws/src/build/arduino_reader/install.log'
[0.615s] Invoked command in '/home/etnw/senior_design_ws/src/arduino_reader' returned '0': AMENT_PREFIX_PATH=/home/etnw/senior_design_ws/src/install/custom_msg:${AMENT_PREFIX_PATH} CMAKE_PREFIX_PATH=/home/etnw/senior_design_ws/src/install/custom_msg:${CMAKE_PREFIX_PATH} LD_LIBRARY_PATH=/home/etnw/senior_design_ws/src/install/custom_msg/lib:${LD_LIBRARY_PATH} PYTHONPATH=/home/etnw/senior_design_ws/src/build/arduino_reader/prefix_override:/usr/lib/python3/dist-packages/colcon_core/task/python/colcon_distutils_commands:/home/etnw/senior_design_ws/src/install/arduino_reader/lib/python3.10/site-packages:/home/etnw/senior_design_ws/src/install/custom_msg/local/lib/python3.10/dist-packages:${PYTHONPATH} /usr/bin/python3 -W ignore:setup.py install is deprecated setup.py egg_info --egg-base ../build/arduino_reader build --build-base /home/etnw/senior_design_ws/src/build/arduino_reader/build install --record /home/etnw/senior_design_ws/src/build/arduino_reader/install.log --single-version-externally-managed install_data
