[0.053s] DEBUG:colcon:Command line arguments: ['/usr/bin/colcon', 'build']
[0.053s] DEBUG:colcon:Parsed command line arguments: Namespace(log_base=None, log_level=None, verb_name='build', build_base='build', install_base='install', merge_install=False, symlink_install=False, test_result_base=None, continue_on_error=False, executor='parallel', parallel_workers=6, event_handlers=None, ignore_user_meta=False, metas=['./colcon.meta'], base_paths=['.'], packages_ignore=None, packages_ignore_regex=None, paths=None, packages_up_to=None, packages_up_to_regex=None, packages_above=None, packages_above_and_dependencies=None, packages_above_depth=None, packages_select_by_dep=None, packages_skip_by_dep=None, packages_skip_up_to=None, packages_select_build_failed=False, packages_skip_build_finished=False, packages_select_test_failures=False, packages_skip_test_passed=False, packages_select=None, packages_skip=None, packages_select_regex=None, packages_skip_regex=None, packages_start=None, packages_end=None, allow_overriding=[], cmake_args=None, cmake_target=None, cmake_target_skip_unavailable=False, cmake_clean_cache=False, cmake_clean_first=False, cmake_force_configure=False, ament_cmake_args=None, catkin_cmake_args=None, catkin_skip_building_tests=False, mixin_files=None, mixin=None, verb_parser=<colcon_mixin.mixin.mixin_argument.MixinArgumentDecorator object at 0xffffb32df280>, verb_extension=<colcon_core.verb.build.BuildVerb object at 0xffffb32dedd0>, main=<bound method BuildVerb.main of <colcon_core.verb.build.BuildVerb object at 0xffffb32dedd0>>, mixin_verb=('build',))
[0.124s] Level 1:colcon.colcon_core.package_discovery:discover_packages(colcon_meta) check parameters
[0.124s] Level 1:colcon.colcon_core.package_discovery:discover_packages(recursive) check parameters
[0.124s] Level 1:colcon.colcon_core.package_discovery:discover_packages(ignore) check parameters
[0.124s] Level 1:colcon.colcon_core.package_discovery:discover_packages(path) check parameters
[0.124s] Level 1:colcon.colcon_core.package_discovery:discover_packages(colcon_meta) discover
[0.124s] Level 1:colcon.colcon_core.package_discovery:discover_packages(recursive) discover
[0.124s] INFO:colcon.colcon_core.package_discovery:Crawling recursively for packages in '/home/etnw/senior_design_ws/src'
[0.125s] Level 1:colcon.colcon_core.package_identification:_identify(.) by extensions ['ignore', 'ignore_ament_install']
[0.125s] Level 1:colcon.colcon_core.package_identification:_identify(.) by extension 'ignore'
[0.125s] Level 1:colcon.colcon_core.package_identification:_identify(.) by extension 'ignore_ament_install'
[0.125s] Level 1:colcon.colcon_core.package_identification:_identify(.) by extensions ['colcon_pkg']
[0.125s] Level 1:colcon.colcon_core.package_identification:_identify(.) by extension 'colcon_pkg'
[0.125s] Level 1:colcon.colcon_core.package_identification:_identify(.) by extensions ['colcon_meta']
[0.125s] Level 1:colcon.colcon_core.package_identification:_identify(.) by extension 'colcon_meta'
[0.125s] Level 1:colcon.colcon_core.package_identification:_identify(.) by extensions ['ros']
[0.125s] Level 1:colcon.colcon_core.package_identification:_identify(.) by extension 'ros'
[0.129s] Level 1:colcon.colcon_core.package_identification:_identify(.) by extensions ['cmake', 'python']
[0.129s] Level 1:colcon.colcon_core.package_identification:_identify(.) by extension 'cmake'
[0.129s] Level 1:colcon.colcon_core.package_identification:_identify(.) by extension 'python'
[0.129s] Level 1:colcon.colcon_core.package_identification:_identify(.) by extensions ['python_setup_py']
[0.129s] Level 1:colcon.colcon_core.package_identification:_identify(.) by extension 'python_setup_py'
[0.129s] Level 1:colcon.colcon_core.package_identification:_identify(arduino_reader) by extensions ['ignore', 'ignore_ament_install']
[0.129s] Level 1:colcon.colcon_core.package_identification:_identify(arduino_reader) by extension 'ignore'
[0.129s] Level 1:colcon.colcon_core.package_identification:_identify(arduino_reader) by extension 'ignore_ament_install'
[0.129s] Level 1:colcon.colcon_core.package_identification:_identify(arduino_reader) by extensions ['colcon_pkg']
[0.129s] Level 1:colcon.colcon_core.package_identification:_identify(arduino_reader) by extension 'colcon_pkg'
[0.130s] Level 1:colcon.colcon_core.package_identification:_identify(arduino_reader) by extensions ['colcon_meta']
[0.130s] Level 1:colcon.colcon_core.package_identification:_identify(arduino_reader) by extension 'colcon_meta'
[0.130s] Level 1:colcon.colcon_core.package_identification:_identify(arduino_reader) by extensions ['ros']
[0.130s] Level 1:colcon.colcon_core.package_identification:_identify(arduino_reader) by extension 'ros'
[0.130s] DEBUG:colcon.colcon_core.package_identification:Package 'arduino_reader' with type 'ros.ament_python' and name 'arduino_reader'
[0.130s] Level 1:colcon.colcon_core.package_identification:_identify(build) by extensions ['ignore', 'ignore_ament_install']
[0.131s] Level 1:colcon.colcon_core.package_identification:_identify(build) by extension 'ignore'
[0.131s] Level 1:colcon.colcon_core.package_identification:_identify(build) ignored
[0.131s] Level 1:colcon.colcon_core.package_identification:_identify(custom_msg) by extensions ['ignore', 'ignore_ament_install']
[0.131s] Level 1:colcon.colcon_core.package_identification:_identify(custom_msg) by extension 'ignore'
[0.131s] Level 1:colcon.colcon_core.package_identification:_identify(custom_msg) by extension 'ignore_ament_install'
[0.131s] Level 1:colcon.colcon_core.package_identification:_identify(custom_msg) by extensions ['colcon_pkg']
[0.131s] Level 1:colcon.colcon_core.package_identification:_identify(custom_msg) by extension 'colcon_pkg'
[0.131s] Level 1:colcon.colcon_core.package_identification:_identify(custom_msg) by extensions ['colcon_meta']
[0.131s] Level 1:colcon.colcon_core.package_identification:_identify(custom_msg) by extension 'colcon_meta'
[0.131s] Level 1:colcon.colcon_core.package_identification:_identify(custom_msg) by extensions ['ros']
[0.131s] Level 1:colcon.colcon_core.package_identification:_identify(custom_msg) by extension 'ros'
[0.131s] DEBUG:colcon.colcon_core.package_identification:Package 'custom_msg' with type 'ros.ament_cmake' and name 'custom_msg'
[0.131s] Level 1:colcon.colcon_core.package_identification:_identify(get_waypoints) by extensions ['ignore', 'ignore_ament_install']
[0.131s] Level 1:colcon.colcon_core.package_identification:_identify(get_waypoints) by extension 'ignore'
[0.131s] Level 1:colcon.colcon_core.package_identification:_identify(get_waypoints) by extension 'ignore_ament_install'
[0.131s] Level 1:colcon.colcon_core.package_identification:_identify(get_waypoints) by extensions ['colcon_pkg']
[0.131s] Level 1:colcon.colcon_core.package_identification:_identify(get_waypoints) by extension 'colcon_pkg'
[0.131s] Level 1:colcon.colcon_core.package_identification:_identify(get_waypoints) by extensions ['colcon_meta']
[0.131s] Level 1:colcon.colcon_core.package_identification:_identify(get_waypoints) by extension 'colcon_meta'
[0.131s] Level 1:colcon.colcon_core.package_identification:_identify(get_waypoints) by extensions ['ros']
[0.131s] Level 1:colcon.colcon_core.package_identification:_identify(get_waypoints) by extension 'ros'
[0.131s] DEBUG:colcon.colcon_core.package_identification:Package 'get_waypoints' with type 'ros.ament_python' and name 'get_waypoints'
[0.131s] Level 1:colcon.colcon_core.package_identification:_identify(gps_publisher) by extensions ['ignore', 'ignore_ament_install']
[0.131s] Level 1:colcon.colcon_core.package_identification:_identify(gps_publisher) by extension 'ignore'
[0.131s] Level 1:colcon.colcon_core.package_identification:_identify(gps_publisher) by extension 'ignore_ament_install'
[0.131s] Level 1:colcon.colcon_core.package_identification:_identify(gps_publisher) by extensions ['colcon_pkg']
[0.131s] Level 1:colcon.colcon_core.package_identification:_identify(gps_publisher) by extension 'colcon_pkg'
[0.131s] Level 1:colcon.colcon_core.package_identification:_identify(gps_publisher) by extensions ['colcon_meta']
[0.131s] Level 1:colcon.colcon_core.package_identification:_identify(gps_publisher) by extension 'colcon_meta'
[0.131s] Level 1:colcon.colcon_core.package_identification:_identify(gps_publisher) by extensions ['ros']
[0.131s] Level 1:colcon.colcon_core.package_identification:_identify(gps_publisher) by extension 'ros'
[0.132s] DEBUG:colcon.colcon_core.package_identification:Package 'gps_publisher' with type 'ros.ament_python' and name 'gps_publisher'
[0.132s] Level 1:colcon.colcon_core.package_identification:_identify(install) by extensions ['ignore', 'ignore_ament_install']
[0.132s] Level 1:colcon.colcon_core.package_identification:_identify(install) by extension 'ignore'
[0.132s] Level 1:colcon.colcon_core.package_identification:_identify(install) ignored
[0.132s] Level 1:colcon.colcon_core.package_identification:_identify(log) by extensions ['ignore', 'ignore_ament_install']
[0.132s] Level 1:colcon.colcon_core.package_identification:_identify(log) by extension 'ignore'
[0.132s] Level 1:colcon.colcon_core.package_identification:_identify(log) ignored
[0.132s] Level 1:colcon.colcon_core.package_identification:_identify(navigator) by extensions ['ignore', 'ignore_ament_install']
[0.132s] Level 1:colcon.colcon_core.package_identification:_identify(navigator) by extension 'ignore'
[0.132s] Level 1:colcon.colcon_core.package_identification:_identify(navigator) by extension 'ignore_ament_install'
[0.132s] Level 1:colcon.colcon_core.package_identification:_identify(navigator) by extensions ['colcon_pkg']
[0.132s] Level 1:colcon.colcon_core.package_identification:_identify(navigator) by extension 'colcon_pkg'
[0.132s] Level 1:colcon.colcon_core.package_identification:_identify(navigator) by extensions ['colcon_meta']
[0.132s] Level 1:colcon.colcon_core.package_identification:_identify(navigator) by extension 'colcon_meta'
[0.132s] Level 1:colcon.colcon_core.package_identification:_identify(navigator) by extensions ['ros']
[0.132s] Level 1:colcon.colcon_core.package_identification:_identify(navigator) by extension 'ros'
[0.132s] DEBUG:colcon.colcon_core.package_identification:Package 'navigator' with type 'ros.ament_python' and name 'navigator'
[0.132s] Level 1:colcon.colcon_core.package_discovery:discover_packages(recursive) using defaults
[0.132s] Level 1:colcon.colcon_core.package_discovery:discover_packages(ignore) discover
[0.132s] Level 1:colcon.colcon_core.package_discovery:discover_packages(ignore) using defaults
[0.132s] Level 1:colcon.colcon_core.package_discovery:discover_packages(path) discover
[0.132s] Level 1:colcon.colcon_core.package_discovery:discover_packages(path) using defaults
[0.145s] Level 1:colcon.colcon_core.package_discovery:discover_packages(prefix_path) check parameters
[0.145s] Level 1:colcon.colcon_core.package_discovery:discover_packages(prefix_path) discover
[0.146s] DEBUG:colcon.colcon_installed_package_information.package_discovery:Found 5 installed packages in /home/etnw/senior_design_ws/install
[0.147s] DEBUG:colcon.colcon_installed_package_information.package_discovery:Found 402 installed packages in /opt/ros/humble
[0.148s] Level 1:colcon.colcon_core.package_discovery:discover_packages(prefix_path) using defaults
[0.170s] Level 5:colcon.colcon_core.verb:set package 'custom_msg' build argument 'cmake_args' from command line to 'None'
[0.170s] Level 5:colcon.colcon_core.verb:set package 'custom_msg' build argument 'cmake_target' from command line to 'None'
[0.170s] Level 5:colcon.colcon_core.verb:set package 'custom_msg' build argument 'cmake_target_skip_unavailable' from command line to 'False'
[0.170s] Level 5:colcon.colcon_core.verb:set package 'custom_msg' build argument 'cmake_clean_cache' from command line to 'False'
[0.170s] Level 5:colcon.colcon_core.verb:set package 'custom_msg' build argument 'cmake_clean_first' from command line to 'False'
[0.170s] Level 5:colcon.colcon_core.verb:set package 'custom_msg' build argument 'cmake_force_configure' from command line to 'False'
[0.170s] Level 5:colcon.colcon_core.verb:set package 'custom_msg' build argument 'ament_cmake_args' from command line to 'None'
[0.170s] Level 5:colcon.colcon_core.verb:set package 'custom_msg' build argument 'catkin_cmake_args' from command line to 'None'
[0.170s] Level 5:colcon.colcon_core.verb:set package 'custom_msg' build argument 'catkin_skip_building_tests' from command line to 'False'
[0.170s] DEBUG:colcon.colcon_core.verb:Building package 'custom_msg' with the following arguments: {'ament_cmake_args': None, 'build_base': '/home/etnw/senior_design_ws/src/build/custom_msg', 'catkin_cmake_args': None, 'catkin_skip_building_tests': False, 'cmake_args': None, 'cmake_clean_cache': False, 'cmake_clean_first': False, 'cmake_force_configure': False, 'cmake_target': None, 'cmake_target_skip_unavailable': False, 'install_base': '/home/etnw/senior_design_ws/src/install/custom_msg', 'merge_install': False, 'path': '/home/etnw/senior_design_ws/src/custom_msg', 'symlink_install': False, 'test_result_base': None}
[0.170s] Level 5:colcon.colcon_core.verb:set package 'get_waypoints' build argument 'cmake_args' from command line to 'None'
[0.170s] Level 5:colcon.colcon_core.verb:set package 'get_waypoints' build argument 'cmake_target' from command line to 'None'
[0.170s] Level 5:colcon.colcon_core.verb:set package 'get_waypoints' build argument 'cmake_target_skip_unavailable' from command line to 'False'
[0.170s] Level 5:colcon.colcon_core.verb:set package 'get_waypoints' build argument 'cmake_clean_cache' from command line to 'False'
[0.170s] Level 5:colcon.colcon_core.verb:set package 'get_waypoints' build argument 'cmake_clean_first' from command line to 'False'
[0.170s] Level 5:colcon.colcon_core.verb:set package 'get_waypoints' build argument 'cmake_force_configure' from command line to 'False'
[0.170s] Level 5:colcon.colcon_core.verb:set package 'get_waypoints' build argument 'ament_cmake_args' from command line to 'None'
[0.170s] Level 5:colcon.colcon_core.verb:set package 'get_waypoints' build argument 'catkin_cmake_args' from command line to 'None'
[0.170s] Level 5:colcon.colcon_core.verb:set package 'get_waypoints' build argument 'catkin_skip_building_tests' from command line to 'False'
[0.170s] DEBUG:colcon.colcon_core.verb:Building package 'get_waypoints' with the following arguments: {'ament_cmake_args': None, 'build_base': '/home/etnw/senior_design_ws/src/build/get_waypoints', 'catkin_cmake_args': None, 'catkin_skip_building_tests': False, 'cmake_args': None, 'cmake_clean_cache': False, 'cmake_clean_first': False, 'cmake_force_configure': False, 'cmake_target': None, 'cmake_target_skip_unavailable': False, 'install_base': '/home/etnw/senior_design_ws/src/install/get_waypoints', 'merge_install': False, 'path': '/home/etnw/senior_design_ws/src/get_waypoints', 'symlink_install': False, 'test_result_base': None}
[0.170s] Level 5:colcon.colcon_core.verb:set package 'gps_publisher' build argument 'cmake_args' from command line to 'None'
[0.170s] Level 5:colcon.colcon_core.verb:set package 'gps_publisher' build argument 'cmake_target' from command line to 'None'
[0.171s] Level 5:colcon.colcon_core.verb:set package 'gps_publisher' build argument 'cmake_target_skip_unavailable' from command line to 'False'
[0.171s] Level 5:colcon.colcon_core.verb:set package 'gps_publisher' build argument 'cmake_clean_cache' from command line to 'False'
[0.171s] Level 5:colcon.colcon_core.verb:set package 'gps_publisher' build argument 'cmake_clean_first' from command line to 'False'
[0.171s] Level 5:colcon.colcon_core.verb:set package 'gps_publisher' build argument 'cmake_force_configure' from command line to 'False'
[0.171s] Level 5:colcon.colcon_core.verb:set package 'gps_publisher' build argument 'ament_cmake_args' from command line to 'None'
[0.171s] Level 5:colcon.colcon_core.verb:set package 'gps_publisher' build argument 'catkin_cmake_args' from command line to 'None'
[0.171s] Level 5:colcon.colcon_core.verb:set package 'gps_publisher' build argument 'catkin_skip_building_tests' from command line to 'False'
[0.171s] DEBUG:colcon.colcon_core.verb:Building package 'gps_publisher' with the following arguments: {'ament_cmake_args': None, 'build_base': '/home/etnw/senior_design_ws/src/build/gps_publisher', 'catkin_cmake_args': None, 'catkin_skip_building_tests': False, 'cmake_args': None, 'cmake_clean_cache': False, 'cmake_clean_first': False, 'cmake_force_configure': False, 'cmake_target': None, 'cmake_target_skip_unavailable': False, 'install_base': '/home/etnw/senior_design_ws/src/install/gps_publisher', 'merge_install': False, 'path': '/home/etnw/senior_design_ws/src/gps_publisher', 'symlink_install': False, 'test_result_base': None}
[0.171s] Level 5:colcon.colcon_core.verb:set package 'arduino_reader' build argument 'cmake_args' from command line to 'None'
[0.171s] Level 5:colcon.colcon_core.verb:set package 'arduino_reader' build argument 'cmake_target' from command line to 'None'
[0.171s] Level 5:colcon.colcon_core.verb:set package 'arduino_reader' build argument 'cmake_target_skip_unavailable' from command line to 'False'
[0.171s] Level 5:colcon.colcon_core.verb:set package 'arduino_reader' build argument 'cmake_clean_cache' from command line to 'False'
[0.171s] Level 5:colcon.colcon_core.verb:set package 'arduino_reader' build argument 'cmake_clean_first' from command line to 'False'
[0.171s] Level 5:colcon.colcon_core.verb:set package 'arduino_reader' build argument 'cmake_force_configure' from command line to 'False'
[0.171s] Level 5:colcon.colcon_core.verb:set package 'arduino_reader' build argument 'ament_cmake_args' from command line to 'None'
[0.171s] Level 5:colcon.colcon_core.verb:set package 'arduino_reader' build argument 'catkin_cmake_args' from command line to 'None'
[0.171s] Level 5:colcon.colcon_core.verb:set package 'arduino_reader' build argument 'catkin_skip_building_tests' from command line to 'False'
[0.171s] DEBUG:colcon.colcon_core.verb:Building package 'arduino_reader' with the following arguments: {'ament_cmake_args': None, 'build_base': '/home/etnw/senior_design_ws/src/build/arduino_reader', 'catkin_cmake_args': None, 'catkin_skip_building_tests': False, 'cmake_args': None, 'cmake_clean_cache': False, 'cmake_clean_first': False, 'cmake_force_configure': False, 'cmake_target': None, 'cmake_target_skip_unavailable': False, 'install_base': '/home/etnw/senior_design_ws/src/install/arduino_reader', 'merge_install': False, 'path': '/home/etnw/senior_design_ws/src/arduino_reader', 'symlink_install': False, 'test_result_base': None}
[0.171s] Level 5:colcon.colcon_core.verb:set package 'navigator' build argument 'cmake_args' from command line to 'None'
[0.171s] Level 5:colcon.colcon_core.verb:set package 'navigator' build argument 'cmake_target' from command line to 'None'
[0.171s] Level 5:colcon.colcon_core.verb:set package 'navigator' build argument 'cmake_target_skip_unavailable' from command line to 'False'
[0.171s] Level 5:colcon.colcon_core.verb:set package 'navigator' build argument 'cmake_clean_cache' from command line to 'False'
[0.171s] Level 5:colcon.colcon_core.verb:set package 'navigator' build argument 'cmake_clean_first' from command line to 'False'
[0.171s] Level 5:colcon.colcon_core.verb:set package 'navigator' build argument 'cmake_force_configure' from command line to 'False'
[0.171s] Level 5:colcon.colcon_core.verb:set package 'navigator' build argument 'ament_cmake_args' from command line to 'None'
[0.171s] Level 5:colcon.colcon_core.verb:set package 'navigator' build argument 'catkin_cmake_args' from command line to 'None'
[0.171s] Level 5:colcon.colcon_core.verb:set package 'navigator' build argument 'catkin_skip_building_tests' from command line to 'False'
[0.171s] DEBUG:colcon.colcon_core.verb:Building package 'navigator' with the following arguments: {'ament_cmake_args': None, 'build_base': '/home/etnw/senior_design_ws/src/build/navigator', 'catkin_cmake_args': None, 'catkin_skip_building_tests': False, 'cmake_args': None, 'cmake_clean_cache': False, 'cmake_clean_first': False, 'cmake_force_configure': False, 'cmake_target': None, 'cmake_target_skip_unavailable': False, 'install_base': '/home/etnw/senior_design_ws/src/install/navigator', 'merge_install': False, 'path': '/home/etnw/senior_design_ws/src/navigator', 'symlink_install': False, 'test_result_base': None}
[0.171s] INFO:colcon.colcon_core.executor:Executing jobs using 'parallel' executor
[0.172s] DEBUG:colcon.colcon_parallel_executor.executor.parallel:run_until_complete
[0.172s] INFO:colcon.colcon_ros.task.ament_cmake.build:Building ROS package in '/home/etnw/senior_design_ws/src/custom_msg' with build type 'ament_cmake'
[0.172s] INFO:colcon.colcon_cmake.task.cmake.build:Building CMake package in '/home/etnw/senior_design_ws/src/custom_msg'
[0.173s] INFO:colcon.colcon_core.plugin_system:Skipping extension 'colcon_core.shell.bat': Not used on non-Windows systems
[0.173s] INFO:colcon.colcon_core.shell:Skip shell extension 'powershell' for command environment: Not usable outside of PowerShell
[0.173s] DEBUG:colcon.colcon_core.shell:Skip shell extension 'dsv' for command environment
[0.175s] INFO:colcon.colcon_ros.task.ament_python.build:Building ROS package in '/home/etnw/senior_design_ws/src/get_waypoints' with build type 'ament_python'
[0.175s] Level 1:colcon.colcon_core.shell:create_environment_hook('get_waypoints', 'ament_prefix_path')
[0.175s] INFO:colcon.colcon_core.shell:Creating environment hook '/home/etnw/senior_design_ws/src/install/get_waypoints/share/get_waypoints/hook/ament_prefix_path.ps1'
[0.175s] INFO:colcon.colcon_core.shell:Creating environment descriptor '/home/etnw/senior_design_ws/src/install/get_waypoints/share/get_waypoints/hook/ament_prefix_path.dsv'
[0.175s] INFO:colcon.colcon_core.shell:Creating environment hook '/home/etnw/senior_design_ws/src/install/get_waypoints/share/get_waypoints/hook/ament_prefix_path.sh'
[0.176s] INFO:colcon.colcon_core.shell:Skip shell extension 'powershell' for command environment: Not usable outside of PowerShell
[0.176s] DEBUG:colcon.colcon_core.shell:Skip shell extension 'dsv' for command environment
[0.177s] INFO:colcon.colcon_ros.task.ament_python.build:Building ROS package in '/home/etnw/senior_design_ws/src/gps_publisher' with build type 'ament_python'
[0.177s] Level 1:colcon.colcon_core.shell:create_environment_hook('gps_publisher', 'ament_prefix_path')
[0.177s] INFO:colcon.colcon_core.shell:Creating environment hook '/home/etnw/senior_design_ws/src/install/gps_publisher/share/gps_publisher/hook/ament_prefix_path.ps1'
[0.178s] INFO:colcon.colcon_core.shell:Creating environment descriptor '/home/etnw/senior_design_ws/src/install/gps_publisher/share/gps_publisher/hook/ament_prefix_path.dsv'
[0.178s] INFO:colcon.colcon_core.shell:Creating environment hook '/home/etnw/senior_design_ws/src/install/gps_publisher/share/gps_publisher/hook/ament_prefix_path.sh'
[0.178s] INFO:colcon.colcon_core.shell:Skip shell extension 'powershell' for command environment: Not usable outside of PowerShell
[0.178s] DEBUG:colcon.colcon_core.shell:Skip shell extension 'dsv' for command environment
[0.182s] DEBUG:colcon.colcon_core.event_handler.log_command:Invoking command in '/home/etnw/senior_design_ws/src/build/custom_msg': CMAKE_PREFIX_PATH=${CMAKE_PREFIX_PATH}:/home/etnw/senior_design_ws/install/navigator:/home/etnw/senior_design_ws/install/gps_publisher:/home/etnw/senior_design_ws/install/get_waypoints:/home/etnw/senior_design_ws/install/arduino_reader:/opt/ros/humble /usr/bin/cmake --build /home/etnw/senior_design_ws/src/build/custom_msg -- -j6 -l6
[0.305s] INFO:colcon.colcon_core.task.python.build:Building Python package in '/home/etnw/senior_design_ws/src/get_waypoints'
[0.305s] INFO:colcon.colcon_core.shell:Skip shell extension 'powershell' for command environment: Not usable outside of PowerShell
[0.305s] DEBUG:colcon.colcon_core.shell:Skip shell extension 'dsv' for command environment
[0.433s] INFO:colcon.colcon_core.task.python.build:Building Python package in '/home/etnw/senior_design_ws/src/gps_publisher'
[0.433s] INFO:colcon.colcon_core.shell:Skip shell extension 'powershell' for command environment: Not usable outside of PowerShell
[0.433s] DEBUG:colcon.colcon_core.shell:Skip shell extension 'dsv' for command environment
[0.438s] DEBUG:colcon.colcon_core.event_handler.log_command:Invoked command in '/home/etnw/senior_design_ws/src/build/custom_msg' returned '0': CMAKE_PREFIX_PATH=${CMAKE_PREFIX_PATH}:/home/etnw/senior_design_ws/install/navigator:/home/etnw/senior_design_ws/install/gps_publisher:/home/etnw/senior_design_ws/install/get_waypoints:/home/etnw/senior_design_ws/install/arduino_reader:/opt/ros/humble /usr/bin/cmake --build /home/etnw/senior_design_ws/src/build/custom_msg -- -j6 -l6
[0.484s] DEBUG:colcon.colcon_core.event_handler.log_command:Invoking command in '/home/etnw/senior_design_ws/src/build/custom_msg': CMAKE_PREFIX_PATH=${CMAKE_PREFIX_PATH}:/home/etnw/senior_design_ws/install/navigator:/home/etnw/senior_design_ws/install/gps_publisher:/home/etnw/senior_design_ws/install/get_waypoints:/home/etnw/senior_design_ws/install/arduino_reader:/opt/ros/humble /usr/bin/cmake --install /home/etnw/senior_design_ws/src/build/custom_msg
[0.513s] Level 1:colcon.colcon_core.environment:create_environment_scripts_only(custom_msg)
[0.513s] DEBUG:colcon.colcon_core.event_handler.log_command:Invoked command in '/home/etnw/senior_design_ws/src/build/custom_msg' returned '0': CMAKE_PREFIX_PATH=${CMAKE_PREFIX_PATH}:/home/etnw/senior_design_ws/install/navigator:/home/etnw/senior_design_ws/install/gps_publisher:/home/etnw/senior_design_ws/install/get_waypoints:/home/etnw/senior_design_ws/install/arduino_reader:/opt/ros/humble /usr/bin/cmake --install /home/etnw/senior_design_ws/src/build/custom_msg
[0.514s] Level 1:colcon.colcon_core.environment:checking '/home/etnw/senior_design_ws/src/install/custom_msg' for CMake module files
[0.514s] Level 1:colcon.colcon_core.environment:checking '/home/etnw/senior_design_ws/src/install/custom_msg' for CMake config files
[0.515s] Level 1:colcon.colcon_core.shell:create_environment_hook('custom_msg', 'cmake_prefix_path')
[0.515s] INFO:colcon.colcon_core.shell:Creating environment hook '/home/etnw/senior_design_ws/src/install/custom_msg/share/custom_msg/hook/cmake_prefix_path.ps1'
[0.515s] INFO:colcon.colcon_core.shell:Creating environment descriptor '/home/etnw/senior_design_ws/src/install/custom_msg/share/custom_msg/hook/cmake_prefix_path.dsv'
[0.515s] INFO:colcon.colcon_core.shell:Creating environment hook '/home/etnw/senior_design_ws/src/install/custom_msg/share/custom_msg/hook/cmake_prefix_path.sh'
[0.515s] Level 1:colcon.colcon_core.environment:checking '/home/etnw/senior_design_ws/src/install/custom_msg/lib'
[0.515s] Level 1:colcon.colcon_core.shell:create_environment_hook('custom_msg', 'ld_library_path_lib')
[0.516s] INFO:colcon.colcon_core.shell:Creating environment hook '/home/etnw/senior_design_ws/src/install/custom_msg/share/custom_msg/hook/ld_library_path_lib.ps1'
[0.516s] INFO:colcon.colcon_core.shell:Creating environment descriptor '/home/etnw/senior_design_ws/src/install/custom_msg/share/custom_msg/hook/ld_library_path_lib.dsv'
[0.516s] INFO:colcon.colcon_core.shell:Creating environment hook '/home/etnw/senior_design_ws/src/install/custom_msg/share/custom_msg/hook/ld_library_path_lib.sh'
[0.516s] Level 1:colcon.colcon_core.environment:checking '/home/etnw/senior_design_ws/src/install/custom_msg/bin'
[0.516s] Level 1:colcon.colcon_core.environment:checking '/home/etnw/senior_design_ws/src/install/custom_msg/lib/pkgconfig/custom_msg.pc'
[0.516s] Level 1:colcon.colcon_core.environment:checking '/home/etnw/senior_design_ws/src/install/custom_msg/lib/python3.10/site-packages'
[0.516s] Level 1:colcon.colcon_core.environment:checking '/home/etnw/senior_design_ws/src/install/custom_msg/bin'
[0.516s] INFO:colcon.colcon_core.shell:Creating package script '/home/etnw/senior_design_ws/src/install/custom_msg/share/custom_msg/package.ps1'
[0.517s] INFO:colcon.colcon_core.shell:Creating package descriptor '/home/etnw/senior_design_ws/src/install/custom_msg/share/custom_msg/package.dsv'
[0.517s] INFO:colcon.colcon_core.shell:Creating package script '/home/etnw/senior_design_ws/src/install/custom_msg/share/custom_msg/package.sh'
[0.517s] INFO:colcon.colcon_core.shell:Creating package script '/home/etnw/senior_design_ws/src/install/custom_msg/share/custom_msg/package.bash'
[0.518s] INFO:colcon.colcon_core.shell:Creating package script '/home/etnw/senior_design_ws/src/install/custom_msg/share/custom_msg/package.zsh'
[0.518s] Level 1:colcon.colcon_core.environment:create_file_with_runtime_dependencies(/home/etnw/senior_design_ws/src/install/custom_msg/share/colcon-core/packages/custom_msg)
[0.558s] Level 1:colcon.colcon_core.environment:create_environment_scripts_only(custom_msg)
[0.558s] Level 1:colcon.colcon_core.environment:checking '/home/etnw/senior_design_ws/src/install/custom_msg' for CMake module files
[0.558s] Level 1:colcon.colcon_core.environment:checking '/home/etnw/senior_design_ws/src/install/custom_msg' for CMake config files
[0.558s] Level 1:colcon.colcon_core.shell:create_environment_hook('custom_msg', 'cmake_prefix_path')
[0.558s] INFO:colcon.colcon_core.shell:Creating environment hook '/home/etnw/senior_design_ws/src/install/custom_msg/share/custom_msg/hook/cmake_prefix_path.ps1'
[0.559s] INFO:colcon.colcon_core.shell:Creating environment descriptor '/home/etnw/senior_design_ws/src/install/custom_msg/share/custom_msg/hook/cmake_prefix_path.dsv'
[0.559s] INFO:colcon.colcon_core.shell:Creating environment hook '/home/etnw/senior_design_ws/src/install/custom_msg/share/custom_msg/hook/cmake_prefix_path.sh'
[0.559s] Level 1:colcon.colcon_core.environment:checking '/home/etnw/senior_design_ws/src/install/custom_msg/lib'
[0.559s] Level 1:colcon.colcon_core.shell:create_environment_hook('custom_msg', 'ld_library_path_lib')
[0.559s] INFO:colcon.colcon_core.shell:Creating environment hook '/home/etnw/senior_design_ws/src/install/custom_msg/share/custom_msg/hook/ld_library_path_lib.ps1'
[0.559s] INFO:colcon.colcon_core.shell:Creating environment descriptor '/home/etnw/senior_design_ws/src/install/custom_msg/share/custom_msg/hook/ld_library_path_lib.dsv'
[0.559s] INFO:colcon.colcon_core.shell:Creating environment hook '/home/etnw/senior_design_ws/src/install/custom_msg/share/custom_msg/hook/ld_library_path_lib.sh'
[0.559s] Level 1:colcon.colcon_core.environment:checking '/home/etnw/senior_design_ws/src/install/custom_msg/bin'
[0.560s] Level 1:colcon.colcon_core.environment:checking '/home/etnw/senior_design_ws/src/install/custom_msg/lib/pkgconfig/custom_msg.pc'
[0.560s] Level 1:colcon.colcon_core.environment:checking '/home/etnw/senior_design_ws/src/install/custom_msg/lib/python3.10/site-packages'
[0.560s] Level 1:colcon.colcon_core.environment:checking '/home/etnw/senior_design_ws/src/install/custom_msg/bin'
[0.560s] INFO:colcon.colcon_core.shell:Creating package script '/home/etnw/senior_design_ws/src/install/custom_msg/share/custom_msg/package.ps1'
[0.560s] INFO:colcon.colcon_core.shell:Creating package descriptor '/home/etnw/senior_design_ws/src/install/custom_msg/share/custom_msg/package.dsv'
[0.560s] INFO:colcon.colcon_core.shell:Creating package script '/home/etnw/senior_design_ws/src/install/custom_msg/share/custom_msg/package.sh'
[0.561s] INFO:colcon.colcon_core.shell:Creating package script '/home/etnw/senior_design_ws/src/install/custom_msg/share/custom_msg/package.bash'
[0.561s] INFO:colcon.colcon_core.shell:Creating package script '/home/etnw/senior_design_ws/src/install/custom_msg/share/custom_msg/package.zsh'
[0.561s] Level 1:colcon.colcon_core.environment:create_file_with_runtime_dependencies(/home/etnw/senior_design_ws/src/install/custom_msg/share/colcon-core/packages/custom_msg)
[0.561s] INFO:colcon.colcon_ros.task.ament_python.build:Building ROS package in '/home/etnw/senior_design_ws/src/arduino_reader' with build type 'ament_python'
[0.561s] Level 1:colcon.colcon_core.shell:create_environment_hook('arduino_reader', 'ament_prefix_path')
[0.561s] INFO:colcon.colcon_core.shell:Creating environment hook '/home/etnw/senior_design_ws/src/install/arduino_reader/share/arduino_reader/hook/ament_prefix_path.ps1'
[0.562s] INFO:colcon.colcon_core.shell:Creating environment descriptor '/home/etnw/senior_design_ws/src/install/arduino_reader/share/arduino_reader/hook/ament_prefix_path.dsv'
[0.562s] INFO:colcon.colcon_core.shell:Creating environment hook '/home/etnw/senior_design_ws/src/install/arduino_reader/share/arduino_reader/hook/ament_prefix_path.sh'
[0.562s] INFO:colcon.colcon_core.shell:Skip shell extension 'powershell' for command environment: Not usable outside of PowerShell
[0.562s] DEBUG:colcon.colcon_core.shell:Skip shell extension 'dsv' for command environment
[0.564s] INFO:colcon.colcon_ros.task.ament_python.build:Building ROS package in '/home/etnw/senior_design_ws/src/navigator' with build type 'ament_python'
[0.564s] Level 1:colcon.colcon_core.shell:create_environment_hook('navigator', 'ament_prefix_path')
[0.564s] INFO:colcon.colcon_core.shell:Creating environment hook '/home/etnw/senior_design_ws/src/install/navigator/share/navigator/hook/ament_prefix_path.ps1'
[0.564s] INFO:colcon.colcon_core.shell:Creating environment descriptor '/home/etnw/senior_design_ws/src/install/navigator/share/navigator/hook/ament_prefix_path.dsv'
[0.565s] INFO:colcon.colcon_core.shell:Creating environment hook '/home/etnw/senior_design_ws/src/install/navigator/share/navigator/hook/ament_prefix_path.sh'
[0.565s] INFO:colcon.colcon_core.shell:Skip shell extension 'powershell' for command environment: Not usable outside of PowerShell
[0.565s] DEBUG:colcon.colcon_core.shell:Skip shell extension 'dsv' for command environment
[0.710s] INFO:colcon.colcon_core.task.python.build:Building Python package in '/home/etnw/senior_design_ws/src/arduino_reader'
[0.710s] INFO:colcon.colcon_core.shell:Skip shell extension 'powershell' for command environment: Not usable outside of PowerShell
[0.710s] DEBUG:colcon.colcon_core.shell:Skip shell extension 'dsv' for command environment
[0.833s] INFO:colcon.colcon_core.task.python.build:Building Python package in '/home/etnw/senior_design_ws/src/navigator'
[0.834s] INFO:colcon.colcon_core.shell:Skip shell extension 'powershell' for command environment: Not usable outside of PowerShell
[0.834s] DEBUG:colcon.colcon_core.shell:Skip shell extension 'dsv' for command environment
[0.837s] DEBUG:colcon.colcon_core.event_handler.log_command:Invoking command in '/home/etnw/senior_design_ws/src/gps_publisher': PYTHONPATH=/home/etnw/senior_design_ws/src/build/gps_publisher/prefix_override:/usr/lib/python3/dist-packages/colcon_core/task/python/colcon_distutils_commands:/home/etnw/senior_design_ws/src/install/gps_publisher/lib/python3.10/site-packages:${PYTHONPATH} /usr/bin/python3 -W ignore:setup.py install is deprecated setup.py egg_info --egg-base ../build/gps_publisher build --build-base /home/etnw/senior_design_ws/src/build/gps_publisher/build install --record /home/etnw/senior_design_ws/src/build/gps_publisher/install.log --single-version-externally-managed install_data
[0.839s] DEBUG:colcon.colcon_core.event_handler.log_command:Invoking command in '/home/etnw/senior_design_ws/src/get_waypoints': PYTHONPATH=/home/etnw/senior_design_ws/src/build/get_waypoints/prefix_override:/usr/lib/python3/dist-packages/colcon_core/task/python/colcon_distutils_commands:/home/etnw/senior_design_ws/src/install/get_waypoints/lib/python3.10/site-packages:${PYTHONPATH} /usr/bin/python3 -W ignore:setup.py install is deprecated setup.py egg_info --egg-base ../build/get_waypoints build --build-base /home/etnw/senior_design_ws/src/build/get_waypoints/build install --record /home/etnw/senior_design_ws/src/build/get_waypoints/install.log --single-version-externally-managed install_data
[0.994s] Level 1:colcon.colcon_core.environment:checking '/home/etnw/senior_design_ws/src/install/get_waypoints' for CMake module files
[0.995s] DEBUG:colcon.colcon_core.event_handler.log_command:Invoked command in '/home/etnw/senior_design_ws/src/get_waypoints' returned '0': PYTHONPATH=/home/etnw/senior_design_ws/src/build/get_waypoints/prefix_override:/usr/lib/python3/dist-packages/colcon_core/task/python/colcon_distutils_commands:/home/etnw/senior_design_ws/src/install/get_waypoints/lib/python3.10/site-packages:${PYTHONPATH} /usr/bin/python3 -W ignore:setup.py install is deprecated setup.py egg_info --egg-base ../build/get_waypoints build --build-base /home/etnw/senior_design_ws/src/build/get_waypoints/build install --record /home/etnw/senior_design_ws/src/build/get_waypoints/install.log --single-version-externally-managed install_data
[0.995s] Level 1:colcon.colcon_core.environment:checking '/home/etnw/senior_design_ws/src/install/get_waypoints' for CMake config files
[0.995s] Level 1:colcon.colcon_core.environment:checking '/home/etnw/senior_design_ws/src/install/get_waypoints/lib'
[0.995s] Level 1:colcon.colcon_core.environment:checking '/home/etnw/senior_design_ws/src/install/get_waypoints/bin'
[0.995s] Level 1:colcon.colcon_core.environment:checking '/home/etnw/senior_design_ws/src/install/get_waypoints/lib/pkgconfig/get_waypoints.pc'
[0.995s] Level 1:colcon.colcon_core.environment:checking '/home/etnw/senior_design_ws/src/install/get_waypoints/lib/python3.10/site-packages'
[0.995s] Level 1:colcon.colcon_core.shell:create_environment_hook('get_waypoints', 'pythonpath')
[0.995s] INFO:colcon.colcon_core.shell:Creating environment hook '/home/etnw/senior_design_ws/src/install/get_waypoints/share/get_waypoints/hook/pythonpath.ps1'
[0.995s] INFO:colcon.colcon_core.shell:Creating environment descriptor '/home/etnw/senior_design_ws/src/install/get_waypoints/share/get_waypoints/hook/pythonpath.dsv'
[0.996s] INFO:colcon.colcon_core.shell:Creating environment hook '/home/etnw/senior_design_ws/src/install/get_waypoints/share/get_waypoints/hook/pythonpath.sh'
[0.996s] Level 1:colcon.colcon_core.environment:checking '/home/etnw/senior_design_ws/src/install/get_waypoints/bin'
[0.996s] Level 1:colcon.colcon_core.environment:create_environment_scripts_only(get_waypoints)
[0.996s] INFO:colcon.colcon_core.shell:Creating package script '/home/etnw/senior_design_ws/src/install/get_waypoints/share/get_waypoints/package.ps1'
[0.996s] INFO:colcon.colcon_core.shell:Creating package descriptor '/home/etnw/senior_design_ws/src/install/get_waypoints/share/get_waypoints/package.dsv'
[0.996s] INFO:colcon.colcon_core.shell:Creating package script '/home/etnw/senior_design_ws/src/install/get_waypoints/share/get_waypoints/package.sh'
[0.997s] INFO:colcon.colcon_core.shell:Creating package script '/home/etnw/senior_design_ws/src/install/get_waypoints/share/get_waypoints/package.bash'
[0.997s] INFO:colcon.colcon_core.shell:Creating package script '/home/etnw/senior_design_ws/src/install/get_waypoints/share/get_waypoints/package.zsh'
[0.997s] Level 1:colcon.colcon_core.environment:create_file_with_runtime_dependencies(/home/etnw/senior_design_ws/src/install/get_waypoints/share/colcon-core/packages/get_waypoints)
[0.998s] Level 1:colcon.colcon_core.environment:checking '/home/etnw/senior_design_ws/src/install/gps_publisher' for CMake module files
[0.999s] DEBUG:colcon.colcon_core.event_handler.log_command:Invoked command in '/home/etnw/senior_design_ws/src/gps_publisher' returned '0': PYTHONPATH=/home/etnw/senior_design_ws/src/build/gps_publisher/prefix_override:/usr/lib/python3/dist-packages/colcon_core/task/python/colcon_distutils_commands:/home/etnw/senior_design_ws/src/install/gps_publisher/lib/python3.10/site-packages:${PYTHONPATH} /usr/bin/python3 -W ignore:setup.py install is deprecated setup.py egg_info --egg-base ../build/gps_publisher build --build-base /home/etnw/senior_design_ws/src/build/gps_publisher/build install --record /home/etnw/senior_design_ws/src/build/gps_publisher/install.log --single-version-externally-managed install_data
[0.999s] Level 1:colcon.colcon_core.environment:checking '/home/etnw/senior_design_ws/src/install/gps_publisher' for CMake config files
[0.999s] Level 1:colcon.colcon_core.environment:checking '/home/etnw/senior_design_ws/src/install/gps_publisher/lib'
[0.999s] Level 1:colcon.colcon_core.environment:checking '/home/etnw/senior_design_ws/src/install/gps_publisher/bin'
[0.999s] Level 1:colcon.colcon_core.environment:checking '/home/etnw/senior_design_ws/src/install/gps_publisher/lib/pkgconfig/gps_publisher.pc'
[0.999s] Level 1:colcon.colcon_core.environment:checking '/home/etnw/senior_design_ws/src/install/gps_publisher/lib/python3.10/site-packages'
[1.002s] Level 1:colcon.colcon_core.shell:create_environment_hook('gps_publisher', 'pythonpath')
[1.002s] INFO:colcon.colcon_core.shell:Creating environment hook '/home/etnw/senior_design_ws/src/install/gps_publisher/share/gps_publisher/hook/pythonpath.ps1'
[1.002s] INFO:colcon.colcon_core.shell:Creating environment descriptor '/home/etnw/senior_design_ws/src/install/gps_publisher/share/gps_publisher/hook/pythonpath.dsv'
[1.002s] INFO:colcon.colcon_core.shell:Creating environment hook '/home/etnw/senior_design_ws/src/install/gps_publisher/share/gps_publisher/hook/pythonpath.sh'
[1.002s] Level 1:colcon.colcon_core.environment:checking '/home/etnw/senior_design_ws/src/install/gps_publisher/bin'
[1.002s] Level 1:colcon.colcon_core.environment:create_environment_scripts_only(gps_publisher)
[1.002s] INFO:colcon.colcon_core.shell:Creating package script '/home/etnw/senior_design_ws/src/install/gps_publisher/share/gps_publisher/package.ps1'
[1.003s] INFO:colcon.colcon_core.shell:Creating package descriptor '/home/etnw/senior_design_ws/src/install/gps_publisher/share/gps_publisher/package.dsv'
[1.003s] INFO:colcon.colcon_core.shell:Creating package script '/home/etnw/senior_design_ws/src/install/gps_publisher/share/gps_publisher/package.sh'
[1.003s] INFO:colcon.colcon_core.shell:Creating package script '/home/etnw/senior_design_ws/src/install/gps_publisher/share/gps_publisher/package.bash'
[1.003s] INFO:colcon.colcon_core.shell:Creating package script '/home/etnw/senior_design_ws/src/install/gps_publisher/share/gps_publisher/package.zsh'
[1.003s] Level 1:colcon.colcon_core.environment:create_file_with_runtime_dependencies(/home/etnw/senior_design_ws/src/install/gps_publisher/share/colcon-core/packages/gps_publisher)
[1.064s] DEBUG:colcon.colcon_core.event_handler.log_command:Invoking command in '/home/etnw/senior_design_ws/src/arduino_reader': AMENT_PREFIX_PATH=/home/etnw/senior_design_ws/src/install/custom_msg:${AMENT_PREFIX_PATH} CMAKE_PREFIX_PATH=/home/etnw/senior_design_ws/src/install/custom_msg:${CMAKE_PREFIX_PATH} LD_LIBRARY_PATH=/home/etnw/senior_design_ws/src/install/custom_msg/lib:${LD_LIBRARY_PATH} PYTHONPATH=/home/etnw/senior_design_ws/src/build/arduino_reader/prefix_override:/usr/lib/python3/dist-packages/colcon_core/task/python/colcon_distutils_commands:/home/etnw/senior_design_ws/src/install/arduino_reader/lib/python3.10/site-packages:/home/etnw/senior_design_ws/src/install/custom_msg/local/lib/python3.10/dist-packages:${PYTHONPATH} /usr/bin/python3 -W ignore:setup.py install is deprecated setup.py egg_info --egg-base ../build/arduino_reader build --build-base /home/etnw/senior_design_ws/src/build/arduino_reader/build install --record /home/etnw/senior_design_ws/src/build/arduino_reader/install.log --single-version-externally-managed install_data
[1.067s] DEBUG:colcon.colcon_core.event_handler.log_command:Invoking command in '/home/etnw/senior_design_ws/src/navigator': AMENT_PREFIX_PATH=/home/etnw/senior_design_ws/src/install/custom_msg:${AMENT_PREFIX_PATH} CMAKE_PREFIX_PATH=/home/etnw/senior_design_ws/src/install/custom_msg:${CMAKE_PREFIX_PATH} LD_LIBRARY_PATH=/home/etnw/senior_design_ws/src/install/custom_msg/lib:${LD_LIBRARY_PATH} PYTHONPATH=/home/etnw/senior_design_ws/src/build/navigator/prefix_override:/usr/lib/python3/dist-packages/colcon_core/task/python/colcon_distutils_commands:/home/etnw/senior_design_ws/src/install/navigator/lib/python3.10/site-packages:/home/etnw/senior_design_ws/src/install/custom_msg/local/lib/python3.10/dist-packages:${PYTHONPATH} /usr/bin/python3 -W ignore:setup.py install is deprecated setup.py egg_info --egg-base ../build/navigator build --build-base /home/etnw/senior_design_ws/src/build/navigator/build install --record /home/etnw/senior_design_ws/src/build/navigator/install.log --single-version-externally-managed install_data
[1.214s] Level 1:colcon.colcon_core.environment:checking '/home/etnw/senior_design_ws/src/install/navigator' for CMake module files
[1.214s] DEBUG:colcon.colcon_core.event_handler.log_command:Invoked command in '/home/etnw/senior_design_ws/src/navigator' returned '0': AMENT_PREFIX_PATH=/home/etnw/senior_design_ws/src/install/custom_msg:${AMENT_PREFIX_PATH} CMAKE_PREFIX_PATH=/home/etnw/senior_design_ws/src/install/custom_msg:${CMAKE_PREFIX_PATH} LD_LIBRARY_PATH=/home/etnw/senior_design_ws/src/install/custom_msg/lib:${LD_LIBRARY_PATH} PYTHONPATH=/home/etnw/senior_design_ws/src/build/navigator/prefix_override:/usr/lib/python3/dist-packages/colcon_core/task/python/colcon_distutils_commands:/home/etnw/senior_design_ws/src/install/navigator/lib/python3.10/site-packages:/home/etnw/senior_design_ws/src/install/custom_msg/local/lib/python3.10/dist-packages:${PYTHONPATH} /usr/bin/python3 -W ignore:setup.py install is deprecated setup.py egg_info --egg-base ../build/navigator build --build-base /home/etnw/senior_design_ws/src/build/navigator/build install --record /home/etnw/senior_design_ws/src/build/navigator/install.log --single-version-externally-managed install_data
[1.215s] Level 1:colcon.colcon_core.environment:checking '/home/etnw/senior_design_ws/src/install/navigator' for CMake config files
[1.215s] Level 1:colcon.colcon_core.environment:checking '/home/etnw/senior_design_ws/src/install/navigator/lib'
[1.215s] Level 1:colcon.colcon_core.environment:checking '/home/etnw/senior_design_ws/src/install/navigator/bin'
[1.215s] Level 1:colcon.colcon_core.environment:checking '/home/etnw/senior_design_ws/src/install/navigator/lib/pkgconfig/navigator.pc'
[1.215s] Level 1:colcon.colcon_core.environment:checking '/home/etnw/senior_design_ws/src/install/navigator/lib/python3.10/site-packages'
[1.215s] Level 1:colcon.colcon_core.shell:create_environment_hook('navigator', 'pythonpath')
[1.215s] INFO:colcon.colcon_core.shell:Creating environment hook '/home/etnw/senior_design_ws/src/install/navigator/share/navigator/hook/pythonpath.ps1'
[1.216s] INFO:colcon.colcon_core.shell:Creating environment descriptor '/home/etnw/senior_design_ws/src/install/navigator/share/navigator/hook/pythonpath.dsv'
[1.216s] INFO:colcon.colcon_core.shell:Creating environment hook '/home/etnw/senior_design_ws/src/install/navigator/share/navigator/hook/pythonpath.sh'
[1.216s] Level 1:colcon.colcon_core.environment:checking '/home/etnw/senior_design_ws/src/install/navigator/bin'
[1.216s] Level 1:colcon.colcon_core.environment:create_environment_scripts_only(navigator)
[1.216s] INFO:colcon.colcon_core.shell:Creating package script '/home/etnw/senior_design_ws/src/install/navigator/share/navigator/package.ps1'
[1.216s] INFO:colcon.colcon_core.shell:Creating package descriptor '/home/etnw/senior_design_ws/src/install/navigator/share/navigator/package.dsv'
[1.217s] INFO:colcon.colcon_core.shell:Creating package script '/home/etnw/senior_design_ws/src/install/navigator/share/navigator/package.sh'
[1.217s] INFO:colcon.colcon_core.shell:Creating package script '/home/etnw/senior_design_ws/src/install/navigator/share/navigator/package.bash'
[1.217s] INFO:colcon.colcon_core.shell:Creating package script '/home/etnw/senior_design_ws/src/install/navigator/share/navigator/package.zsh'
[1.217s] Level 1:colcon.colcon_core.environment:create_file_with_runtime_dependencies(/home/etnw/senior_design_ws/src/install/navigator/share/colcon-core/packages/navigator)
[1.229s] Level 1:colcon.colcon_core.environment:checking '/home/etnw/senior_design_ws/src/install/arduino_reader' for CMake module files
[1.230s] DEBUG:colcon.colcon_core.event_handler.log_command:Invoked command in '/home/etnw/senior_design_ws/src/arduino_reader' returned '0': AMENT_PREFIX_PATH=/home/etnw/senior_design_ws/src/install/custom_msg:${AMENT_PREFIX_PATH} CMAKE_PREFIX_PATH=/home/etnw/senior_design_ws/src/install/custom_msg:${CMAKE_PREFIX_PATH} LD_LIBRARY_PATH=/home/etnw/senior_design_ws/src/install/custom_msg/lib:${LD_LIBRARY_PATH} PYTHONPATH=/home/etnw/senior_design_ws/src/build/arduino_reader/prefix_override:/usr/lib/python3/dist-packages/colcon_core/task/python/colcon_distutils_commands:/home/etnw/senior_design_ws/src/install/arduino_reader/lib/python3.10/site-packages:/home/etnw/senior_design_ws/src/install/custom_msg/local/lib/python3.10/dist-packages:${PYTHONPATH} /usr/bin/python3 -W ignore:setup.py install is deprecated setup.py egg_info --egg-base ../build/arduino_reader build --build-base /home/etnw/senior_design_ws/src/build/arduino_reader/build install --record /home/etnw/senior_design_ws/src/build/arduino_reader/install.log --single-version-externally-managed install_data
[1.230s] Level 1:colcon.colcon_core.environment:checking '/home/etnw/senior_design_ws/src/install/arduino_reader' for CMake config files
[1.230s] Level 1:colcon.colcon_core.environment:checking '/home/etnw/senior_design_ws/src/install/arduino_reader/lib'
[1.230s] Level 1:colcon.colcon_core.environment:checking '/home/etnw/senior_design_ws/src/install/arduino_reader/bin'
[1.230s] Level 1:colcon.colcon_core.environment:checking '/home/etnw/senior_design_ws/src/install/arduino_reader/lib/pkgconfig/arduino_reader.pc'
[1.230s] Level 1:colcon.colcon_core.environment:checking '/home/etnw/senior_design_ws/src/install/arduino_reader/lib/python3.10/site-packages'
[1.231s] Level 1:colcon.colcon_core.shell:create_environment_hook('arduino_reader', 'pythonpath')
[1.231s] INFO:colcon.colcon_core.shell:Creating environment hook '/home/etnw/senior_design_ws/src/install/arduino_reader/share/arduino_reader/hook/pythonpath.ps1'
[1.231s] INFO:colcon.colcon_core.shell:Creating environment descriptor '/home/etnw/senior_design_ws/src/install/arduino_reader/share/arduino_reader/hook/pythonpath.dsv'
[1.231s] INFO:colcon.colcon_core.shell:Creating environment hook '/home/etnw/senior_design_ws/src/install/arduino_reader/share/arduino_reader/hook/pythonpath.sh'
[1.231s] Level 1:colcon.colcon_core.environment:checking '/home/etnw/senior_design_ws/src/install/arduino_reader/bin'
[1.231s] Level 1:colcon.colcon_core.environment:create_environment_scripts_only(arduino_reader)
[1.231s] INFO:colcon.colcon_core.shell:Creating package script '/home/etnw/senior_design_ws/src/install/arduino_reader/share/arduino_reader/package.ps1'
[1.232s] INFO:colcon.colcon_core.shell:Creating package descriptor '/home/etnw/senior_design_ws/src/install/arduino_reader/share/arduino_reader/package.dsv'
[1.232s] INFO:colcon.colcon_core.shell:Creating package script '/home/etnw/senior_design_ws/src/install/arduino_reader/share/arduino_reader/package.sh'
[1.232s] INFO:colcon.colcon_core.shell:Creating package script '/home/etnw/senior_design_ws/src/install/arduino_reader/share/arduino_reader/package.bash'
[1.232s] INFO:colcon.colcon_core.shell:Creating package script '/home/etnw/senior_design_ws/src/install/arduino_reader/share/arduino_reader/package.zsh'
[1.232s] Level 1:colcon.colcon_core.environment:create_file_with_runtime_dependencies(/home/etnw/senior_design_ws/src/install/arduino_reader/share/colcon-core/packages/arduino_reader)
[1.232s] DEBUG:colcon.colcon_parallel_executor.executor.parallel:closing loop
[1.232s] DEBUG:colcon.colcon_parallel_executor.executor.parallel:loop closed
[1.233s] DEBUG:colcon.colcon_parallel_executor.executor.parallel:run_until_complete finished with '0'
[1.233s] DEBUG:colcon.colcon_core.event_reactor:joining thread
[1.236s] INFO:colcon.colcon_core.plugin_system:Skipping extension 'colcon_notification.desktop_notification.terminal_notifier': Not used on non-Darwin systems
[1.236s] INFO:colcon.colcon_core.plugin_system:Skipping extension 'colcon_notification.desktop_notification.win32': Not used on non-Windows systems
[1.236s] INFO:colcon.colcon_notification.desktop_notification:Sending desktop notification using 'notify2'
[1.241s] DEBUG:colcon.colcon_core.event_reactor:joined thread
[1.241s] INFO:colcon.colcon_core.shell:Creating prefix script '/home/etnw/senior_design_ws/src/install/local_setup.ps1'
[1.242s] INFO:colcon.colcon_core.shell:Creating prefix util module '/home/etnw/senior_design_ws/src/install/_local_setup_util_ps1.py'
[1.242s] INFO:colcon.colcon_core.shell:Creating prefix chain script '/home/etnw/senior_design_ws/src/install/setup.ps1'
[1.243s] INFO:colcon.colcon_core.shell:Creating prefix script '/home/etnw/senior_design_ws/src/install/local_setup.sh'
[1.243s] INFO:colcon.colcon_core.shell:Creating prefix util module '/home/etnw/senior_design_ws/src/install/_local_setup_util_sh.py'
[1.243s] INFO:colcon.colcon_core.shell:Creating prefix chain script '/home/etnw/senior_design_ws/src/install/setup.sh'
[1.243s] INFO:colcon.colcon_core.shell:Creating prefix script '/home/etnw/senior_design_ws/src/install/local_setup.bash'
[1.244s] INFO:colcon.colcon_core.shell:Creating prefix chain script '/home/etnw/senior_design_ws/src/install/setup.bash'
[1.244s] INFO:colcon.colcon_core.shell:Creating prefix script '/home/etnw/senior_design_ws/src/install/local_setup.zsh'
[1.245s] INFO:colcon.colcon_core.shell:Creating prefix chain script '/home/etnw/senior_design_ws/src/install/setup.zsh'
