[0.664s] Invoking command in '/home/etnw/senior_design_ws/src/get_waypoints': PYTHONPATH=/home/etnw/senior_design_ws/src/build/get_waypoints/prefix_override:/usr/lib/python3/dist-packages/colcon_core/task/python/colcon_distutils_commands:/home/etnw/senior_design_ws/src/install/get_waypoints/lib/python3.10/site-packages:${PYTHONPATH} /usr/bin/python3 -W ignore:setup.py install is deprecated setup.py egg_info --egg-base ../build/get_waypoints build --build-base /home/etnw/senior_design_ws/src/build/get_waypoints/build install --record /home/etnw/senior_design_ws/src/build/get_waypoints/install.log --single-version-externally-managed install_data
[0.791s] running egg_info
[0.792s] writing ../build/get_waypoints/get_waypoints.egg-info/PKG-INFO
[0.792s] writing dependency_links to ../build/get_waypoints/get_waypoints.egg-info/dependency_links.txt
[0.792s] writing entry points to ../build/get_waypoints/get_waypoints.egg-info/entry_points.txt
[0.792s] writing requirements to ../build/get_waypoints/get_waypoints.egg-info/requires.txt
[0.792s] writing top-level names to ../build/get_waypoints/get_waypoints.egg-info/top_level.txt
[0.793s] reading manifest file '../build/get_waypoints/get_waypoints.egg-info/SOURCES.txt'
[0.793s] adding license file 'LICENSE'
[0.793s] writing manifest file '../build/get_waypoints/get_waypoints.egg-info/SOURCES.txt'
[0.794s] running build
[0.794s] running build_py
[0.794s] running install
[0.794s] running install_lib
[0.798s] running install_data
[0.798s] running install_egg_info
[0.798s] removing '/home/etnw/senior_design_ws/src/install/get_waypoints/lib/python3.10/site-packages/get_waypoints-0.0.0-py3.10.egg-info' (and everything under it)
[0.798s] Copying ../build/get_waypoints/get_waypoints.egg-info to /home/etnw/senior_design_ws/src/install/get_waypoints/lib/python3.10/site-packages/get_waypoints-0.0.0-py3.10.egg-info
[0.798s] running install_scripts
[0.806s] Installing waypoint_from_txt_node script to /home/etnw/senior_design_ws/src/install/get_waypoints/lib/get_waypoints
[0.807s] Installing waypoint_node script to /home/etnw/senior_design_ws/src/install/get_waypoints/lib/get_waypoints
[0.807s] writing list of installed files to '/home/etnw/senior_design_ws/src/build/get_waypoints/install.log'
[0.820s] Invoked command in '/home/etnw/senior_design_ws/src/get_waypoints' returned '0': PYTHONPATH=/home/etnw/senior_design_ws/src/build/get_waypoints/prefix_override:/usr/lib/python3/dist-packages/colcon_core/task/python/colcon_distutils_commands:/home/etnw/senior_design_ws/src/install/get_waypoints/lib/python3.10/site-packages:${PYTHONPATH} /usr/bin/python3 -W ignore:setup.py install is deprecated setup.py egg_info --egg-base ../build/get_waypoints build --build-base /home/etnw/senior_design_ws/src/build/get_waypoints/build install --record /home/etnw/senior_design_ws/src/build/get_waypoints/install.log --single-version-externally-managed install_data
