/home/etnw/senior_design_ws/src/install/navigator/lib/python3.10/site-packages/navigator/TeleOpLite.py
/home/etnw/senior_design_ws/src/install/navigator/lib/python3.10/site-packages/navigator/__init__.py
/home/etnw/senior_design_ws/src/install/navigator/lib/python3.10/site-packages/navigator/Log.py
/home/etnw/senior_design_ws/src/install/navigator/lib/python3.10/site-packages/navigator/navigation_node.py
/home/etnw/senior_design_ws/src/install/navigator/lib/python3.10/site-packages/navigator/TeleOp.py
/home/etnw/senior_design_ws/src/install/navigator/lib/python3.10/site-packages/navigator/navigation_node_no_GPS.py
/home/etnw/senior_design_ws/src/install/navigator/lib/python3.10/site-packages/navigator/kalman.py
/home/etnw/senior_design_ws/src/install/navigator/lib/python3.10/site-packages/navigator/DeadReck.py
/home/etnw/senior_design_ws/src/install/navigator/lib/python3.10/site-packages/navigator/sync.py
/home/etnw/senior_design_ws/src/install/navigator/lib/python3.10/site-packages/navigator/__pycache__/TeleOpLite.cpython-310.pyc
/home/etnw/senior_design_ws/src/install/navigator/lib/python3.10/site-packages/navigator/__pycache__/__init__.cpython-310.pyc
/home/etnw/senior_design_ws/src/install/navigator/lib/python3.10/site-packages/navigator/__pycache__/Log.cpython-310.pyc
/home/etnw/senior_design_ws/src/install/navigator/lib/python3.10/site-packages/navigator/__pycache__/navigation_node.cpython-310.pyc
/home/etnw/senior_design_ws/src/install/navigator/lib/python3.10/site-packages/navigator/__pycache__/TeleOp.cpython-310.pyc
/home/etnw/senior_design_ws/src/install/navigator/lib/python3.10/site-packages/navigator/__pycache__/navigation_node_no_GPS.cpython-310.pyc
/home/etnw/senior_design_ws/src/install/navigator/lib/python3.10/site-packages/navigator/__pycache__/kalman.cpython-310.pyc
/home/etnw/senior_design_ws/src/install/navigator/lib/python3.10/site-packages/navigator/__pycache__/DeadReck.cpython-310.pyc
/home/etnw/senior_design_ws/src/install/navigator/lib/python3.10/site-packages/navigator/__pycache__/sync.cpython-310.pyc
/home/etnw/senior_design_ws/src/install/navigator/share/ament_index/resource_index/packages/navigator
/home/etnw/senior_design_ws/src/install/navigator/share/navigator/package.xml
/home/etnw/senior_design_ws/src/install/navigator/lib/python3.10/site-packages/navigator-0.0.0-py3.10.egg-info/entry_points.txt
/home/etnw/senior_design_ws/src/install/navigator/lib/python3.10/site-packages/navigator-0.0.0-py3.10.egg-info/requires.txt
/home/etnw/senior_design_ws/src/install/navigator/lib/python3.10/site-packages/navigator-0.0.0-py3.10.egg-info/PKG-INFO
/home/etnw/senior_design_ws/src/install/navigator/lib/python3.10/site-packages/navigator-0.0.0-py3.10.egg-info/dependency_links.txt
/home/etnw/senior_design_ws/src/install/navigator/lib/python3.10/site-packages/navigator-0.0.0-py3.10.egg-info/top_level.txt
/home/etnw/senior_design_ws/src/install/navigator/lib/python3.10/site-packages/navigator-0.0.0-py3.10.egg-info/zip-safe
/home/etnw/senior_design_ws/src/install/navigator/lib/python3.10/site-packages/navigator-0.0.0-py3.10.egg-info/SOURCES.txt
/home/etnw/senior_design_ws/src/install/navigator/lib/navigator/DeadReck
/home/etnw/senior_design_ws/src/install/navigator/lib/navigator/Log
/home/etnw/senior_design_ws/src/install/navigator/lib/navigator/Sync
/home/etnw/senior_design_ws/src/install/navigator/lib/navigator/TeleOp
/home/etnw/senior_design_ws/src/install/navigator/lib/navigator/TeleOpLite
/home/etnw/senior_design_ws/src/install/navigator/lib/navigator/kalman
/home/etnw/senior_design_ws/src/install/navigator/lib/navigator/navigation_node
/home/etnw/senior_design_ws/src/install/navigator/lib/navigator/navigation_node_no_GPS
