running egg_info
creating ../build/navigator/navigator.egg-info
writing ../build/navigator/navigator.egg-info/PKG-INFO
writing dependency_links to ../build/navigator/navigator.egg-info/dependency_links.txt
writing entry points to ../build/navigator/navigator.egg-info/entry_points.txt
writing requirements to ../build/navigator/navigator.egg-info/requires.txt
writing top-level names to ../build/navigator/navigator.egg-info/top_level.txt
writing manifest file '../build/navigator/navigator.egg-info/SOURCES.txt'
reading manifest file '../build/navigator/navigator.egg-info/SOURCES.txt'
adding license file 'LICENSE'
writing manifest file '../build/navigator/navigator.egg-info/SOURCES.txt'
running build
running build_py
creating /home/etnw/senior_design_ws/src/build/navigator/build
creating /home/etnw/senior_design_ws/src/build/navigator/build/lib
creating /home/etnw/senior_design_ws/src/build/navigator/build/lib/navigator
copying navigator/TeleOpLite.py -> /home/etnw/senior_design_ws/src/build/navigator/build/lib/navigator
copying navigator/__init__.py -> /home/etnw/senior_design_ws/src/build/navigator/build/lib/navigator
copying navigator/Log.py -> /home/etnw/senior_design_ws/src/build/navigator/build/lib/navigator
copying navigator/navigation_node.py -> /home/etnw/senior_design_ws/src/build/navigator/build/lib/navigator
copying navigator/TeleOp.py -> /home/etnw/senior_design_ws/src/build/navigator/build/lib/navigator
copying navigator/navigation_node_no_GPS.py -> /home/etnw/senior_design_ws/src/build/navigator/build/lib/navigator
copying navigator/kalman.py -> /home/etnw/senior_design_ws/src/build/navigator/build/lib/navigator
copying navigator/DeadReck.py -> /home/etnw/senior_design_ws/src/build/navigator/build/lib/navigator
copying navigator/sync.py -> /home/etnw/senior_design_ws/src/build/navigator/build/lib/navigator
running install
running install_lib
creating /home/etnw/senior_design_ws/src/install/navigator/lib/python3.10/site-packages/navigator
copying /home/etnw/senior_design_ws/src/build/navigator/build/lib/navigator/TeleOpLite.py -> /home/etnw/senior_design_ws/src/install/navigator/lib/python3.10/site-packages/navigator
copying /home/etnw/senior_design_ws/src/build/navigator/build/lib/navigator/__init__.py -> /home/etnw/senior_design_ws/src/install/navigator/lib/python3.10/site-packages/navigator
copying /home/etnw/senior_design_ws/src/build/navigator/build/lib/navigator/Log.py -> /home/etnw/senior_design_ws/src/install/navigator/lib/python3.10/site-packages/navigator
copying /home/etnw/senior_design_ws/src/build/navigator/build/lib/navigator/navigation_node.py -> /home/etnw/senior_design_ws/src/install/navigator/lib/python3.10/site-packages/navigator
copying /home/etnw/senior_design_ws/src/build/navigator/build/lib/navigator/TeleOp.py -> /home/etnw/senior_design_ws/src/install/navigator/lib/python3.10/site-packages/navigator
copying /home/etnw/senior_design_ws/src/build/navigator/build/lib/navigator/navigation_node_no_GPS.py -> /home/etnw/senior_design_ws/src/install/navigator/lib/python3.10/site-packages/navigator
copying /home/etnw/senior_design_ws/src/build/navigator/build/lib/navigator/kalman.py -> /home/etnw/senior_design_ws/src/install/navigator/lib/python3.10/site-packages/navigator
copying /home/etnw/senior_design_ws/src/build/navigator/build/lib/navigator/DeadReck.py -> /home/etnw/senior_design_ws/src/install/navigator/lib/python3.10/site-packages/navigator
copying /home/etnw/senior_design_ws/src/build/navigator/build/lib/navigator/sync.py -> /home/etnw/senior_design_ws/src/install/navigator/lib/python3.10/site-packages/navigator
byte-compiling /home/etnw/senior_design_ws/src/install/navigator/lib/python3.10/site-packages/navigator/TeleOpLite.py to TeleOpLite.cpython-310.pyc
byte-compiling /home/etnw/senior_design_ws/src/install/navigator/lib/python3.10/site-packages/navigator/__init__.py to __init__.cpython-310.pyc
byte-compiling /home/etnw/senior_design_ws/src/install/navigator/lib/python3.10/site-packages/navigator/Log.py to Log.cpython-310.pyc
byte-compiling /home/etnw/senior_design_ws/src/install/navigator/lib/python3.10/site-packages/navigator/navigation_node.py to navigation_node.cpython-310.pyc
byte-compiling /home/etnw/senior_design_ws/src/install/navigator/lib/python3.10/site-packages/navigator/TeleOp.py to TeleOp.cpython-310.pyc
byte-compiling /home/etnw/senior_design_ws/src/install/navigator/lib/python3.10/site-packages/navigator/navigation_node_no_GPS.py to navigation_node_no_GPS.cpython-310.pyc
byte-compiling /home/etnw/senior_design_ws/src/install/navigator/lib/python3.10/site-packages/navigator/kalman.py to kalman.cpython-310.pyc
byte-compiling /home/etnw/senior_design_ws/src/install/navigator/lib/python3.10/site-packages/navigator/DeadReck.py to DeadReck.cpython-310.pyc
byte-compiling /home/etnw/senior_design_ws/src/install/navigator/lib/python3.10/site-packages/navigator/sync.py to sync.cpython-310.pyc
running install_data
creating /home/etnw/senior_design_ws/src/install/navigator/share/ament_index
creating /home/etnw/senior_design_ws/src/install/navigator/share/ament_index/resource_index
creating /home/etnw/senior_design_ws/src/install/navigator/share/ament_index/resource_index/packages
copying resource/navigator -> /home/etnw/senior_design_ws/src/install/navigator/share/ament_index/resource_index/packages
copying package.xml -> /home/etnw/senior_design_ws/src/install/navigator/share/navigator
running install_egg_info
Copying ../build/navigator/navigator.egg-info to /home/etnw/senior_design_ws/src/install/navigator/lib/python3.10/site-packages/navigator-0.0.0-py3.10.egg-info
running install_scripts
Installing DeadReck script to /home/etnw/senior_design_ws/src/install/navigator/lib/navigator
Installing Log script to /home/etnw/senior_design_ws/src/install/navigator/lib/navigator
Installing Sync script to /home/etnw/senior_design_ws/src/install/navigator/lib/navigator
Installing TeleOp script to /home/etnw/senior_design_ws/src/install/navigator/lib/navigator
Installing TeleOpLite script to /home/etnw/senior_design_ws/src/install/navigator/lib/navigator
Installing kalman script to /home/etnw/senior_design_ws/src/install/navigator/lib/navigator
Installing navigation_node script to /home/etnw/senior_design_ws/src/install/navigator/lib/navigator
Installing navigation_node_no_GPS script to /home/etnw/senior_design_ws/src/install/navigator/lib/navigator
writing list of installed files to '/home/etnw/senior_design_ws/src/build/navigator/install.log'
