running egg_info
creating ../build/get_waypoints/get_waypoints.egg-info
writing ../build/get_waypoints/get_waypoints.egg-info/PKG-INFO
writing dependency_links to ../build/get_waypoints/get_waypoints.egg-info/dependency_links.txt
writing entry points to ../build/get_waypoints/get_waypoints.egg-info/entry_points.txt
writing requirements to ../build/get_waypoints/get_waypoints.egg-info/requires.txt
writing top-level names to ../build/get_waypoints/get_waypoints.egg-info/top_level.txt
writing manifest file '../build/get_waypoints/get_waypoints.egg-info/SOURCES.txt'
reading manifest file '../build/get_waypoints/get_waypoints.egg-info/SOURCES.txt'
adding license file 'LICENSE'
writing manifest file '../build/get_waypoints/get_waypoints.egg-info/SOURCES.txt'
running build
running build_py
creating /home/etnw/senior_design_ws/src/build/get_waypoints/build
creating /home/etnw/senior_design_ws/src/build/get_waypoints/build/lib
creating /home/etnw/senior_design_ws/src/build/get_waypoints/build/lib/get_waypoints
copying get_waypoints/__init__.py -> /home/etnw/senior_design_ws/src/build/get_waypoints/build/lib/get_waypoints
copying get_waypoints/waypoint_node.py -> /home/etnw/senior_design_ws/src/build/get_waypoints/build/lib/get_waypoints
copying get_waypoints/waypoint_from_txt_node.py -> /home/etnw/senior_design_ws/src/build/get_waypoints/build/lib/get_waypoints
running install
running install_lib
creating /home/etnw/senior_design_ws/src/install/get_waypoints/lib/python3.10/site-packages/get_waypoints
copying /home/etnw/senior_design_ws/src/build/get_waypoints/build/lib/get_waypoints/__init__.py -> /home/etnw/senior_design_ws/src/install/get_waypoints/lib/python3.10/site-packages/get_waypoints
copying /home/etnw/senior_design_ws/src/build/get_waypoints/build/lib/get_waypoints/waypoint_node.py -> /home/etnw/senior_design_ws/src/install/get_waypoints/lib/python3.10/site-packages/get_waypoints
copying /home/etnw/senior_design_ws/src/build/get_waypoints/build/lib/get_waypoints/waypoint_from_txt_node.py -> /home/etnw/senior_design_ws/src/install/get_waypoints/lib/python3.10/site-packages/get_waypoints
byte-compiling /home/etnw/senior_design_ws/src/install/get_waypoints/lib/python3.10/site-packages/get_waypoints/__init__.py to __init__.cpython-310.pyc
byte-compiling /home/etnw/senior_design_ws/src/install/get_waypoints/lib/python3.10/site-packages/get_waypoints/waypoint_node.py to waypoint_node.cpython-310.pyc
byte-compiling /home/etnw/senior_design_ws/src/install/get_waypoints/lib/python3.10/site-packages/get_waypoints/waypoint_from_txt_node.py to waypoint_from_txt_node.cpython-310.pyc
running install_data
creating /home/etnw/senior_design_ws/src/install/get_waypoints/share/ament_index
creating /home/etnw/senior_design_ws/src/install/get_waypoints/share/ament_index/resource_index
creating /home/etnw/senior_design_ws/src/install/get_waypoints/share/ament_index/resource_index/packages
copying resource/get_waypoints -> /home/etnw/senior_design_ws/src/install/get_waypoints/share/ament_index/resource_index/packages
copying package.xml -> /home/etnw/senior_design_ws/src/install/get_waypoints/share/get_waypoints
running install_egg_info
Copying ../build/get_waypoints/get_waypoints.egg-info to /home/etnw/senior_design_ws/src/install/get_waypoints/lib/python3.10/site-packages/get_waypoints-0.0.0-py3.10.egg-info
running install_scripts
Installing waypoint_from_txt_node script to /home/etnw/senior_design_ws/src/install/get_waypoints/lib/get_waypoints
Installing waypoint_node script to /home/etnw/senior_design_ws/src/install/get_waypoints/lib/get_waypoints
writing list of installed files to '/home/etnw/senior_design_ws/src/build/get_waypoints/install.log'
