[0.669s] Invoking command in '/home/etnw/senior_design_ws/src/get_waypoints': PYTHONPATH=/home/etnw/senior_design_ws/src/build/get_waypoints/prefix_override:/usr/lib/python3/dist-packages/colcon_core/task/python/colcon_distutils_commands:/home/etnw/senior_design_ws/src/install/get_waypoints/lib/python3.10/site-packages:${PYTHONPATH} /usr/bin/python3 -W ignore:setup.py install is deprecated setup.py egg_info --egg-base ../build/get_waypoints build --build-base /home/etnw/senior_design_ws/src/build/get_waypoints/build install --record /home/etnw/senior_design_ws/src/build/get_waypoints/install.log --single-version-externally-managed install_data
[0.780s] running egg_info
[0.781s] creating ../build/get_waypoints/get_waypoints.egg-info
[0.781s] writing ../build/get_waypoints/get_waypoints.egg-info/PKG-INFO
[0.781s] writing dependency_links to ../build/get_waypoints/get_waypoints.egg-info/dependency_links.txt
[0.781s] writing entry points to ../build/get_waypoints/get_waypoints.egg-info/entry_points.txt
[0.781s] writing requirements to ../build/get_waypoints/get_waypoints.egg-info/requires.txt
[0.781s] writing top-level names to ../build/get_waypoints/get_waypoints.egg-info/top_level.txt
[0.781s] writing manifest file '../build/get_waypoints/get_waypoints.egg-info/SOURCES.txt'
[0.782s] reading manifest file '../build/get_waypoints/get_waypoints.egg-info/SOURCES.txt'
[0.782s] adding license file 'LICENSE'
[0.783s] writing manifest file '../build/get_waypoints/get_waypoints.egg-info/SOURCES.txt'
[0.783s] running build
[0.783s] running build_py
[0.783s] creating /home/etnw/senior_design_ws/src/build/get_waypoints/build
[0.783s] creating /home/etnw/senior_design_ws/src/build/get_waypoints/build/lib
[0.783s] creating /home/etnw/senior_design_ws/src/build/get_waypoints/build/lib/get_waypoints
[0.783s] copying get_waypoints/__init__.py -> /home/etnw/senior_design_ws/src/build/get_waypoints/build/lib/get_waypoints
[0.783s] copying get_waypoints/waypoint_node.py -> /home/etnw/senior_design_ws/src/build/get_waypoints/build/lib/get_waypoints
[0.783s] copying get_waypoints/waypoint_from_txt_node.py -> /home/etnw/senior_design_ws/src/build/get_waypoints/build/lib/get_waypoints
[0.783s] running install
[0.784s] running install_lib
[0.784s] creating /home/etnw/senior_design_ws/src/install/get_waypoints/lib/python3.10/site-packages/get_waypoints
[0.784s] copying /home/etnw/senior_design_ws/src/build/get_waypoints/build/lib/get_waypoints/__init__.py -> /home/etnw/senior_design_ws/src/install/get_waypoints/lib/python3.10/site-packages/get_waypoints
[0.784s] copying /home/etnw/senior_design_ws/src/build/get_waypoints/build/lib/get_waypoints/waypoint_node.py -> /home/etnw/senior_design_ws/src/install/get_waypoints/lib/python3.10/site-packages/get_waypoints
[0.784s] copying /home/etnw/senior_design_ws/src/build/get_waypoints/build/lib/get_waypoints/waypoint_from_txt_node.py -> /home/etnw/senior_design_ws/src/install/get_waypoints/lib/python3.10/site-packages/get_waypoints
[0.784s] byte-compiling /home/etnw/senior_design_ws/src/install/get_waypoints/lib/python3.10/site-packages/get_waypoints/__init__.py to __init__.cpython-310.pyc
[0.785s] byte-compiling /home/etnw/senior_design_ws/src/install/get_waypoints/lib/python3.10/site-packages/get_waypoints/waypoint_node.py to waypoint_node.cpython-310.pyc
[0.785s] byte-compiling /home/etnw/senior_design_ws/src/install/get_waypoints/lib/python3.10/site-packages/get_waypoints/waypoint_from_txt_node.py to waypoint_from_txt_node.cpython-310.pyc
[0.785s] running install_data
[0.785s] creating /home/etnw/senior_design_ws/src/install/get_waypoints/share/ament_index
[0.786s] creating /home/etnw/senior_design_ws/src/install/get_waypoints/share/ament_index/resource_index
[0.786s] creating /home/etnw/senior_design_ws/src/install/get_waypoints/share/ament_index/resource_index/packages
[0.786s] copying resource/get_waypoints -> /home/etnw/senior_design_ws/src/install/get_waypoints/share/ament_index/resource_index/packages
[0.786s] copying package.xml -> /home/etnw/senior_design_ws/src/install/get_waypoints/share/get_waypoints
[0.786s] running install_egg_info
[0.787s] Copying ../build/get_waypoints/get_waypoints.egg-info to /home/etnw/senior_design_ws/src/install/get_waypoints/lib/python3.10/site-packages/get_waypoints-0.0.0-py3.10.egg-info
[0.787s] running install_scripts
[0.799s] Installing waypoint_from_txt_node script to /home/etnw/senior_design_ws/src/install/get_waypoints/lib/get_waypoints
[0.799s] Installing waypoint_node script to /home/etnw/senior_design_ws/src/install/get_waypoints/lib/get_waypoints
[0.799s] writing list of installed files to '/home/etnw/senior_design_ws/src/build/get_waypoints/install.log'
[0.812s] Invoked command in '/home/etnw/senior_design_ws/src/get_waypoints' returned '0': PYTHONPATH=/home/etnw/senior_design_ws/src/build/get_waypoints/prefix_override:/usr/lib/python3/dist-packages/colcon_core/task/python/colcon_distutils_commands:/home/etnw/senior_design_ws/src/install/get_waypoints/lib/python3.10/site-packages:${PYTHONPATH} /usr/bin/python3 -W ignore:setup.py install is deprecated setup.py egg_info --egg-base ../build/get_waypoints build --build-base /home/etnw/senior_design_ws/src/build/get_waypoints/build install --record /home/etnw/senior_design_ws/src/build/get_waypoints/install.log --single-version-externally-managed install_data
