running egg_info
writing ../build/arduino_reader/arduino_reader.egg-info/PKG-INFO
writing dependency_links to ../build/arduino_reader/arduino_reader.egg-info/dependency_links.txt
writing entry points to ../build/arduino_reader/arduino_reader.egg-info/entry_points.txt
writing requirements to ../build/arduino_reader/arduino_reader.egg-info/requires.txt
writing top-level names to ../build/arduino_reader/arduino_reader.egg-info/top_level.txt
reading manifest file '../build/arduino_reader/arduino_reader.egg-info/SOURCES.txt'
adding license file 'LICENSE'
writing manifest file '../build/arduino_reader/arduino_reader.egg-info/SOURCES.txt'
running build
running build_py
running install
running install_lib
running install_data
running install_egg_info
removing '/home/etnw/senior_design_ws/src/install/arduino_reader/lib/python3.10/site-packages/arduino_reader-0.0.0-py3.10.egg-info' (and everything under it)
Copying ../build/arduino_reader/arduino_reader.egg-info to /home/etnw/senior_design_ws/src/install/arduino_reader/lib/python3.10/site-packages/arduino_reader-0.0.0-py3.10.egg-info
running install_scripts
Installing arduino_serial_node script to /home/etnw/senior_design_ws/src/install/arduino_reader/lib/arduino_reader
writing list of installed files to '/home/etnw/senior_design_ws/src/build/arduino_reader/install.log'
