[0.502s] Invoking command in '/home/etnw/senior_design_ws/src/arduino_reader': AMENT_PREFIX_PATH=/home/etnw/senior_design_ws/src/install/custom_msg:${AMENT_PREFIX_PATH} CMAKE_PREFIX_PATH=/home/etnw/senior_design_ws/src/install/custom_msg:${CMAKE_PREFIX_PATH} LD_LIBRARY_PATH=/home/etnw/senior_design_ws/src/install/custom_msg/lib:${LD_LIBRARY_PATH} PYTHONPATH=/home/etnw/senior_design_ws/src/build/arduino_reader/prefix_override:/usr/lib/python3/dist-packages/colcon_core/task/python/colcon_distutils_commands:/home/etnw/senior_design_ws/src/install/arduino_reader/lib/python3.10/site-packages:/home/etnw/senior_design_ws/src/install/custom_msg/local/lib/python3.10/dist-packages:${PYTHONPATH} /usr/bin/python3 -W ignore:setup.py install is deprecated setup.py egg_info --egg-base ../build/arduino_reader build --build-base /home/etnw/senior_design_ws/src/build/arduino_reader/build install --record /home/etnw/senior_design_ws/src/build/arduino_reader/install.log --single-version-externally-managed install_data
[0.621s] running egg_info
[0.621s] writing ../build/arduino_reader/arduino_reader.egg-info/PKG-INFO
[0.621s] writing dependency_links to ../build/arduino_reader/arduino_reader.egg-info/dependency_links.txt
[0.621s] writing entry points to ../build/arduino_reader/arduino_reader.egg-info/entry_points.txt
[0.621s] writing requirements to ../build/arduino_reader/arduino_reader.egg-info/requires.txt
[0.621s] writing top-level names to ../build/arduino_reader/arduino_reader.egg-info/top_level.txt
[0.622s] reading manifest file '../build/arduino_reader/arduino_reader.egg-info/SOURCES.txt'
[0.622s] adding license file 'LICENSE'
[0.623s] writing manifest file '../build/arduino_reader/arduino_reader.egg-info/SOURCES.txt'
[0.623s] running build
[0.623s] running build_py
[0.623s] running install
[0.623s] running install_lib
[0.624s] running install_data
[0.624s] running install_egg_info
[0.625s] removing '/home/etnw/senior_design_ws/src/install/arduino_reader/lib/python3.10/site-packages/arduino_reader-0.0.0-py3.10.egg-info' (and everything under it)
[0.635s] Copying ../build/arduino_reader/arduino_reader.egg-info to /home/etnw/senior_design_ws/src/install/arduino_reader/lib/python3.10/site-packages/arduino_reader-0.0.0-py3.10.egg-info
[0.635s] running install_scripts
[0.646s] Installing arduino_serial_node script to /home/etnw/senior_design_ws/src/install/arduino_reader/lib/arduino_reader
[0.646s] writing list of installed files to '/home/etnw/senior_design_ws/src/build/arduino_reader/install.log'
[0.668s] Invoked command in '/home/etnw/senior_design_ws/src/arduino_reader' returned '0': AMENT_PREFIX_PATH=/home/etnw/senior_design_ws/src/install/custom_msg:${AMENT_PREFIX_PATH} CMAKE_PREFIX_PATH=/home/etnw/senior_design_ws/src/install/custom_msg:${CMAKE_PREFIX_PATH} LD_LIBRARY_PATH=/home/etnw/senior_design_ws/src/install/custom_msg/lib:${LD_LIBRARY_PATH} PYTHONPATH=/home/etnw/senior_design_ws/src/build/arduino_reader/prefix_override:/usr/lib/python3/dist-packages/colcon_core/task/python/colcon_distutils_commands:/home/etnw/senior_design_ws/src/install/arduino_reader/lib/python3.10/site-packages:/home/etnw/senior_design_ws/src/install/custom_msg/local/lib/python3.10/dist-packages:${PYTHONPATH} /usr/bin/python3 -W ignore:setup.py install is deprecated setup.py egg_info --egg-base ../build/arduino_reader build --build-base /home/etnw/senior_design_ws/src/build/arduino_reader/build install --record /home/etnw/senior_design_ws/src/build/arduino_reader/install.log --single-version-externally-managed install_data
