[  2%] Built target custom_msg__cpp
[ 12%] Built target custom_msg__rosidl_generator_c
[ 12%] Built target ament_cmake_python_copy_custom_msg
[ 23%] Built target custom_msg__rosidl_typesupport_cpp
[ 34%] Built target custom_msg__rosidl_typesupport_introspection_cpp
[ 46%] Built target custom_msg__rosidl_typesupport_fastrtps_cpp
[ 55%] Built target custom_msg__rosidl_typesupport_fastrtps_c
[ 65%] Built target custom_msg__rosidl_typesupport_c
[ 76%] Built target custom_msg__rosidl_typesupport_introspection_c
[ 76%] Built target custom_msg
[ 78%] Built target custom_msg__py
[ 87%] Built target custom_msg__rosidl_generator_py
[ 91%] Built target custom_msg__rosidl_typesupport_introspection_c__pyext
[ 97%] Built target custom_msg__rosidl_typesupport_fastrtps_c__pyext
[100%] Built target custom_msg__rosidl_typesupport_c__pyext
running egg_info
writing custom_msg.egg-info/PKG-INFO
writing dependency_links to custom_msg.egg-info/dependency_links.txt
writing top-level names to custom_msg.egg-info/top_level.txt
reading manifest file 'custom_msg.egg-info/SOURCES.txt'
writing manifest file 'custom_msg.egg-info/SOURCES.txt'
[100%] Built target ament_cmake_python_build_custom_msg_egg
