[0.010s] Invoking command in '/home/etnw/senior_design_ws/src/build/custom_msg': CMAKE_PREFIX_PATH=${CMAKE_PREFIX_PATH}:/home/etnw/senior_design_ws/install/navigator:/home/etnw/senior_design_ws/install/gps_publisher:/home/etnw/senior_design_ws/install/get_waypoints:/home/etnw/senior_design_ws/install/arduino_reader:/opt/ros/humble /usr/bin/cmake --build /home/etnw/senior_design_ws/src/build/custom_msg -- -j6 -l6
[0.155s] [  2%] Built target custom_msg__cpp
[0.155s] [ 12%] Built target custom_msg__rosidl_generator_c
[0.155s] [ 12%] Built target ament_cmake_python_copy_custom_msg
[0.155s] [ 23%] Built target custom_msg__rosidl_typesupport_cpp
[0.155s] [ 34%] Built target custom_msg__rosidl_typesupport_introspection_cpp
[0.155s] [ 46%] Built target custom_msg__rosidl_typesupport_fastrtps_cpp
[0.155s] [ 55%] Built target custom_msg__rosidl_typesupport_fastrtps_c
[0.155s] [ 65%] Built target custom_msg__rosidl_typesupport_c
[0.155s] [ 76%] Built target custom_msg__rosidl_typesupport_introspection_c
[0.155s] [ 76%] Built target custom_msg
[0.155s] [ 78%] Built target custom_msg__py
[0.155s] [ 87%] Built target custom_msg__rosidl_generator_py
[0.155s] [ 91%] Built target custom_msg__rosidl_typesupport_introspection_c__pyext
[0.155s] [ 97%] Built target custom_msg__rosidl_typesupport_fastrtps_c__pyext
[0.155s] [100%] Built target custom_msg__rosidl_typesupport_c__pyext
[0.162s] running egg_info
[0.162s] writing custom_msg.egg-info/PKG-INFO
[0.162s] writing dependency_links to custom_msg.egg-info/dependency_links.txt
[0.162s] writing top-level names to custom_msg.egg-info/top_level.txt
[0.170s] reading manifest file 'custom_msg.egg-info/SOURCES.txt'
[0.170s] writing manifest file 'custom_msg.egg-info/SOURCES.txt'
[0.185s] [100%] Built target ament_cmake_python_build_custom_msg_egg
